<?xml version="1.0" encoding="UTF-8"?>
<testsuite xmlns:xsi="http://www.w3.org/2001/XMLSchema-instance" xsi:noNamespaceSchemaLocation="https://maven.apache.org/surefire/maven-surefire-plugin/xsd/surefire-test-report-3.0.xsd" version="3.0" name="TestSuite" time="83.8" tests="2" errors="0" skipped="0" failures="2">
  <properties>
    <property name="sun.desktop" value="windows"/>
    <property name="awt.toolkit" value="sun.awt.windows.WToolkit"/>
    <property name="java.specification.version" value="10"/>
    <property name="file.encoding.pkg" value="sun.io"/>
    <property name="sun.cpu.isalist" value="amd64"/>
    <property name="sun.jnu.encoding" value="Cp1252"/>
    <property name="java.class.path" value="C:\Users\Qadir\eclipse-workspace\Selenium Udemy\CucumberFramework- TestNG\target\test-classes;C:\Users\Qadir\eclipse-workspace\Selenium Udemy\CucumberFramework- TestNG\target\classes;C:\Users\Qadir\.m2\repository\de\monochromata\cucumber\reporting-plugin\4.0.103\reporting-plugin-4.0.103.jar;C:\Users\Qadir\.m2\repository\io\cucumber\cucumber-core\6.10.2\cucumber-core-6.10.2.jar;C:\Users\Qadir\.m2\repository\io\cucumber\cucumber-gherkin\6.10.2\cucumber-gherkin-6.10.2.jar;C:\Users\Qadir\.m2\repository\io\cucumber\cucumber-gherkin-messages\6.10.2\cucumber-gherkin-messages-6.10.2.jar;C:\Users\Qadir\.m2\repository\io\cucumber\messages\14.0.1\messages-14.0.1.jar;C:\Users\Qadir\.m2\repository\io\cucumber\tag-expressions\3.0.0\tag-expressions-3.0.0.jar;C:\Users\Qadir\.m2\repository\io\cucumber\cucumber-expressions\10.3.0\cucumber-expressions-10.3.0.jar;C:\Users\Qadir\.m2\repository\io\cucumber\datatable\3.5.0\datatable-3.5.0.jar;C:\Users\Qadir\.m2\repository\io\cucumber\cucumber-plugin\6.10.2\cucumber-plugin-6.10.2.jar;C:\Users\Qadir\.m2\repository\io\cucumber\docstring\6.10.2\docstring-6.10.2.jar;C:\Users\Qadir\.m2\repository\io\cucumber\html-formatter\12.0.0\html-formatter-12.0.0.jar;C:\Users\Qadir\.m2\repository\io\cucumber\create-meta\3.0.0\create-meta-3.0.0.jar;C:\Users\Qadir\.m2\repository\io\cucumber\gherkin\17.0.2\gherkin-17.0.2.jar;C:\Users\Qadir\.m2\repository\net\masterthought\cucumber-reporting\5.5.3\cucumber-reporting-5.5.3.jar;C:\Users\Qadir\.m2\repository\com\fasterxml\jackson\core\jackson-databind\2.12.1\jackson-databind-2.12.1.jar;C:\Users\Qadir\.m2\repository\com\fasterxml\jackson\core\jackson-annotations\2.12.1\jackson-annotations-2.12.1.jar;C:\Users\Qadir\.m2\repository\com\fasterxml\jackson\core\jackson-core\2.12.1\jackson-core-2.12.1.jar;C:\Users\Qadir\.m2\repository\com\fasterxml\jackson\datatype\jackson-datatype-jsr310\2.12.1\jackson-datatype-jsr310-2.12.1.jar;C:\Users\Qadir\.m2\repository\org\apache\velocity\velocity-engine-core\2.2\velocity-engine-core-2.2.jar;C:\Users\Qadir\.m2\repository\commons-collections\commons-collections\3.2.2\commons-collections-3.2.2.jar;C:\Users\Qadir\.m2\repository\joda-time\joda-time\2.10.9\joda-time-2.10.9.jar;C:\Users\Qadir\.m2\repository\org\codehaus\plexus\plexus-utils\3.3.0\plexus-utils-3.3.0.jar;C:\Users\Qadir\.m2\repository\org\jsoup\jsoup\1.13.1\jsoup-1.13.1.jar;C:\Users\Qadir\.m2\repository\com\googlecode\owasp-java-html-sanitizer\owasp-java-html-sanitizer\20200713.1\owasp-java-html-sanitizer-20200713.1.jar;C:\Users\Qadir\.m2\repository\commons-configuration\commons-configuration\1.10\commons-configuration-1.10.jar;C:\Users\Qadir\.m2\repository\commons-lang\commons-lang\2.6\commons-lang-2.6.jar;C:\Users\Qadir\.m2\repository\io\cucumber\cucumber-testng\6.10.4\cucumber-testng-6.10.4.jar;C:\Users\Qadir\.m2\repository\org\apiguardian\apiguardian-api\1.1.1\apiguardian-api-1.1.1.jar;C:\Users\Qadir\.m2\repository\junit\junit\4.11\junit-4.11.jar;C:\Users\Qadir\.m2\repository\org\hamcrest\hamcrest-core\1.3\hamcrest-core-1.3.jar;C:\Users\Qadir\.m2\repository\io\cucumber\cucumber-java\6.10.4\cucumber-java-6.10.4.jar;C:\Users\Qadir\.m2\repository\commons-codec\commons-codec\1.15\commons-codec-1.15.jar;C:\Users\Qadir\.m2\repository\io\cucumber\cucumber-junit\6.10.4\cucumber-junit-6.10.4.jar;C:\Users\Qadir\.m2\repository\io\appium\java-client\7.5.1\java-client-7.5.1.jar;C:\Users\Qadir\.m2\repository\org\seleniumhq\selenium\selenium-java\3.141.59\selenium-java-3.141.59.jar;C:\Users\Qadir\.m2\repository\org\seleniumhq\selenium\selenium-chrome-driver\3.141.59\selenium-chrome-driver-3.141.59.jar;C:\Users\Qadir\.m2\repository\org\seleniumhq\selenium\selenium-edge-driver\3.141.59\selenium-edge-driver-3.141.59.jar;C:\Users\Qadir\.m2\repository\org\seleniumhq\selenium\selenium-firefox-driver\3.141.59\selenium-firefox-driver-3.141.59.jar;C:\Users\Qadir\.m2\repository\org\seleniumhq\selenium\selenium-ie-driver\3.141.59\selenium-ie-driver-3.141.59.jar;C:\Users\Qadir\.m2\repository\org\seleniumhq\selenium\selenium-opera-driver\3.141.59\selenium-opera-driver-3.141.59.jar;C:\Users\Qadir\.m2\repository\org\seleniumhq\selenium\selenium-remote-driver\3.141.59\selenium-remote-driver-3.141.59.jar;C:\Users\Qadir\.m2\repository\org\seleniumhq\selenium\selenium-safari-driver\3.141.59\selenium-safari-driver-3.141.59.jar;C:\Users\Qadir\.m2\repository\net\bytebuddy\byte-buddy\1.8.15\byte-buddy-1.8.15.jar;C:\Users\Qadir\.m2\repository\org\apache\commons\commons-exec\1.3\commons-exec-1.3.jar;C:\Users\Qadir\.m2\repository\com\google\guava\guava\25.0-jre\guava-25.0-jre.jar;C:\Users\Qadir\.m2\repository\com\google\code\findbugs\jsr305\1.3.9\jsr305-1.3.9.jar;C:\Users\Qadir\.m2\repository\org\checkerframework\checker-compat-qual\2.0.0\checker-compat-qual-2.0.0.jar;C:\Users\Qadir\.m2\repository\com\google\errorprone\error_prone_annotations\2.1.3\error_prone_annotations-2.1.3.jar;C:\Users\Qadir\.m2\repository\com\google\j2objc\j2objc-annotations\1.1\j2objc-annotations-1.1.jar;C:\Users\Qadir\.m2\repository\org\codehaus\mojo\animal-sniffer-annotations\1.14\animal-sniffer-annotations-1.14.jar;C:\Users\Qadir\.m2\repository\com\squareup\okhttp3\okhttp\3.11.0\okhttp-3.11.0.jar;C:\Users\Qadir\.m2\repository\com\squareup\okio\okio\1.14.0\okio-1.14.0.jar;C:\Users\Qadir\.m2\repository\org\seleniumhq\selenium\selenium-support\3.141.59\selenium-support-3.141.59.jar;C:\Users\Qadir\.m2\repository\org\seleniumhq\selenium\selenium-api\3.141.59\selenium-api-3.141.59.jar;C:\Users\Qadir\.m2\repository\com\google\code\gson\gson\2.8.6\gson-2.8.6.jar;C:\Users\Qadir\.m2\repository\org\apache\httpcomponents\httpclient\4.5.13\httpclient-4.5.13.jar;C:\Users\Qadir\.m2\repository\org\apache\httpcomponents\httpcore\4.4.13\httpcore-4.4.13.jar;C:\Users\Qadir\.m2\repository\commons-logging\commons-logging\1.2\commons-logging-1.2.jar;C:\Users\Qadir\.m2\repository\cglib\cglib\3.3.0\cglib-3.3.0.jar;C:\Users\Qadir\.m2\repository\org\ow2\asm\asm\7.1\asm-7.1.jar;C:\Users\Qadir\.m2\repository\commons-validator\commons-validator\1.7\commons-validator-1.7.jar;C:\Users\Qadir\.m2\repository\commons-beanutils\commons-beanutils\1.9.4\commons-beanutils-1.9.4.jar;C:\Users\Qadir\.m2\repository\commons-digester\commons-digester\2.1\commons-digester-2.1.jar;C:\Users\Qadir\.m2\repository\org\apache\commons\commons-lang3\3.12.0\commons-lang3-3.12.0.jar;C:\Users\Qadir\.m2\repository\commons-io\commons-io\2.8.0\commons-io-2.8.0.jar;C:\Users\Qadir\.m2\repository\org\springframework\spring-context\5.3.4\spring-context-5.3.4.jar;C:\Users\Qadir\.m2\repository\org\springframework\spring-aop\5.3.4\spring-aop-5.3.4.jar;C:\Users\Qadir\.m2\repository\org\springframework\spring-beans\5.3.4\spring-beans-5.3.4.jar;C:\Users\Qadir\.m2\repository\org\springframework\spring-core\5.3.4\spring-core-5.3.4.jar;C:\Users\Qadir\.m2\repository\org\springframework\spring-jcl\5.3.4\spring-jcl-5.3.4.jar;C:\Users\Qadir\.m2\repository\org\springframework\spring-expression\5.3.4\spring-expression-5.3.4.jar;C:\Users\Qadir\.m2\repository\org\aspectj\aspectjweaver\1.9.6\aspectjweaver-1.9.6.jar;C:\Users\Qadir\.m2\repository\org\slf4j\slf4j-api\1.7.30\slf4j-api-1.7.30.jar;C:\Users\Qadir\.m2\repository\org\json\json\20210307\json-20210307.jar;C:\Users\Qadir\.m2\repository\org\apache\logging\log4j\log4j-core\2.14.1\log4j-core-2.14.1.jar;C:\Users\Qadir\.m2\repository\org\apache\logging\log4j\log4j-api\2.14.1\log4j-api-2.14.1.jar;C:\Users\Qadir\.m2\repository\org\testng\testng\7.4.0\testng-7.4.0.jar;C:\Users\Qadir\.m2\repository\com\beust\jcommander\1.78\jcommander-1.78.jar;C:\Users\Qadir\.m2\repository\org\webjars\jquery\3.5.1\jquery-3.5.1.jar;"/>
    <property name="java.vm.vendor" value="&quot;Oracle Corporation&quot;"/>
    <property name="sun.arch.data.model" value="64"/>
    <property name="user.variant" value=""/>
    <property name="java.vendor.url" value="http://java.oracle.com/"/>
    <property name="user.timezone" value="America/New_York"/>
    <property name="java.vm.specification.version" value="10"/>
    <property name="os.name" value="Windows 10"/>
    <property name="sun.java.launcher" value="SUN_STANDARD"/>
    <property name="user.country" value="US"/>
    <property name="sun.boot.library.path" value="C:\Program Files\Java\jdk-10.0.2\bin"/>
    <property name="sun.java.command" value="C:\Users\Qadir\AppData\Local\Temp\surefire13060635590082155477\surefirebooter12708442109279608563.jar C:\Users\Qadir\AppData\Local\Temp\surefire13060635590082155477 2021-06-21T17-55-24_246-jvmRun1 surefire6881839769053626516tmp surefire_05379284869035546387tmp"/>
    <property name="jdk.debug" value="release"/>
    <property name="surefire.test.class.path" value="C:\Users\Qadir\eclipse-workspace\Selenium Udemy\CucumberFramework- TestNG\target\test-classes;C:\Users\Qadir\eclipse-workspace\Selenium Udemy\CucumberFramework- TestNG\target\classes;C:\Users\Qadir\.m2\repository\de\monochromata\cucumber\reporting-plugin\4.0.103\reporting-plugin-4.0.103.jar;C:\Users\Qadir\.m2\repository\io\cucumber\cucumber-core\6.10.2\cucumber-core-6.10.2.jar;C:\Users\Qadir\.m2\repository\io\cucumber\cucumber-gherkin\6.10.2\cucumber-gherkin-6.10.2.jar;C:\Users\Qadir\.m2\repository\io\cucumber\cucumber-gherkin-messages\6.10.2\cucumber-gherkin-messages-6.10.2.jar;C:\Users\Qadir\.m2\repository\io\cucumber\messages\14.0.1\messages-14.0.1.jar;C:\Users\Qadir\.m2\repository\io\cucumber\tag-expressions\3.0.0\tag-expressions-3.0.0.jar;C:\Users\Qadir\.m2\repository\io\cucumber\cucumber-expressions\10.3.0\cucumber-expressions-10.3.0.jar;C:\Users\Qadir\.m2\repository\io\cucumber\datatable\3.5.0\datatable-3.5.0.jar;C:\Users\Qadir\.m2\repository\io\cucumber\cucumber-plugin\6.10.2\cucumber-plugin-6.10.2.jar;C:\Users\Qadir\.m2\repository\io\cucumber\docstring\6.10.2\docstring-6.10.2.jar;C:\Users\Qadir\.m2\repository\io\cucumber\html-formatter\12.0.0\html-formatter-12.0.0.jar;C:\Users\Qadir\.m2\repository\io\cucumber\create-meta\3.0.0\create-meta-3.0.0.jar;C:\Users\Qadir\.m2\repository\io\cucumber\gherkin\17.0.2\gherkin-17.0.2.jar;C:\Users\Qadir\.m2\repository\net\masterthought\cucumber-reporting\5.5.3\cucumber-reporting-5.5.3.jar;C:\Users\Qadir\.m2\repository\com\fasterxml\jackson\core\jackson-databind\2.12.1\jackson-databind-2.12.1.jar;C:\Users\Qadir\.m2\repository\com\fasterxml\jackson\core\jackson-annotations\2.12.1\jackson-annotations-2.12.1.jar;C:\Users\Qadir\.m2\repository\com\fasterxml\jackson\core\jackson-core\2.12.1\jackson-core-2.12.1.jar;C:\Users\Qadir\.m2\repository\com\fasterxml\jackson\datatype\jackson-datatype-jsr310\2.12.1\jackson-datatype-jsr310-2.12.1.jar;C:\Users\Qadir\.m2\repository\org\apache\velocity\velocity-engine-core\2.2\velocity-engine-core-2.2.jar;C:\Users\Qadir\.m2\repository\commons-collections\commons-collections\3.2.2\commons-collections-3.2.2.jar;C:\Users\Qadir\.m2\repository\joda-time\joda-time\2.10.9\joda-time-2.10.9.jar;C:\Users\Qadir\.m2\repository\org\codehaus\plexus\plexus-utils\3.3.0\plexus-utils-3.3.0.jar;C:\Users\Qadir\.m2\repository\org\jsoup\jsoup\1.13.1\jsoup-1.13.1.jar;C:\Users\Qadir\.m2\repository\com\googlecode\owasp-java-html-sanitizer\owasp-java-html-sanitizer\20200713.1\owasp-java-html-sanitizer-20200713.1.jar;C:\Users\Qadir\.m2\repository\commons-configuration\commons-configuration\1.10\commons-configuration-1.10.jar;C:\Users\Qadir\.m2\repository\commons-lang\commons-lang\2.6\commons-lang-2.6.jar;C:\Users\Qadir\.m2\repository\io\cucumber\cucumber-testng\6.10.4\cucumber-testng-6.10.4.jar;C:\Users\Qadir\.m2\repository\org\apiguardian\apiguardian-api\1.1.1\apiguardian-api-1.1.1.jar;C:\Users\Qadir\.m2\repository\junit\junit\4.11\junit-4.11.jar;C:\Users\Qadir\.m2\repository\org\hamcrest\hamcrest-core\1.3\hamcrest-core-1.3.jar;C:\Users\Qadir\.m2\repository\io\cucumber\cucumber-java\6.10.4\cucumber-java-6.10.4.jar;C:\Users\Qadir\.m2\repository\commons-codec\commons-codec\1.15\commons-codec-1.15.jar;C:\Users\Qadir\.m2\repository\io\cucumber\cucumber-junit\6.10.4\cucumber-junit-6.10.4.jar;C:\Users\Qadir\.m2\repository\io\appium\java-client\7.5.1\java-client-7.5.1.jar;C:\Users\Qadir\.m2\repository\org\seleniumhq\selenium\selenium-java\3.141.59\selenium-java-3.141.59.jar;C:\Users\Qadir\.m2\repository\org\seleniumhq\selenium\selenium-chrome-driver\3.141.59\selenium-chrome-driver-3.141.59.jar;C:\Users\Qadir\.m2\repository\org\seleniumhq\selenium\selenium-edge-driver\3.141.59\selenium-edge-driver-3.141.59.jar;C:\Users\Qadir\.m2\repository\org\seleniumhq\selenium\selenium-firefox-driver\3.141.59\selenium-firefox-driver-3.141.59.jar;C:\Users\Qadir\.m2\repository\org\seleniumhq\selenium\selenium-ie-driver\3.141.59\selenium-ie-driver-3.141.59.jar;C:\Users\Qadir\.m2\repository\org\seleniumhq\selenium\selenium-opera-driver\3.141.59\selenium-opera-driver-3.141.59.jar;C:\Users\Qadir\.m2\repository\org\seleniumhq\selenium\selenium-remote-driver\3.141.59\selenium-remote-driver-3.141.59.jar;C:\Users\Qadir\.m2\repository\org\seleniumhq\selenium\selenium-safari-driver\3.141.59\selenium-safari-driver-3.141.59.jar;C:\Users\Qadir\.m2\repository\net\bytebuddy\byte-buddy\1.8.15\byte-buddy-1.8.15.jar;C:\Users\Qadir\.m2\repository\org\apache\commons\commons-exec\1.3\commons-exec-1.3.jar;C:\Users\Qadir\.m2\repository\com\google\guava\guava\25.0-jre\guava-25.0-jre.jar;C:\Users\Qadir\.m2\repository\com\google\code\findbugs\jsr305\1.3.9\jsr305-1.3.9.jar;C:\Users\Qadir\.m2\repository\org\checkerframework\checker-compat-qual\2.0.0\checker-compat-qual-2.0.0.jar;C:\Users\Qadir\.m2\repository\com\google\errorprone\error_prone_annotations\2.1.3\error_prone_annotations-2.1.3.jar;C:\Users\Qadir\.m2\repository\com\google\j2objc\j2objc-annotations\1.1\j2objc-annotations-1.1.jar;C:\Users\Qadir\.m2\repository\org\codehaus\mojo\animal-sniffer-annotations\1.14\animal-sniffer-annotations-1.14.jar;C:\Users\Qadir\.m2\repository\com\squareup\okhttp3\okhttp\3.11.0\okhttp-3.11.0.jar;C:\Users\Qadir\.m2\repository\com\squareup\okio\okio\1.14.0\okio-1.14.0.jar;C:\Users\Qadir\.m2\repository\org\seleniumhq\selenium\selenium-support\3.141.59\selenium-support-3.141.59.jar;C:\Users\Qadir\.m2\repository\org\seleniumhq\selenium\selenium-api\3.141.59\selenium-api-3.141.59.jar;C:\Users\Qadir\.m2\repository\com\google\code\gson\gson\2.8.6\gson-2.8.6.jar;C:\Users\Qadir\.m2\repository\org\apache\httpcomponents\httpclient\4.5.13\httpclient-4.5.13.jar;C:\Users\Qadir\.m2\repository\org\apache\httpcomponents\httpcore\4.4.13\httpcore-4.4.13.jar;C:\Users\Qadir\.m2\repository\commons-logging\commons-logging\1.2\commons-logging-1.2.jar;C:\Users\Qadir\.m2\repository\cglib\cglib\3.3.0\cglib-3.3.0.jar;C:\Users\Qadir\.m2\repository\org\ow2\asm\asm\7.1\asm-7.1.jar;C:\Users\Qadir\.m2\repository\commons-validator\commons-validator\1.7\commons-validator-1.7.jar;C:\Users\Qadir\.m2\repository\commons-beanutils\commons-beanutils\1.9.4\commons-beanutils-1.9.4.jar;C:\Users\Qadir\.m2\repository\commons-digester\commons-digester\2.1\commons-digester-2.1.jar;C:\Users\Qadir\.m2\repository\org\apache\commons\commons-lang3\3.12.0\commons-lang3-3.12.0.jar;C:\Users\Qadir\.m2\repository\commons-io\commons-io\2.8.0\commons-io-2.8.0.jar;C:\Users\Qadir\.m2\repository\org\springframework\spring-context\5.3.4\spring-context-5.3.4.jar;C:\Users\Qadir\.m2\repository\org\springframework\spring-aop\5.3.4\spring-aop-5.3.4.jar;C:\Users\Qadir\.m2\repository\org\springframework\spring-beans\5.3.4\spring-beans-5.3.4.jar;C:\Users\Qadir\.m2\repository\org\springframework\spring-core\5.3.4\spring-core-5.3.4.jar;C:\Users\Qadir\.m2\repository\org\springframework\spring-jcl\5.3.4\spring-jcl-5.3.4.jar;C:\Users\Qadir\.m2\repository\org\springframework\spring-expression\5.3.4\spring-expression-5.3.4.jar;C:\Users\Qadir\.m2\repository\org\aspectj\aspectjweaver\1.9.6\aspectjweaver-1.9.6.jar;C:\Users\Qadir\.m2\repository\org\slf4j\slf4j-api\1.7.30\slf4j-api-1.7.30.jar;C:\Users\Qadir\.m2\repository\org\json\json\20210307\json-20210307.jar;C:\Users\Qadir\.m2\repository\org\apache\logging\log4j\log4j-core\2.14.1\log4j-core-2.14.1.jar;C:\Users\Qadir\.m2\repository\org\apache\logging\log4j\log4j-api\2.14.1\log4j-api-2.14.1.jar;C:\Users\Qadir\.m2\repository\org\testng\testng\7.4.0\testng-7.4.0.jar;C:\Users\Qadir\.m2\repository\com\beust\jcommander\1.78\jcommander-1.78.jar;C:\Users\Qadir\.m2\repository\org\webjars\jquery\3.5.1\jquery-3.5.1.jar;"/>
    <property name="sun.cpu.endian" value="little"/>
    <property name="user.home" value="C:\Users\Qadir"/>
    <property name="user.language" value="en"/>
    <property name="java.specification.vendor" value="Oracle Corporation"/>
    <property name="java.version.date" value="2018-07-17"/>
    <property name="java.home" value="C:\Program Files\Java\jdk-10.0.2"/>
    <property name="file.separator" value="\"/>
    <property name="basedir" value="C:\Users\Qadir\eclipse-workspace\Selenium Udemy\CucumberFramework- TestNG"/>
    <property name="java.vm.compressedOopsMode" value="32-bit"/>
    <property name="line.separator" value="&#10;"/>
    <property name="java.specification.name" value="Java Platform API Specification"/>
    <property name="java.vm.specification.vendor" value="Oracle Corporation"/>
    <property name="java.awt.graphicsenv" value="sun.awt.Win32GraphicsEnvironment"/>
    <property name="surefire.real.class.path" value="C:\Users\Qadir\AppData\Local\Temp\surefire13060635590082155477\surefirebooter12708442109279608563.jar"/>
    <property name="user.script" value=""/>
    <property name="sun.management.compiler" value="HotSpot 64-Bit Tiered Compilers"/>
    <property name="java.runtime.version" value="10.0.2+13"/>
    <property name="user.name" value="Qadir"/>
    <property name="path.separator" value=";"/>
    <property name="os.version" value="10.0"/>
    <property name="java.runtime.name" value="Java(TM) SE Runtime Environment"/>
    <property name="file.encoding" value="Cp1252"/>
    <property name="java.vm.name" value="Java HotSpot(TM) 64-Bit Server VM"/>
    <property name="java.vendor.version" value="18.3"/>
    <property name="localRepository" value="C:\Users\Qadir\.m2\repository"/>
    <property name="java.vendor.url.bug" value="http://bugreport.java.com/bugreport/"/>
    <property name="java.io.tmpdir" value="C:\Users\Qadir\AppData\Local\Temp\"/>
    <property name="java.version" value="10.0.2"/>
    <property name="user.dir" value="C:\Users\Qadir\eclipse-workspace\Selenium Udemy\CucumberFramework- TestNG"/>
    <property name="os.arch" value="amd64"/>
    <property name="java.vm.specification.name" value="Java Virtual Machine Specification"/>
    <property name="java.awt.printerjob" value="sun.awt.windows.WPrinterJob"/>
    <property name="sun.os.patch.level" value=""/>
    <property name="java.library.path" value="C:\Program Files\Java\jdk-10.0.2\bin;C:\WINDOWS\Sun\Java\bin;C:\WINDOWS\system32;C:\WINDOWS;C:\Program Files (x86)\Common Files\Oracle\Java\javapath;C:\Program Files (x86)\Intel\iCLS Client\;C:\Program Files\Intel\iCLS Client\;C:\Windows\system32;C:\Windows;C:\Windows\System32\Wbem;C:\Windows\System32\WindowsPowerShell\v1.0\;C:\Program Files (x86)\Intel\Intel(R) Management Engine Components\DAL;C:\Program Files\Intel\Intel(R) Management Engine Components\DAL;C:\Program Files (x86)\Intel\Intel(R) Management Engine Components\IPT;C:\Program Files\Intel\Intel(R) Management Engine Components\IPT;C:\Program Files (x86)\NVIDIA Corporation\PhysX\Common;C:\WINDOWS\system32;C:\WINDOWS;C:\WINDOWS\System32\Wbem;C:\WINDOWS\System32\WindowsPowerShell\v1.0\;C:\WINDOWS\System32\OpenSSH\;C:\Program Files\NVIDIA Corporation\NVIDIA NvDLISR;C:\Program Files\Java\jdk-10.0.2\bin;C:\Program Files\nodejs\;C:\WINDOWS\system32;C:\WINDOWS;C:\WINDOWS\System32\Wbem;C:\WINDOWS\System32\WindowsPowerShell\v1.0\;C:\WINDOWS\System32\OpenSSH\;C:\Program Files\Git\cmd;C:\apache-maven-3.6.0\bin;C:\Users\Qadir\AppData\Local\Android\Sdk\tools\bin;C:\Users\Qadir\AppData\Local\Android\Sdk\tools;C:\Users\Qadir\AppData\Local\Android\Sdk\platform-tools;F:\Program Files\Android\Android Studio\jre\bin;D:\Appium GIT\gradle-6.8.1\bin;C:\Program Files\MySQL\MySQL Shell 8.0\bin\;C:\Users\Qadir\AppData\Local\Microsoft\WindowsApps;C:\Users\Qadir\AppData\Roaming\npm;C:\Users\Qadir\AppData\Local\Programs\Microsoft VS Code\bin;."/>
    <property name="java.vendor" value="Oracle Corporation"/>
    <property name="java.vm.info" value="mixed mode"/>
    <property name="java.vm.version" value="10.0.2+13"/>
    <property name="sun.io.unicode.encoding" value="UnicodeLittle"/>
    <property name="java.class.version" value="54.0"/>
  </properties>
  <testcase name="scenario[&quot;Login with invalid user name&quot;, &quot;Optional[Login Scenarios]&quot;](1)" classname="com.qa.runners.MyTestNGRunnerGalaxy9Test" time="10.188">
    <failure message="expected:&lt;[]Username and passwor...&gt; but was:&lt;[gg]Username and passwor...&gt;" type="org.junit.ComparisonFailure"><![CDATA[org.junit.ComparisonFailure: expected:<[]Username and passwor...> but was:<[gg]Username and passwor...>
]]></failure>
    <system-out><![CDATA[[INFO ] 2021-06-21 17:55:32.850 com.qa.utils.ServerManager:20 - starting appium server
&amp#27;&amp#27;[[3355mm[[AAppppiiuumm]]&amp#27;[&amp#27;3[93m9 mW eWleclocmoem et ot oA pApppiiumu m vv1.201.2.2
0.2
&amp#27;[35m[Appium]&amp#27;[39m&amp#27; N[o3n5-md[efAapupium]&amp#27;[3l9tm  sNeornv-edre afragusl:t
 server args:
&amp#27;[35m[Appium]&amp#27;[39m   port: 2&amp#27;1[20355m
[A&amp#27;p[p3i5umm]&amp#27;[[A3p9pmi u m ]p&amp#27;[o3r9tm:   2 2s0e7s4si
onOve&amp#27;r[r3i5dme[:A ptpriuuem]
&amp#27;[39m   sessionOverride: true
&amp#27;[35m[Appium]&amp#27;&amp#27;[[393m 5 m [loAgpFpiiluem:] &amp#27;C[:3\9mU se r sl\oQgaFdir\eclipse-worile: C:\Users\Qadir\eclipse-workspace\Selenium Udemy\CucumberFramework- TestNG\Androidks_paAcned\rSoeilde_nPiiuxme lU4d\eSmeyr\vCeurc.ulmobger
Framework- TestNG\Android_Galaxy S9\Server.log
&amp#27;&amp#27;[[3355mm[[AAppppiiuum]&amp#27;m[3]9m&amp#27; [A3pp9imu mA pRpEiSuTm  hRtEtSpT  ihntterftacep  liinstteernfear sctea rltiesd on 0.0.0.0:22074
tener started on 0.0.0.0:21205
&amp#27;[35m[HTTP]&amp#27;[39m &amp#27;[37m-->&amp#27;[39m &amp#27;[37mGET&amp#27;[39m &amp#27;[37m/wd/hub/status&amp#27;[39m
&amp#27;[35m[HTTP]&amp#27;[39m &amp#27;[90m{}&amp#27;[39m
[debug] &amp#27;[35m[GENERIC]&amp#27;[39m Calling AppiumDriver.getStatus() with args: []
[debug] &amp#27;[35m[GENERIC]&amp#27;[39m Responding to client with driver.getStatus() result: {"build":{"version":"1.20.2"}}
&amp#27;[35m[HTTP]&amp#27;[39m &amp#27;[37m<-- GET /wd/hub/status &amp#27;[39m&amp#27;[32m200&amp#27;[39m &amp#27;[90m6 ms - 68&amp#27;[39m
&amp#27;[35m[HTTP]&amp#27;[39m &amp#27;[90m&amp#27;[39m
&amp#27;[35m[HTTP]&amp#27;[39m &amp#27;[37m-->&amp#27;[39m &amp#27;[37mGET&amp#27;[39m &amp#27;[37m/wd/hub/status&amp#27;[39m
&amp#27;[35m[HTTP]&amp#27;[39m &amp#27;[90m{}&amp#27;[39m
[debug] &amp#27;[35m[GENERIC]&amp#27;[39m Calling AppiumDriver.getStatus() with args: []
[debug] &amp#27;[35m[GENERIC]&amp#27;[39m Responding to client with driver.getStatus() result: {"build":{"version":"1.20.2"}}
&amp#27;[35m[HTTP]&amp#27;[39m &amp#27;[37m<-- GET /wd/hub/status &amp#27;[39m&amp#27;[32m200&amp#27;[39m &amp#27;[90m1 ms - 68&amp#27;[39m
&amp#27;[35m[HTTP]&amp#27;[39m &amp#27;[90m&amp#27;[39m
[INFO ] 2021-06-21 17:55:46.119 com.qa.utils.ServerManager:29 - Appium server started
[INFO ] 2021-06-21 17:55:46.219 com.qa.utils.DriverManager:35 - Initializing driver
Android
[INFO ] 2021-06-21 17:55:46.278 com.qa.utils.CapabilitiesManager:40 - App url is C:\Users\Qadir\eclipse-workspace\Selenium Udemy\CucumberFramework- TestNG\src\test\resources\apps\Saucelabs.apk
&amp#27;[35m[HTTP]&amp#27;[39m &amp#27;[37m-->&amp#27;[39m &amp#27;[37mGET&amp#27;[39m &amp#27;[37m/wd/hub/status&amp#27;[39m
&amp#27;[35m[HTTP]&amp#27;[39m &amp#27;[90m{}&amp#27;[39m
[debug] &amp#27;[35m[GENERIC]&amp#27;[39m Calling AppiumDriver.getStatus() with args: []
[debug] &amp#27;[35m[GENERIC]&amp#27;[39m Responding to client with driver.getStatus() result: {"build":{"version":"1.20.2"}}
&amp#27;[35m[HTTP]&amp#27;[39m &amp#27;[37m<-- GET /wd/hub/status &amp#27;[39m&amp#27;[32m200&amp#27;[39m &amp#27;[90m6 ms - 68&amp#27;[39m
&amp#27;[35m[HTTP]&amp#27;[39m &amp#27;[90m&amp#27;[39m
&amp#27;[35m[HTTP]&amp#27;[39m &amp#27;[37m-->&amp#27;[39m &amp#27;[37mGET&amp#27;[39m &amp#27;[37m/wd/hub/status&amp#27;[39m
&amp#27;[35m[HTTP]&amp#27;[39m &amp#27;[90m{}&amp#27;[39m
[debug] &amp#27;[35m[GENERIC]&amp#27;[39m Calling AppiumDriver.getStatus() with args: []
[debug] &amp#27;[35m[GENERIC]&amp#27;[39m Responding to client with driver.getStatus() result: {"build":{"version":"1.20.2"}}
&amp#27;[35m[HTTP]&amp#27;[39m &amp#27;[37m<-- GET /wd/hub/status &amp#27;[39m&amp#27;[32m200&amp#27;[39m &amp#27;[90m1 ms - 68&amp#27;[39m
&amp#27;[35m[HTTP]&amp#27;[39m &amp#27;[90m&amp#27;[39m
[INFO ] 2021-06-21 17:55:46.417 com.qa.utils.ServerManager:29 - Appium server started
[INFO ] 2021-06-21 17:55:46.418 com.qa.utils.DriverManager:35 - Initializing driver
Android
[INFO ] 2021-06-21 17:55:46.421 com.qa.utils.CapabilitiesManager:40 - App url is C:\Users\Qadir\eclipse-workspace\Selenium Udemy\CucumberFramework- TestNG\src\test\resources\apps\Saucelabs.apk
[debug] &amp#27;[35m[HTTP]&amp#27;[39m Request idempotency key: a483978f-e929-4175-bd72-574e8b0180d0
[debug] &amp#27;[35m[HTTP]&amp#27;[39m Request idempotency key: a8627b6d-1413-4ed1-89ac-4a4461a47b2a
&amp#27;&amp#27;[[3355mm[[HHTTTTP]P&amp#27;][&amp#27;3[93m9 &amp#27;m[ 3&amp#27;[377mm---->>&amp#27;&amp#27;[[3399mm  &amp#27;&amp#27;[[3377mmPPOOSSTT&amp#27;&amp#27;[[3399mm  &amp#27;&amp#27;[[3377mm//wwdd//hhuubb//sseessssiioonn&amp#27;&amp#27;[[3399mm

&amp#27;&amp#27;[[3355mm[[HHTTTTPP]]&amp#27;&amp#27;[[3399mm  &amp#27;&amp#27;[9[09m0{m"{d"edseisrierdeCdaCpaapbabilities":i{l"iatpipe"s:"C:\\"Us:e{r"sa\p\pQ"a:d"iCr:\\\\eUcsleirpss\e\-Qwaodrikrs\p\aecceli\\pSseel-ewnoirukms pUadceem\y\\S\eCluecnuimubme rUFdreammye\w\oCrukc-u mTbeesrtFNrGa\m\eswroc\\rtke-s tT\e\srteNsGo\u\rscrecs\\\\taepspts\\\\rSeasuocuerlcaebss\.\aappkp"s,\"\aSpapuAccetlivaibtsy".:a"pcko"m,."sawpapgAlcatbisvmiotbyi"l:e"apcpo.mM.asiwnaAgcltaibvsimtoyb"i,l"eaappppP.aMcakiangAec":"cotmi.vsiwty"a,"gaplpaPbascmkobaigleea"p:p""c,o"ma.ustwoamgaltaibsmobileapp","automationName":"UIAutomator2","chromeDriverPort":"110001","platformName":"Android","udid":"emulator-5554","deviceName":"Android_Pixel4","systemPort":"10001"},"capabilities":{"firstMatch":[{"appium:app":"C:\\Users\\Qadir\\eclipse-workspace\\Selenium Udemy\\CucumberFramework- TestNG\\src\\test\\resources\\apps\\Saucelabs.apk","appium:appActivity":"com.swaglabsmobileapp.MainActivity","appium:appPackage":"com.swaglabsmobileapp","appium:automationName":"UIAutomator2","chromeDriverPort":"110001","appium:deviceName":"Android_Pixel4","platformName":"android","appium:systemPort":"10001","appium:udid":"emulator-5554"}]}}&amp#27;[39m
onName":"UIAutomator2","chromeDriverPort":"110000","platformName":"Android","udid":"50584a424e443498","deviceName":"Galaxy S9","systemPort":"10000"},"capabilities":{"firstMatch":[{"appium:app":"C:\\Users\\Qadir\\eclipse-workspace\\Selenium Udemy\\CucumberFramework- TestNG\\src\\test\\resources\\apps\\Saucelabs.apk","appium:appActivity":"com.swaglabsmobileapp.MainActivity","appium:appPackage":"com.swaglabsmobileapp","appium:automationName":"UIAutomator2","chromeDriverPort":"110000","appium:deviceName":"Galaxy S9","platformName":"android","appium:systemPort":"10000","appium:udid":"50584a424e443498"}]}}&amp#27;[39m
[debug] &amp#27;[35m[W3C]&amp#27;[39m Calling AppiumDriver.createSession() with args: [{"app":"C:\\Users\\Qadir\\eclipse-workspace\\Selenium Udemy\\CucumberFramework- TestNG\\src\\test\\resources\\apps\\Saucelabs.apk","appActivity":"com.swaglabsmobileapp.MainActivity","appPackage":"com.swaglabsmobileapp","automationName":"UIAutomator2","chromeDriverPort":"110000","platformName":"Android","udid":"50584a424e443498","deviceName":"Galaxy S9","systemPort":"10000"},null,{"firstMatch":[{"appium:app":"C:\\Users\\Qadir\\eclipse-workspace\\Selenium Udemy\\CucumberFramework- TestNG\\src\\test\\resources\\apps\\Saucelabs.apk","appium:appActivity":"com.swaglabsmobileapp.MainA[debug] &amp#27;[35m[W3C]&amp#27;[39m Calling AppcituimvDirtiyv"e,r".acprpiuema:taepSpePsascikoang(e)" :wi"tcho ma.rsgwsa:g l[a{b"sampopb"i:l"eCa:p\p\"U,s"earpsp\i\uQma:daiurt\o\meactliiopnsNea-mweork"s:p"aUcIeA\u\tSoemlaetnoiru2m" ,U"dcehmryo\m\eCDurciuvmebreProFrrta"m:e"w1o1r0k0-0 0T"estNG\\src\\test\\resources\\apps\\Saucelabs.apk","appActivity":"com.swaglabsmobileapp.MainActivity","appPackage":"com.swaglabsmobileapp","automationName":"UIAutomator2","chromeDriverPort":"110001","platformName":"Android","udid":"emulator-5554","deviceName":"Android_Pixel4","systemPort":"10001"},null,{"firstMatch":[{"appium:app":"C:\\Users\\Qadir\\eclipse-workspace\\Selenium Udemy\\CucumberFramework- TestNG\\src\\test\\resources\\apps\\Saucelabs.apk","appium:appActivity":"com.swaglabsmobileapp.MainActivity","appium:appPackage":"com.swaglabsmobileapp","appium:automationName":"UIAutomator2","chromeDriverPort":"110001","appium:deviceName":"Android_Pixel4","platformName":"android","appium:systemPort":"10001","appium:udid":"emulator-5554"}]}]
,"appium:deviceName":"Galaxy S9","platformName":"android","appium:systemPort":"10000","appium:udid":"50584a424e443498"}]}]
[debug] &amp#27;[35m[BaseDriver]&amp#27;[39m Event 'newSessionRequested' logged at 1624312548232 (17:55:48 GMT-0400 (Eastern Daylight Time))
&amp#27;[35m[BaseDriver]&amp#27;[39m The following capabilities are not standard capabilities and should have an extension prefix:
&amp#27;[35m[BaseDriver]&amp#27;[39m   chromeDriverPort
[debug] &amp#27;[35m[BaseDriver]&amp#27;[39m Event 'newSessionRequested' logged at 1624312548242 (17:55:48 GMT-0400 (Eastern Daylight Time))
&amp#27;[35m[BaseDriver]&amp#27;[39m The following capabilities are not standard capabilities and should have an extension prefix:
&amp#27;[35m[BaseDriver]&amp#27;[39m   chromeDriverPort
&amp#27;&amp#27;[35[m3[5Amp[pAipupmi]&amp#27;[39m Aupmpi]um &amp#27;v[13.92m0. Appium v21 .c2r0e.a2t icnrge anteiwn gA nnderwo iAdnUdiraouitdoUmiaatuotro2mDartiovre2rD r(ivv1e.r6 (v11..26)1 .s2e)s ssieosn
sion
[debug] &amp#27;[35m[Appium]&amp#27;[39m T[hdeerbeug ]a r&amp#27;e[ 3n5om [aAcptpiivuem ]s&amp#27;e[s3s9imo nTsh efror cleaneup a
re no active sessions for cleanup
[debug] &amp#27;[debug[]3 5&amp#27;m[Ba[s3e5Dmr[iBvaesre]D&amp#27;r[i3v9m W3C capabilities and MeJSr]&amp#27;ON[W3P9 md We3siCr ecda pcaabpialbiitliietsi easn dw eMrJeS OpNrWoPv iddeesdir
ed ca[pdaebbiulgi]t i&amp#27;e[s3 5mw[eBraes epDrroivviedre]d&amp#27;[
39m Creating session with W3C capabilities: {
[debug] &amp#27;[35m[BaseDriver]&amp#27;[39m   "alwaysMatch": {
[debug] &amp#27;[3[5dme[bBuags]e D&amp#27;r[i3v5em[rB]a&amp#27;s[3e9Dmri v e  r ]"&amp#27;[a3p9pmi umC:rcehartoimnegD rsievsseironP owritt":h  W"31C100 0c0a"p,ab
i[ldietbiuegs]:  &amp#27;{[3
5m[[debBaseDriver]&amp#27;[39m     "platformName": "android",
[debugu] g&amp#27;][ 3&amp#27;[53m5[Bma[sBeasDeriDvreirve]r&amp#27;[]3&amp#27;9[m39   m    " a"appium:app": "C:\\Users\\Qadir\\eclipse-workspace\\Selenium Udemy\\CucumberFramework- TestNG\\src\\tesltw\a\yrseMsaotucrh"c:e s{\\
a[pdpesb\u\gS]a u&amp#27;c[e3l5amb[sB.asaepDkr"i,ve
r]&amp#27;[39m [ d e b u"ga]p p&amp#27;i[u3m5:mc[hBraosmeeDDrriivveerrP]&amp#27;or[t3"9:m   " 1 1 0"0a0p1"pi,um
:[adpepbAucgt]i v&amp#27;i[t3y"5:m ["Bacsome.Dsrwiveaglabsmobileapp.MainActivity",r]&amp#27;[39m  
[debug] &amp#27; [ 3 5"mp[laBtafsoerDmrNiavmeer"]:&amp#27; ["3a9nmd r o i d "",ap
p[iduemb:uagp]p P&amp#27;a[c3k5amg[eB"a: s"ecDormi.vsewr]a&amp#27;g[l3a9bsmm  o b i l"eaapppipu"m,:a
p[pd"e:b u"gC]: &amp#27;[\3\5Umse[rBass\e\DQraidvierr\]\&amp#27;e[c3l9imp s e- w  o"rakpsppaicume:\a\uSetloemnaituimo nUNdaemem"y\:\ C"uUcIAumubteormFartaomre2w"o,rk
-[ dTebeusgtN]G \&amp#27;\[3s5rmc\[\BtaessetD\\rriveesro]ur&amp#27;c[e39sm\ \ a p p s"\a\pSpaiuucme:ldaebvsi.acepNkam"e,
": "Galaxy S9",
[debug] &amp#27;[35m[BaseDriver]&amp#27;[39m     "appium:systemPort": "10000",
[debug] &amp#27;[35m[BaseDriver]&amp#27;[39m     "appium:udid": "50584a424e443498"
[debug] &amp#27;[35m[BaseDriver]&amp#27;[39m   },
[debug] &amp#27;[35m[BaseDriver]&amp#27;[39m   "firstMatch": [
[debug] &amp#27;[35m[BaseDriver]&amp#27;[39m     {}
[debug] &amp#27;[35m[BaseDriver]&amp#27;[39m   ]
[debug] &amp#27;[35m[BaseDriver]&amp#27;[39m }
[debug] &amp#27;[35m[BaseDriver]&amp#27;[39m     "appium:appActivity": "com.swaglabsmobileapp.MainActivity",
[debug] &amp#27;[35m[BaseDriver]&amp#27;[39m     "appium:appPackage": "com.swaglabsmobileapp",
[debug] &amp#27;[35m[BaseDriver]&amp#27;[39m     "appium:automationName": "UIAutomator2",
[debug] &amp#27;[35m[BaseDriver]&amp#27;[39m     "appium:deviceName": "Android_Pixel4",
[debug] &amp#27;[35m[BaseDriver]&amp#27;[39m     "appium:systemPort": "10001",
[debug] &amp#27;[35m[BaseDriver]&amp#27;[39m     "appium:udid": "emulator-5554"
[debug] &amp#27;[35m[BaseDriver]&amp#27;[39m   },
[debug] &amp#27;[35m[BaseDriver]&amp#27;[39m   "firstMatch": [
[debug] &amp#27;[35m[BaseDriver]&amp#27;[39m     {}
[debug] &amp#27;[35m[BaseDriver]&amp#27;[39m   ]
[debug] &amp#27;[35m[BaseDriver]&amp#27;[39m }
&amp#27;[35m[BaseDriver]&amp#27;[39m Number capability passed in as string. Functionality may be compromised.
&amp#27;[35m[BaseDriver]&amp#27;[39m Number capability passed in as string. Functionality may be compromised.
&amp#27;[35m[BaseDriver]&amp#27;[39m Number capability passed in as string. Functionality may be compromised.
&amp#27;[35m[BaseDrive&amp#27;r][&amp#27;35m[[Ba39sme DCraipvaebri]li&amp#27;t[y3 's9yms tNeummPboerrt' cha ngceadp farboim lsitty passerindg  i('n1 0a0s0 1s't)r itnog .i nFteugnecrt (i1o0n0a0l1i).t Tyh imsa ym abye  ccaousmepr ounmeixspeectde.d 
behavior
&amp#27;[35m[BaseDriver]&amp#27;[39m Capability 'chromeDriverPort' changed from string ('110001') to integer (110001). This may cause unexpected behavior
&amp#27;[35m[BaseDriver]&amp#27;[39m Capability 'systemPort' changed from string ('10000') to integer (10000). This may cause unexpected behavior
&amp#27;[35m[BaseDriver]&amp#27;[39m Capability 'chromeDriverPort' changed from string ('110000') to integer (110000). This may cause unexpected behavior
&amp#27;[35m[BaseDriver]&amp#27;[39m Session created with session id: 059cff38-23c6-4ec1-b668-a2ef75d16654
&amp#27;[35m[BaseDriver]&amp#27;[39m Session created with session id: 2ef3d3a1-b647-4f64-98b3-9ea3b799901e
&amp#27;[35m[BaseDriver]&amp#27;[39m Using local app 'C:\Users\Qadir\eclipse-workspace\Selenium Udemy\CucumberFramework- TestNG\src\test\resources\apps\Saucelabs.apk'
[debug] &amp#27;[35m[UiAutomator2]&amp#27;[39m Checking whether app is actually present
&amp#27;[35m[BaseDriver]&amp#27;[39m Using local app 'C:\Users\Qadir\eclipse-workspace\Selenium Udemy\CucumberFramework- TestNG\src\test\resources\apps\Saucelabs.apk'
[debug] &amp#27;[35m[UiAutomator2]&amp#27;[39m Checking whether app is actually present
&amp#27;[&amp#27;3[53m5[mA[DABD]B&amp#27;][&amp#27;3[93m9 mF oFuonudn d3  3' b'ubiulidl-dt-otoolosl's 'f ofloders undlders uner 'C:\Useder 'C:\Userrss\\QQaaddiirr\\ApAppDpaDtaat\aL\Loocacla\lAn\dArnodirdo\iSddk\'S d(kn'e w(ensetwe sft first)i:rst)
:
&amp#27;[35m[ADB]&amp#27;[39m     C:/Users/Qadir/AppData/Local/Android/Sdk/build-tools/30.0.3
&amp#27;[35m[ADB]&amp#27;[39m     C:/Users/Qadir/AppData/Local/Android/Sdk/build-tools&amp#27;/3[03.50m.[3AD
B]&amp#27;[39m     C:/Users/Qadir/AppData/Local/Android/Sdk/build-tools/29.0.2
&amp#27;[35m[ADB]&amp#27;[39m     C:/Users/&amp#27;Q[a3d5imr[/AADpBp]D&amp#27;a[t3a9/mLoc a l/ A n dCr:o/id/SdUks/ebrusi/lQda-dtioro/lAsp/pD2a9t.a/0L.o2ca
l/Android/Sdk/build-tools/28.0.3
&amp#27;[35m[ADB]&amp#27;[39m     C:/Users/Qadir/AppData/Local/Android/Sdk/build-tools/28.0.3
&amp#27;[35m[ADB]&amp#27;[39m Using 'adb.exe' from 'C:\Users\Qadir\AppData\Local\Android\Sdk\platform-tools\adb.exe'
&amp#27;[35m[ADB]&amp#27;[39m Using 'adb.exe' from 'C:\Users\Qadir\AppData\Local\Android\Sdk\platform-tools\adb.exe'
[debug] &amp#27;[35m[ADB]&amp#27;[39m Running 'C:\Users\Qadir\AppData\Local\Android\Sdk\platform-tools\adb.exe -P 5037 start-server'
[debug] &amp#27;[35m[ADB]&amp#27;[39m Running 'C:\Users\Qadir\AppData\Local\Android\Sdk\platform-tools\adb.exe -P 5037 start-server'
&amp#27;[35m[AndroidDriver]&amp#27;[39m Retrieving device list
[debug] &amp#27;[35m[ADB]&amp#27;[39m Trying to find a connected android device
&amp#27;[35m[AndroidDriver]&amp#27;[39m Retrieving device list
[debug] &amp#27;[35m[ADB]&amp#27;[39m Trying to find a connected android device
[[ddeebbuug]g ]&amp#27; &amp#27;[[3355mm[ADB]&amp#27;[39m Ge[tAtDinBg]&amp#27; [c39mo Gentnteicntged  connected dedveivceisce
s
[debug] &amp#27;[35m[ADB]&amp#27;[39m Connected devices: [{"udid":"50584a424e443498","state":"device"},{"udid":"emulator-5554","state":"device"}]
&amp#27;[35m[AndroidDriver]&amp#27;[39m Using device: emulator-5554
&amp#27;[35m[ADB]&amp#27;[39m Using 'adb.exe' from 'C:\Users\Qadir\AppData\Local\Android\Sdk\platform-tools\adb.exe'
[debug] &amp#27;[35m[ADB]&amp#27;[39m Running 'C:\Users\Qadir\AppData\Local\Android\Sdk\platform-tools\adb.exe -P 5037 start-server'
[debug] &amp#27;[35m[ADB]&amp#27;[39m Connected devices: [{"udid":"50584a424e443498","state":"device"},{"udid":"emulator-5554","state":"device"}]
&amp#27;[35m[AndroidDriver]&amp#27;[39m Using device: 50584a424e443498
&amp#27;[35m[ADB]&amp#27;[39m Using 'adb.exe' from 'C:\Users\Qadir\AppData\Local\Android\Sdk\platform-tools\adb.exe'
[debug] &amp#27;[35m[ADB]&amp#27;[39m Running 'C:\Users\Qadir\AppData\Local\Android\Sdk\platform-tools\adb.exe -P 5037 start-server'
[debug] &amp#27;[35m[ADB]&amp#27;[39m Setting device id to emulator-5554
[debug] &amp#27;[35m[ADB]&amp#27;[39m Running 'C:\Users\Qadir\AppData\Local\Android\Sdk\platform-tools\adb.exe -P 5037 -s emulator-5554 shell getprop ro.build.version.sdk'
[debug] &amp#27;[35m[ADB]&amp#27;[39m Setting device id to 50584a424e443498
[debug] &amp#27;[35m[ADB]&amp#27;[39m Running 'C:\Users\Qadir\AppData\Local\Android\Sdk\platform-tools\adb.exe -P 5037 -s 50584a424e443498 shell getprop ro.build.version.sdk'
[debug] &amp#27;[35m[ADB]&amp#27;[39m Current device property 'ro.build.version.sdk': 28
&amp#27;[35m[ADB]&amp#27;[39m Getting device platform version
[debug] &amp#27;[35m[ADB]&amp#27;[39m Running 'C:\Users\Qadir\AppData\Local\Android\Sdk\platform-tools\adb.exe -P 5037 -s emulator-5554 shell getprop ro.build.version.release'
[debug] &amp#27;[35m[ADB]&amp#27;[39m Current device property 'ro.build.version.sdk': 29
&amp#27;[35m[ADB]&amp#27;[39m Getting device platform version
[debug] &amp#27;[35m[ADB]&amp#27;[39m Running 'C:\Users\Qadir\AppData\Local\Android\Sdk\platform-tools\adb.exe -P 5037 -s 50584a424e443498 shell getprop ro.build.version.release'
[debug] &amp#27;[35m[ADB]&amp#27;[39m Current device property 'ro.build.version.release': 9
[debug] &amp#27;[35m[ADB]&amp#27;[39m Device API level: 28
&amp#27;[35m[UiAutomator2]&amp#27;[39m Relaxing hidden api policy
[debug] &amp#27;[35m[ADB]&amp#27;[39m Running 'C:\Users\Qadir\AppData\Local\Android\Sdk\platform-tools\adb.exe -P 5037 -s emulator-5554 shell 'settings put global hidden_api_policy_pre_p_apps 1;settings put global hidden_api_policy_p_apps 1;settings put global hidden_api_policy 1''
[debug] &amp#27;[35m[ADB]&amp#27;[39m Current device property 'ro.build.version.release': 10
[debug] &amp#27;[35m[ADB]&amp#27;[39m Device API level: 29
&amp#27;[35m[UiAutomator2]&amp#27;[39m Relaxing hidden api policy
[debug] &amp#27;[35m[ADB]&amp#27;[39m Running 'C:\Users\Qadir\AppData\Local\Android\Sdk\platform-tools\adb.exe -P 5037 -s 50584a424e443498 shell 'settings put global hidden_api_policy_pre_p_apps 1;settings put global hidden_api_policy_p_apps 1;settings put global hidden_api_policy 1''
[debug] &amp#27;[35m[ADB]&amp#27;[39m Running 'C:\Users\Qadir\AppData\Local\Android\Sdk\platform-tools\adb.exe -P 5037 -s emulator-5554 wait-for-device'
[debug] &amp#27;[35m[ADB]&amp#27;[39m Running 'C:\Users\Qadir\AppData\Local\Android\Sdk\platform-tools\adb.exe -P 5037 -s 50584a424e443498 wait-for-device'
[debug] &amp#27;[35m[ADB]&amp#27;[39m Running 'C:\Users\Qadir\AppData\Local\Android\Sdk\platform-tools\adb.exe -P 5037 -s emulator-5554 shell echo ping'
[debug] &amp#27;[35m[ADB]&amp#27;[39m Running 'C:\Users\Qadir\AppData\Local\Android\Sdk\platform-tools\adb.exe -P 5037 -s 50584a424e443498 shell echo ping'
[debug] &amp#27;[35m[AndroidDriver]&amp#27;[39m Pushing settings apk to device...
[debug] &amp#27;[35m[ADB]&amp#27;[39m Getting install status for io.appium.settings
[debug] &amp#27;[35m[ADB]&amp#27;[39m Running 'C:\Users\Qadir\AppData\Local\Android\Sdk\platform-tools\adb.exe -P 5037 -s emulator-5554 shell dumpsys package io.appium.settings'
[debug] &amp#27;[35m[AndroidDriver]&amp#27;[39m Pushing settings apk to device...
[debug] &amp#27;[35m[ADB]&amp#27;[39m Getting install status for io.appium.settings
[debug] &amp#27;[35m[ADB]&amp#27;[39m Running 'C:\Users\Qadir\AppData\Local\Android\Sdk\platform-tools\adb.exe -P 5037 -s 50584a424e443498 shell dumpsys package io.appium.settings'
[debug] &amp#27;[35m[ADB]&amp#27;[39m 'io.appium.settings' is installed
[debug] &amp#27;[35m[ADB]&amp#27;[39m Getting package info for 'io.appium.settings'
[debug] &amp#27;[35m[ADB]&amp#27;[39m Running 'C:\Users\Qadir\AppData\Local\Android\Sdk\platform-tools\adb.exe -P 5037 -s emulator-5554 shell dumpsys package io.appium.settings'
[debug] &amp#27;[35m[ADB]&amp#27;[39m 'io.appium.settings' is installed
[debug] &amp#27;[35m[ADB]&amp#27;[39m Getting package info for 'io.appium.settings'
[debug] &amp#27;[35m[ADB]&amp#27;[39m Running 'C:\Users\Qadir\AppData\Local\Android\Sdk\platform-tools\adb.exe -P 5037 -s 50584a424e443498 shell dumpsys package io.appium.settings'
[de[bduegb]u &amp#27;[35m[ADgB]&amp#27;[3]9 m&amp#27; [T3h5me[ AvDeBr]s&amp#27;i[o3n9m The  nvaemres ioofn name of the  itnhset ailnlsetda l'lieod .a'piop.iuamp.psieutmt.isnegtst'i nigss 'g riesa tgerre aoterr  eoqrua le qtuoa lt het oa ptphleicat iapoplni cvaetrisoino nv enrasimeo n( 'n3.2.1' >=a '3.m2e. 1(''3).
2.1' >= '3.2.1')
[debug] &amp#27;[35m[ADB]&amp#27;[39m There is no need to install/upgrade 'C:\Users\Qadir\AppData\Roaming\npm\node_modules\appium\node_modules\io.appium.settings\apks\settings_apk-[ddeebbuugg.a]p k&amp#27;'[3
5m[ADB]&amp#27;[39m There is no need to install/upgrade 'C:\Users\Qadir\AppData\Roaming\npm\node_modules\appium\node_modules\io.appium.settings\apks\settings_apk-debug.apk'
[debug] &amp#27;[35m[ADB]&amp#27;[39m Getting IDs of all 'io.appium.settings' processes
[debug] &amp#27;[35m[ADB]&amp#27;[39m Running 'C:\Users\Qadir\AppData\Local\Android\Sdk\platform-tools\adb.exe -P 5037 -s 50584a424e443498 shell 'pgrep --help; echo $?''
[debug] &amp#27;[35m[ADB]&amp#27;[39m Getting IDs of all 'io.appium.settings' processes
[debug] &amp#27;[35m[ADB]&amp#27;[39m Running 'C:\Users\Qadir\AppData\Local\Android\Sdk\platform-tools\adb.exe -P 5037 -s emulator-5554 shell 'pgrep --help; echo $?''
[debug] &amp#27;[35m[ADB]&amp#27;[39m Running 'C:\Users\Qadir\AppData\Local\Android\Sdk\platform-tools\adb.exe -P 5037 -s emulator-5554 shell pgrep -f \(\[\[:blank:\]\]\|\^\)io\.appium\.settings\(\[\[:blank:\]\]\|\$\)'
[debug] &amp#27;[35m[AndroidDriver]&amp#27;[39m io.appium.settings is already running. There is no need to reset its permissions.
[debug] &amp#27;[35m[Logcat]&amp#27;[39m Starting logs capture with command: C:\\Users\\Qadir\\AppData\\Local\\Android\\Sdk\\platform-tools\\adb.exe -P 5037 -s emulator-5554 logcat -v threadtime
[debug] &amp#27;[35m[ADB]&amp#27;[39m Running 'C:\Users\Qadir\AppData\Local\Android\Sdk\platform-tools\adb.exe -P 5037 -s 50584a424e443498 shell pgrep -f \(\[\[:blank:\]\]\|\^\)io\.appium\.settings\(\[\[:blank:\]\]\|\$\)'
[debug] &amp#27;[35m[AndroidDriver]&amp#27;[39m io.appium.settings is already running. There is no need to reset its permissions.
[debug] &amp#27;[35m[ADB]&amp#27;[39m Running 'C:\Users\Qadir\AppData\Local\Android\Sdk\platform-tools\adb.exe -P 5037 -s 50584a424e443498 shell appops set io.appium.settings android:mock_location allow'
[debug] &amp#27;[35m[UiAutomator2]&amp#27;[39m Forwarding UiAutomator2 Server port 6790 to local port 10001
[debug] &amp#27;[35m[ADB]&amp#27;[39m Forwarding system: 10001 to device: 6790
[debug] &amp#27;[35m[ADB]&amp#27;[39m Running 'C:\Users\Qadir\AppData\Local\Android\Sdk\platform-tools\adb.exe -P 5037 -s emulator-5554 forward tcp:10001 tcp:6790'
[debug] &amp#27;[35m[Logcat]&amp#27;[39m Starting logs capture with command: C:\\Users\\Qadir\\AppData\\Local\\Android\\Sdk\\platform-tools\\adb.exe -P 5037 -s 50584a424e443498 logcat -v threadtime
[debug] &amp#27;[35m[ADB]&amp#27;[39m Getting install status for io.appium.uiautomator2.server
[debug] &amp#27;[35m[ADB]&amp#27;[39m Running 'C:\Users\Qadir\AppData\Local\Android\Sdk\platform-tools\adb.exe -P 5037 -s emulator-5554 shell dumpsys package io.appium.uiautomator2.server'
[debug] &amp#27;[35m[UiAutomator2]&amp#27;[39m Forwarding UiAutomator2 Server port 6790 to local port 10000
[debug] &amp#27;[35m[ADB]&amp#27;[39m Forwarding system: 10000 to device: 6790
[debug] &amp#27;[35m[ADB]&amp#27;[39m Running 'C:\Users\Qadir\AppData\Local\Android\Sdk\platform-tools\adb.exe -P 5037 -s 50584a424e443498 forward tcp:10000 tcp:6790'
[debug] &amp#27;[35m[ADB]&amp#27;[39m Getting install status for io.appium.uiautomator2.server
[debug] &amp#27;[35m[ADB]&amp#27;[39m Running 'C:\Users\Qadir\AppData\Local\Android\Sdk\platform-tools\adb.exe -P 5037 -s 50584a424e443498 shell dumpsys package io.appium.uiautomator2.server'
[debug] &amp#27;[35m[ADB]&amp#27;[39m 'io.appium.uiautomator2.server' is installed
[debug] &amp#27;[35m[ADB]&amp#27;[39m Getting package info for 'io.appium.uiautomator2.server'
[debug] &amp#27;[35m[ADB]&amp#27;[39m Running 'C:\Users\Qadir\AppData\Local\Android\Sdk\platform-tools\adb.exe -P 5037 -s emulator-5554 shell dumpsys package io.appium.uiautomator2.server'
[debug] &amp#27;[35m[ADB]&amp#27;[39m 'io.appium.uiautomator2.server' is installed
[debug] &amp#27;[35m[ADB]&amp#27;[39m Getting package info for 'io.appium.uiautomator2.server'
[debug] &amp#27;[35m[ADB]&amp#27;[39m Running 'C:\Users\Qadir\AppData\Local\Android\Sdk\platform-tools\adb.exe -P 5037 -s 50584a424e443498 shell dumpsys package io.appium.uiautomator2.server'
[debug] &amp#27;[35m[ADB]&amp#27;[39m The version name of the installed 'io.appium.uiautomator2.server' is greater or equal to the application version name ('4.17.4' >= '4.17.4')
[debug] &amp#27;[35m[UiAutomator2]&amp#27;[39m io.appium.uiautomator2.server installation state: sameVersionInstalled
[debug] &amp#27;[35m[ADB]&amp#27;[39m Checking app cert for C:\Users\Qadir\AppData\Roaming\npm\node_modules\appium\node_modules\appium-uiautomator2-server\apks\appium-uiautomator2-server-v4.17.4.apk
[debug] &amp#27;[35m[ADB]&amp#27;[39m The version name of the installed 'io.appium.uiautomator2.server' is greater or equal to the application version name ('4.17.4' >= '4.17.4')
[debug] &amp#27;[35m[UiAutomator2]&amp#27;[39m io.appium.uiautomator2.server installation state: sameVersionInstalled
[debug] &amp#27;[35m[ADB]&amp#27;[39m Checking app cert for C:\Users\Qadir\AppData\Roaming\npm\node_modules\appium\node_modules\appium-uiautomator2-server\apks\appium-uiautomator2-server-v4.17.4.apk
&amp#27;[35m[ADB]&amp#27;[39m Using 'apksigner.jar' from 'C:\Users\Qadir\AppData\Local\Android\Sdk\build-tools\30.0.3\lib\apksigner.jar'
[debug] &amp#27;[35m[ADB]&amp#27;[39m Starting apksigner: 'C:\\Program Files\\Java\\jdk-10.0.2\\bin\\java.exe' -Xmx1024M -Xss1m -jar C:\\Users\\Qadir\\AppData\\Local\\Android\\Sdk\\build-tools\\30.0.3\\lib\\apksigner.jar verify --print-certs C:\\Users\\Qadir\\AppData\\Roaming\\npm\\node_modules\\appium\\node_modules\\appium-uiautomator2-server\\apks\\appium-uiautomator2-server-v4.17.4.apk
&amp#27;[35m[ADB]&amp#27;[39m Using 'apksigner.jar' from 'C:\Users\Qadir\AppData\Local\Android\Sdk\build-tools\30.0.3\lib\apksigner.jar'
[debug] &amp#27;[35m[ADB]&amp#27;[39m Starting apksigner: 'C:\\Program Files\\Java\\jdk-10.0.2\\bin\\java.exe' -Xmx1024M -Xss1m -jar C:\\Users\\Qadir\\AppData\\Local\\Android\\Sdk\\build-tools\\30.0.3\\lib\\apksigner.jar verify --print-certs C:\\Users\\Qadir\\AppData\\Roaming\\npm\\node_modules\\appium\\node_modules\\appium-uiautomator2-server\\apks\\appium-uiautomator2-server-v4.17.4.apk
[debug] &amp#27;[35m[ADB]&amp#27;[39m apksigner stdout: Signer #1 certificate DN: EMAILADDRESS=android@android.com, CN=Android, OU=Android, O=Android, L=Mountain View, ST=California, C=US
[debug] &amp#27;[35m[ADB]&amp#27;[39m Signer #1 certificate SHA-256 digest: a40da80a59d170caa950cf15c18c454d47a39b26989d8b640ecd745ba71bf5dc
[debug] &amp#27;[35m[ADB]&amp#27;[39m Signer #1 certificate SHA-1 digest: 61ed377e85d386a8dfee6b864bd85b0bfaa5af81
[debug] &amp#27;[35m[ADB]&amp#27;[39m Signer #1 certificate MD5 digest: e89b158e4bcf988ebd09eb83f5378e87
[debug] &amp#27;[35m[ADB]&amp#27;[39m 
[debug] &amp#27;[35m[ADB]&amp#27;[39m apksigner stdout: Signer #1 certificate DN: EMAILADDRESS=android@android.com, CN=Android, OU=Android, O=Android, L=Mountain View, ST=California, C=US
[debug] &amp#27;[35m[ADB]&amp#27;[39m Signer #1 certificate SHA-256 digest: a40da80a59d170caa950cf15c18c454d47a39b26989d8b640ecd745ba71bf5dc
[debug] &amp#27;[35m[ADB]&amp#27;[39m Signer #1 certificate SHA-1 digest: 61ed377e85d386a8dfee6b864bd85b0bfaa5af81
[debug] &amp#27;[35m[ADB]&amp#27;[39m Signer #1 certificate MD5 digest: e89b158e4bcf988ebd09eb83f5378e87
[debug] &amp#27;[35m[ADB]&amp#27;[39m 
[debug] &amp#27;[35m[ADB]&amp#27;[39m sha256 hash did match for 'appium-uiautomator2-server-v4.17.4.apk'
&amp#27;[35m[ADB]&amp#27;[39m 'C:\Users\Qadir\AppData\Roaming\npm\node_modules\appium\node_modules\appium-uiautomator2-server\apks\appium-uiautomator2-server-v4.17.4.apk' is signed with the default certificate
[debug] &amp#27;[35m[ADB]&amp#27;[39m Getting install status for io.appium.uiautomator2.server.test
[debug] &amp#27;[35m[ADB]&amp#27;[39m Running 'C:\Users\Qadir\AppData\Local\Android\Sdk\platform-tools\adb.exe -P 5037 -s 50584a424e443498 shell dumpsys package io.appium.uiautomator2.server.test'
[debug] &amp#27;[35m[ADB]&amp#27;[39m sha256 hash did match for 'appium-uiautomator2-server-v4.17.4.apk'
&amp#27;[35m[ADB]&amp#27;[39m 'C:\Users\Qadir\AppData\Roaming\npm\node_modules\appium\node_modules\appium-uiautomator2-server\apks\appium-uiautomator2-server-v4.17.4.apk' is signed with the default certificate
[debug] &amp#27;[35m[ADB]&amp#27;[39m Getting install status for io.appium.uiautomator2.server.test
[debug] &amp#27;[35m[ADB]&amp#27;[39m Running 'C:\Users\Qadir\AppData\Local\Android\Sdk\platform-tools\adb.exe -P 5037 -s emulator-5554 shell dumpsys package io.appium.uiautomator2.server.test'
[debug] &amp#27;[35m[ADB]&amp#27;[39m 'io.appium.uiautomator2.server.test' is installed
[debug] &amp#27;[35m[ADB]&amp#27;[39m Checking app cert for C:\Users\Qadir\AppData\Roaming\npm\node_modules\appium\node_modules\appium-uiautomator2-server\apks\appium-uiautomator2-server-debug-androidTest.apk
[debug] &amp#27;[35m[ADB]&amp#27;[39m Starting apksigner: 'C:\\Program Files\\Java\\jdk-10.0.2\\bin\\java.exe' -Xmx1024M -Xss1m -jar C:\\Users\\Qadir\\AppData\\Local\\Android\\Sdk\\build-tools\\30.0.3\\lib\\apksigner.jar verify --print-certs C:\\Users\\Qadir\\AppData\\Roaming\\npm\\node_modules\\appium\\node_modules\\appium-uiautomator2-server\\apks\\appium-uiautomator2-server-debug-androidTest.apk
[debug] &amp#27;[35m[ADB]&amp#27;[39m 'io.appium.uiautomator2.server.test' is installed
[debug] &amp#27;[35m[ADB]&amp#27;[39m Checking app cert for C:\Users\Qadir\AppData\Roaming\npm\node_modules\appium\node_modules\appium-uiautomator2-server\apks\appium-uiautomator2-server-debug-androidTest.apk
[debug] &amp#27;[35m[ADB]&amp#27;[39m Starting apksigner: 'C:\\Program Files\\Java\\jdk-10.0.2\\bin\\java.exe' -Xmx1024M -Xss1m -jar C:\\Users\\Qadir\\AppData\\Local\\Android\\Sdk\\build-tools\\30.0.3\\lib\\apksigner.jar verify --print-certs C:\\Users\\Qadir\\AppData\\Roaming\\npm\\node_modules\\appium\\node_modules\\appium-uiautomator2-server\\apks\\appium-uiautomator2-server-debug-androidTest.apk
[debug] &amp#27;[35m[ADB]&amp#27;[39m apksigner stdout: Signer #1 certificate DN: EMAILADDRESS=android@android.com, CN=Android, OU=Android, O=Android, L=Mountain View, ST=California, C=US
[debug] &amp#27;[35m[ADB]&amp#27;[39m Signer #1 certificate SHA-256 digest: a40da80a59d170caa950cf15c18c454d47a39b26989d8b640ecd745ba71bf5dc
[debug] &amp#27;[35m[ADB]&amp#27;[39m Signer #1 certificate SHA-1 digest: 61ed377e85d386a8dfee6b864bd85b0bfaa5af81
[debug] &amp#27;[35m[ADB]&amp#27;[39m Signer #1 certificate MD5 digest: e89b158e4bcf988ebd09eb83f5378e87
[debug] &amp#27;[35m[ADB]&amp#27;[39m 
[debug] &amp#27;[35m[ADB]&amp#27;[39m apksigner stdout: Signer #1 certificate DN: EMAILADDRESS=android@android.com, CN=Android, OU=Android, O=Android, L=Mountain View, ST=California, C=US
[debug] &amp#27;[35m[ADB]&amp#27;[39m Signer #1 certificate SHA-256 digest: a40da80a59d170caa950cf15c18c454d47a39b26989d8b640ecd745ba71bf5dc
[debug] &amp#27;[35m[ADB]&amp#27;[39m Signer #1 certificate SHA-1 digest: 61ed3[77ed8e5bdu3g8]6 a&amp#27;8[d3f5me[eA6bD8B6]4&amp#27;b[d3895mb 0sbhfaa2a556a fh8a1sh
[debu gd]i d&amp#27; [m3a5tmc[AhD Bf]o&amp#27;r[ 3'9amp pSiiumgn-euri a#u1t ocmearttoirf2i-csaetrve eMrD-5d ebdiugg-easntd: reo8i9dbT1es5t8e.4abpckf'98
8ebd09eb83f5378e87
[debug] &amp#27;[35m[ADB]&amp#27;[39m 
&amp#27;[35m[ADB]&amp#27;[39m '[C:d\ebUusge]r s&amp#27;\[Qa3d5imr[\AADpBp]D&amp#27;a[t3a9\mR osahmai25n6g \nhpams\h ndido dmea_tmcoh dufloers \'aappppiiuumm\-nuoidaeut_ommoadtuloers2\-aspeprivuemr--dueibauugt-oamnadtroori2d-Tseesrtv.earp\ka'p
k&amp#27;s[\3a5pmp[iAuDmB-]u&amp#27;i[a3u9tmo m'aCt:o\Urs2e-rsse\rQvaedri-rd\eAbpupgD-aatna\dRrooaimdiTnegs\tn.pamp\kn'o dies_ msoidgulneesd\ awpiptihu mt\hneo ddee_fmaoudlutl ecse\ratpipfiiucma-tueia
u&amp#27;t[o3m5amt[orUi2A-usetormvaetro\ra2p]k&amp#27;s[\3a9pmp iSuemr-vueira puatcokmaages are not going to be (re)installed
tor2-server-debug-androidTest.apk' is signed with the default certificate
&amp#27;[35m[UiAutomator2]&amp#27;[39m Server packages are not going to be (re)installed
[d[ebduegb]u g] &amp#27;[35m[Ui&amp#27;[35m[UiAutomator2]&amp#27;[39m Waiting up to 30000ms for services to be available
[debug] &amp#27;[35m[ADB]&amp#27;[39m Running 'C:\Users\Qadir\AppData\Local\Android\Sdk\platform-tools\adb.exe -P 5037 -s emulator-5554 shell pm list instrumentation'
Automator2]&amp#27;[39m Waiting up to 30000ms for services to be available
[debug] &amp#27;[35m[ADB]&amp#27;[39m Running 'C:\Users\Qadir\AppData\Local\Android\Sdk\platform-tools\adb.exe -P 5037 -s 50584a424e443498 shell pm list instrumentation'
[debug] &amp#27;[35m[UiAutomator2]&amp#27;[39m Instrumentation target 'io.appium.uiautomator2.server.test/androidx.test.runner.AndroidJUnitRunner' is available
&amp#27;[35m[ADB]&amp#27;[39m Adding packages ["io.appium.settings","io.appium.uiautomator2.server","io.appium.uiautomator2.server.test"] to Doze whitelist
[debug] &amp#27;[35m[ADB]&amp#27;[39m Got the following command chunks to execute: [["dumpsys","deviceidle","whitelist","+io.appium.settings",";","dumpsys","deviceidle","whitelist","+io.appium.uiautomator2.server",";","dumpsys","deviceidle","whitelist","+io.appium.uiautomator2.server.test",";"]]
[debug] &amp#27;[35m[ADB]&amp#27;[39m Running 'C:\Users\Qadir\AppData\Local\Android\Sdk\platform-tools\adb.exe -P 5037 -s emulator-5554 shell dumpsys deviceidle whitelist +io.appium.settings ; dumpsys deviceidle whitelist +io.appium.uiautomator2.server ; dumpsys deviceidle whitelist +io.appium.uiautomator2.server.test ;'
[debug] &amp#27;[35m[UiAutomator2]&amp#27;[39m Instrumentation target 'io.appium.uiautomator2.server.test/androidx.test.runner.AndroidJUnitRunner' is available
&amp#27;[35m[ADB]&amp#27;[39m Adding packages ["io.appium.settings","io.appium.uiautomator2.server","io.appium.uiautomator2.server.test"] to Doze whitelist
[debug] &amp#27;[35m[ADB]&amp#27;[39m Got the following command chunks to execute: [["dumpsys","deviceidle","whitelist","+io.appium.settings",";","dumpsys","deviceidle","whitelist","+io.appium.uiautomator2.server",";","dumpsys","deviceidle","whitelist","+io.appium.uiautomator2.server.test",";"]]
[debug] &amp#27;[35m[ADB]&amp#27;[39m Running 'C:\Users\Qadir\AppData\Local\Android\Sdk\platform-tools\adb.exe -P 5037 -s 50584a424e443498 shell dumpsys deviceidle whitelist +io.appium.settings ; dumpsys deviceidle whitelist +io.appium.uiautomator2.server ; dumpsys deviceidle whitelist +io.appium.uiautomator2.server.test ;'
[debug] &amp#27;[35m[ADB]&amp#27;[39m Checking app cert for C:\Users\Qadir\eclipse-workspace\Selenium Udemy\CucumberFramework- TestNG\src\test\resources\apps\Saucelabs.apk
[debug] &amp#27;[35m[ADB]&amp#27;[39m Starting apksigner: 'C:\\Program Files\\Java\\jdk-10.0.2\\bin\\java.exe' -Xmx1024M -Xss1m -jar C:\\Users\\Qadir\\AppData\\Local\\Android\\Sdk\\build-tools\\30.0.3\\lib\\apksigner.jar verify --print-certs 'C:\\Users\\Qadir\\eclipse-workspace\\Selenium Udemy\\CucumberFramework- TestNG\\src\\test\\resources\\apps\\Saucelabs.apk'
[debug] &amp#27;[35m[ADB]&amp#27;[39m Checking app cert for C:\Users\Qadir\eclipse-workspace\Selenium Udemy\CucumberFramework- TestNG\src\test\resources\apps\Saucelabs.apk
[debug] &amp#27;[35m[ADB]&amp#27;[39m Starting apksigner: 'C:\\Program Files\\Java\\jdk-10.0.2\\bin\\java.exe' -Xmx1024M -Xss1m -jar C:\\Users\\Qadir\\AppData\\Local\\Android\\Sdk\\build-tools\\30.0.3\\lib\\apksigner.jar verify --print-certs 'C:\\Users\\Qadir\\eclipse-workspace\\Selenium Udemy\\CucumberFramework- TestNG\\src\\test\\resources\\apps\\Saucelabs.apk'
[debug] &amp#27;[35m[ADB]&amp#27;[39m apksigner stdout: Signer #1 certificate DN: CN=wswebcreation, OU=sample-app, O=Sauce Labs, L=San Francisco, ST=California, C=CA
[debug] &amp#27;[35m[ADB]&amp#27;[39m Signer #1 certificate SHA-256 digest: 24fd76156cde9748f50e68dbdafde6498ec4beaa41316438d06ffdde41ce7a3d
[debug] &amp#27;[35m[ADB]&amp#27;[39m Signer #1 certificate SHA-1 digest: 2a1a91b5b813edbd94986bffb8398349b9b504e0
[debug] &amp#27;[35m[ADB]&amp#27;[39m Signer #1 certificate MD5 digest: ac89c8eda61ba1f13ee22bae56d13abc
[debug] &amp#27;[35m[ADB]&amp#27;[39m 
&amp#27;[35m[ADB]&amp#27;[39m 'C:\Users\Qadir\eclipse-workspace\Selenium Udemy\CucumberFramework- TestNG\src\test\resources\apps\Saucelabs.apk' is signed with a non-default certificate
[debug] &amp#27;[35m[ADB]&amp#27;[39m Getting install status for com.swaglabsmobileapp
[debug] &amp#27;[35m[ADB]&amp#27;[39m Running 'C:\Users\Qadir\AppData\Local\Android\Sdk\platform-tools\adb.exe -P 5037 -s emulator-5554 shell dumpsys package com.swaglabsmobileapp'
[debug] &amp#27;[35m[ADB]&amp#27;[39m apksigner stdout: Signer #1 certificate DN: CN=wswebcreation, OU=sample-app, O=Sauce Labs, L=San Francisco, ST=California, C=CA
[debug] &amp#27;[35m[ADB]&amp#27;[39m Signer #1 certificate SHA-256 digest: 24fd76156cde9748f50e68dbdafde6498ec4beaa41316438d06ffdde41ce7a3d
[debug] &amp#27;[35m[ADB]&amp#27;[39m Signer #1 certificate SHA-1 digest: 2a1a91b5b813edbd94986bffb8398349b9b504e0
[debug] &amp#27;[35m[ADB]&amp#27;[39m Signer #1 certificate MD5 digest: ac89c8eda61ba1f13ee22bae56d13abc
[debug] &amp#27;[35m[ADB]&amp#27;[39m 
&amp#27;[35m[ADB]&amp#27;[39m 'C:\Users\Qadir\eclipse-workspace\Selenium Udemy\CucumberFramework- TestNG\src\test\resources\apps\Saucelabs.apk' is signed with a non-default certificate
[debug] &amp#27;[35m[ADB]&amp#27;[39m Getting install status for com.swaglabsmobileapp
[debug] &amp#27;[35m[ADB]&amp#27;[39m Running 'C:\Users\Qadir\AppData\Local\Android\Sdk\platform-tools\adb.exe -P 5037 -s 50584a424e443498 shell dumpsys package com.swaglabsmobileapp'
[debug] &amp#27;[35m[ADB]&amp#27;[39m 'com.swaglabsmobileapp' is installed
[debug] &amp#27;[35m[ADB]&amp#27;[39m Getting package info for 'com.swaglabsmobileapp'
[debug] &amp#27;[35m[ADB]&amp#27;[39m Running 'C:\Users\Qadir\AppData\Local\Android\Sdk\platform-tools\adb.exe -P 5037 -s emulator-5554 shell dumpsys package com.swaglabsmobileapp'
[debug] &amp#27;[35m[ADB]&amp#27;[39m The version name of the installed 'com.swaglabsmobileapp' is greater or equal to the application version name ('2.7.1' >= '2.7.1')
[debug] &amp#27;[35m[ADB]&amp#27;[39m There is no need to install/upgrade 'C:\Users\Qadir\eclipse-workspace\Selenium Udemy\CucumberFramework- TestNG\src\test\resources\apps\Saucelabs.apk'
&amp#27;[35m[AndroidDriver]&amp#27;[39m Performing fast reset on 'com.swaglabsmobileapp'
[debug] &amp#27;[35m[ADB]&amp#27;[39m Getting install status for com.swaglabsmobileapp
[debug] &amp#27;[35m[ADB]&amp#27;[39m Running 'C:\Users\Qadir\AppData\Local\Android\Sdk\platform-tools\adb.exe -P 5037 -s emulator-5554 shell dumpsys package com.swaglabsmobileapp'
[debug] &amp#27;[35m[ADB]&amp#27;[39m 'com.swaglabsmobileapp' is installed
[debug] &amp#27;[35m[ADB]&amp#27;[39m Running 'C:\Users\Qadir\AppData\Local\Android\Sdk\platform-tools\adb.exe -P 5037 -s emulator-5554 shell am force-stop com.swaglabsmobileapp'
[debug] &amp#27;[35m[ADB]&amp#27;[39m Running 'C:\Users\Qadir\AppData\Local\Android\Sdk\platform-tools\adb.exe -P 5037 -s emulator-5554 shell pm clear com.swaglabsmobileapp'
[debug] &amp#27;[35m[ADB]&amp#27;[39m 'com.swaglabsmobileapp' is installed
[debug] &amp#27;[35m[ADB]&amp#27;[39m Getting package info for 'com.swaglabsmobileapp'
[debug] &amp#27;[35m[ADB]&amp#27;[39m Running 'C:\Users\Qadir\AppData\Local\Android\Sdk\platform-tools\adb.exe -P 5037 -s 50584a424e443498 shell dumpsys package com.swaglabsmobileapp'
[debug] &amp#27;[35m[ADB]&amp#27;[39m The version name of the installed 'com.swaglabsmobileapp' is greater or equal to the application version name ('2.7.1' >= '2.7.1')
[debug] &amp#27;[35m[ADB]&amp#27;[39m There is no need to install/upgrade 'C:\Users\Qadir\eclipse-workspace\Selenium Udemy\CucumberFramework- TestNG\src\test\resources\apps\Saucelabs.apk'
&amp#27;[35m[AndroidDriver]&amp#27;[39m Performing fast reset on 'com.swaglabsmobileapp'
[debug] &amp#27;[35m[ADB]&amp#27;[39m Getting install status for com.swaglabsmobileapp
[debug] &amp#27;[35m[ADB]&amp#27;[39m Running 'C:\Users\Qadir\AppData\Local\Android\Sdk\platform-tools\adb.exe -P 5037 -s 50584a424e443498 shell dumpsys package com.swaglabsmobileapp'
[debug] &amp#27;[35m[ADB]&amp#27;[39m 'com.swaglabsmobileapp' is installed
[debug] &amp#27;[35m[ADB]&amp#27;[39m Running 'C:\Users\Qadir\AppData\Local\Android\Sdk\platform-tools\adb.exe -P 5037 -s 50584a424e443498 shell am force-stop com.swaglabsmobileapp'
[debug] &amp#27;[35m[ADB]&amp#27;[39m Running 'C:\Users\Qadir\AppData\Local\Android\Sdk\platform-tools\adb.exe -P 5037 -s 50584a424e443498 shell pm clear com.swaglabsmobileapp'
[debug] &amp#27;[35m[AndroidDriver]&amp#27;[39m Performed fast reset on the installed 'com.swaglabsmobileapp' application (stop and clear)
[debug] &amp#27;[35m[UiAutomator2]&amp#27;[39m Performing shallow cleanup of automation leftovers
[debug] &amp#27;[35m[UiAutomator2]&amp#27;[39m No obsolete sessions have been detected (socket hang up)
[debug] &amp#27;[35m[ADB]&amp#27;[39m Running 'C:\Users\Qadir\AppData\Local\Android\Sdk\platform-tools\adb.exe -P 5037 -s 50584a424e443498 shell am force-stop io.appium.uiautomator2.server.test'
[debug] &amp#27;[35m[AndroidDriver]&amp#27;[39m Performed fast reset on the installed 'com.swaglabsmobileapp' application (stop and clear)
[debug] &amp#27;[35m[UiAutomator2]&amp#27;[39m Performing shallow cleanup of automation leftovers
&amp#27;[35m[UiAutomator2]&amp#27;[39m Starting UIAutomator2 server 4.17.4
&amp#27;[35m[UiAutomator2]&amp#27;[39m Using UIAutomator2 server from 'C:\Users\Qadir\AppData\Roaming\npm\node_modules\appium\node_modules\appium-uiautomator2-server\apks\appium-uiautomator2-server-v4.17.4.apk' and test from 'C:\Users\Qadir\AppData\Roaming\npm\node_modules\appium\node_modules\appium-uiautomator2-server\apks\appium-uiautomator2-server-debug-androidTest.apk'
&amp#27;[35m[UiAutomator2]&amp#27;[39m Waiting up to 30000ms for UiAutomator2 to be online...
[debug] &amp#27;[35m[ADB]&amp#27;[39m Creating ADB subprocess with args: ["-P",5037,"-s","50584a424e443498","shell","am","instrument","-w","io.appium.uiautomator2.server.test/androidx.test.runner.AndroidJUnitRunner"]
[debug] &amp#27;[35m[WD Proxy]&amp#27;[39m Matched '/status' to command name 'getStatus'
[debug] &amp#27;[35m[WD Proxy]&amp#27;[39m Proxying [GET /status] to [GET http://127.0.0.1:10000/wd/hub/status] with no body
&amp#27;[35m[WD Proxy]&amp#27;[39m socket hang up
[debug] &amp#27;[35m[UiAutomator2]&amp#27;[39m No obsolete sessions have been detected (socket hang up)
[debug] &amp#27;[35m[ADB]&amp#27;[39m Running 'C:\Users\Qadir\AppData\Local\Android\Sdk\platform-tools\adb.exe -P 5037 -s emulator-5554 shell am force-stop io.appium.uiautomator2.server.test'
&amp#27;[35m[UiAutomator2]&amp#27;[39m Starting UIAutomator2 server 4.17.4
&amp#27;[35m[UiAutomator2]&amp#27;[39m Using UIAutomator2 server from 'C:\Users\Qadir\AppData\Roaming\npm\node_modules\appium\node_modules\appium-uiautomator2-server\apks\appium-uiautomator2-server-v4.17.4.apk' and test from 'C:\Users\Qadir\AppData\Roaming\npm\node_modules\appium\node_modules\appium-uiautomator2-server\apks\appium-uiautomator2-server-debug-androidTest.apk'
&amp#27;[35m[UiAutomator2]&amp#27;[39m Waiting up to 30000ms for UiAutomator2 to be online...
[debug] &amp#27;[35m[ADB]&amp#27;[39m Creating ADB subprocess with args: ["-P",5037,"-s","emulator-5554","shell","am","instrument","-w","io.appium.uiautomator2.server.test/androidx.test.runner.AndroidJUnitRunner"]
[debug] &amp#27;[35m[WD Proxy]&amp#27;[39m Matched '/status' to command name 'getStatus'
[debug] &amp#27;[35m[WD Proxy]&amp#27;[39m Proxying [GET /status] to [GET http://127.0.0.1:10001/wd/hub/status] with no body
&amp#27;[35m[WD Proxy]&amp#27;[39m socket hang up
[debug] &amp#27;[35m[WD Proxy]&amp#27;[39m Matched '/status' to command name 'getStatus'
[debug] &amp#27;[35m[WD Proxy]&amp#27;[39m Proxying [GET /status] to [GET http://127.0.0.1:10000/wd/hub/status] with no body
&amp#27;[35m[WD Proxy]&amp#27;[39m socket hang up
[debug] &amp#27;[35m[WD Proxy]&amp#27;[39m Matched '/status' to command name 'getStatus'
[debug] &amp#27;[35m[WD Proxy]&amp#27;[39m Proxying [GET /status] to [GET http://127.0.0.1:10001/wd/hub/status] with no body
&amp#27;[35m[WD Proxy]&amp#27;[39m socket hang up
[debug] &amp#27;[35m[Instrumentation]&amp#27;[39m io.appium.uiautomator2.server.test.AppiumUiAutomator2Server:
[debug] &amp#27;[35m[WD Proxy]&amp#27;[39m Matched '/status' to command name 'getStatus'
[debug] &amp#27;[35m[WD Proxy]&amp#27;[39m Proxying [GET /status] to [GET http://127.0.0.1:10000/wd/hub/status] with no body
&amp#27;[35m[WD Proxy]&amp#27;[39m socket hang up
[debug] &amp#27;[35m[WD Proxy]&amp#27;[39m Matched '/status' to command name 'getStatus'
[debug] &amp#27;[35m[WD Proxy]&amp#27;[39m Proxying [GET /status] to [GET http://127.0.0.1:10001/wd/hub/status] with no body
&amp#27;[35m[WD Proxy]&amp#27;[39m socket hang up
[debug] &amp#27;[35m[WD Proxy]&amp#27;[39m Matched '/status' to command name 'getStatus'
[debug] &amp#27;[35m[WD Proxy]&amp#27;[39m Proxying [GET /status] to [GET http://127.0.0.1:10000/wd/hub/status] with no body
[debug] &amp#27;[35m[WD Proxy]&amp#27;[39m Got response with status 200: {"sessionId":"None","value":{"message":"UiAutomator2 Server is ready to accept commands","ready":true}}
[debug] &amp#27;[35m[UiAutomator2]&amp#27;[39m The initialization of the instrumentation process took 3144ms
[debug] &amp#27;[35m[WD Proxy]&amp#27;[39m Matched '/session' to command name 'createSession'
[debug] &amp#27;[35m[WD Proxy]&amp#27;[39m Proxying [POST /session] to [POST http://127.0.0.1:10000/wd/hub/session] with body: {"capabilities":{"firstMatch":[{"platform":"LINUX","webStorageEnabled":false,"takesScreenshot":true,"javascriptEnabled":true,"databaseEnabled":false,"networkConnectionEnabled":true,"locationContextEnabled":false,"warnings":{},"desired":{"platformName":"android","chromeDriverPort":110000,"app":"C:\\Users\\Qadir\\eclipse-workspace\\Selenium Udemy\\CucumberFramework- TestNG\\src\\test\\resources\\apps\\Saucelabs.apk","appActivity":"com.swaglabsmobileapp.MainActivity","appPackage":"com.swaglabsmobileapp","automationName":"UIAutomator2","deviceName":"Galaxy S9","systemPort":10000,"udid":"50584a424e443498"},"platformName":"android","chromeDriverPort":110000,"app":"C:\\Users\\Qadir\\eclipse-workspace\\Selenium Udemy\\CucumberFramework- TestNG\\src\\test\\resources\\apps\\Saucelabs.apk","appActivity":"com.swaglabsmobileapp.MainActivity","appPackage":"com.swaglabsmobileapp","automationName":"UIAutomator2","deviceName":"50584a424e443498","systemPort":10000,"udid":"50584a424e443498","deviceUDID":"50584a424e443498"}],...
[debug] &amp#27;[35m[WD Proxy]&amp#27;[39m Matched '/status' to command name 'getStatus'
[debug] &amp#27;[35m[WD Proxy]&amp#27;[39m Proxying [GET /status] to [GET http://127.0.0.1:10001/wd/hub/status] with no body
[debug] &amp#27;[35m[WD Proxy]&amp#27;[39m Got response with status 200: {"sessionId":"9ce757c2-589f-4e51-be5c-672f84d5d82f","value":{"capabilities":{"firstMatch":[{"platform":"LINUX","webStorageEnabled":false,"takesScreenshot":true,"javascriptEnabled":true,"databaseEnabled":false,"networkConnectionEnabled":true,"locationContextEnabled":false,"warnings":{},"desired":{"platformName":"android","chromeDriverPort":110000,"app":"C:\\Users\\Qadir\\eclipse-workspace\\Selenium Udemy\\CucumberFramework- TestNG\\src\\test\\resources\\apps\\Saucelabs.apk","appActivity":"com.swaglabsmobileapp.MainActivity","appPackage":"com.swaglabsmobileapp","automationName":"UIAutomator2","deviceName":"Galaxy S9","systemPort":10000,"udid":"50584a424e443498"},"platformName":"android","chromeDriverPort":110000,"app":"C:\\Users\\Qadir\\eclipse-workspace\\Selenium Udemy\\CucumberFramework- TestNG\\src\\test\\resources\\apps\\Saucelabs.apk","appActivity":"com.swaglabsmobileapp.MainActivity","appPackage":"com.swaglabsmobileapp","automationName":"UIAutomator2","deviceName":"50584a424e443498","systemPort":10000,...
&amp#27;[35m[WD Proxy]&amp#27;[39m Determined the downstream protocol as 'W3C'
&amp#27;[35m[WD Proxy]&amp#27;[39m socket hang up
[debug] &amp#27;[35m[WD Proxy]&amp#27;[39m Proxying [GET /appium/device/info] to [GET http://127.0.0.1:10000/wd/hub/session/9ce757c2-589f-4e51-be5c-672f84d5d82f/appium/device/info] with no body
[debug] &amp#27;[35m[WD Proxy]&amp#27;[39m Got response with status 200: {"sessionId":"9ce757c2-589f-4e51-be5c-672f84d5d82f","value":{"androidId":"b753cfe226b32158","apiVersion":"29","bluetooth":{"state":"OFF"},"brand":"samsung","carrierName":"Fido","displayDensity":480,"locale":"en_CA","manufacturer":"samsung","model":"SM-G960W","networks":[{"capabilities":{"SSID":null,"linkDownBandwidthKbps":30000,"linkUpstreamBandwidthKbps":15000,"networkCapabilities":"NET_CAPABILITY_IMS,NET_CAPABILITY_NOT_METERED,NET_CAPABILITY_TRUSTED,NET_CAPABILITY_NOT_VPN,NET_CAPABILITY_VALIDATED,NET_CAPABILITY_NOT_ROAMING,NET_CAPABILITY_FOREGROUND,NET_CAPABILITY_NOT_CONGESTED,NET_CAPABILITY_NOT_SUSPENDED","signalStrength":-2147483648,"transportTypes":"TRANSPORT_CELLULAR"},"detailedState":"CONNECTED","extraInfo":"ims","isAvailable":true,"isConnected":true,"isFailover":false,"isRoaming":false,"state":"CONNECTED","subtype":13,"subtypeName":"LTE","type":0,"typeName":"MOBILE"},{"capabilities":{"SSID":null,"linkDownBandwidthKbps":1048576,"linkUpstreamBandwidthKbps":1048576,"networkCapabilities":"NET_CAPABILIT...
[debug] &amp#27;[35m[ADB]&amp#27;[39m Running 'C:\Users\Qadir\AppData\Local\Android\Sdk\platform-tools\adb.exe -P 5037 -s 50584a424e443498 shell dumpsys window'
&amp#27;[35m[AndroidDriver]&amp#27;[39m Screen already unlocked, doing nothing
&amp#27;[35m[UiAutomator2]&amp#27;[39m Starting 'com.swaglabsmobileapp/com.swaglabsmobileapp.MainActivity and waiting for 'com.swaglabsmobileapp/com.swaglabsmobileapp.MainActivity'
[debug] &amp#27;[35m[ADB]&amp#27;[39m Running 'C:\Users\Qadir\AppData\Local\Android\Sdk\platform-tools\adb.exe -P 5037 -s 50584a424e443498 shell am start -W -n com.swaglabsmobileapp/com.swaglabsmobileapp.MainActivity -S -a android.intent.action.MAIN -c android.intent.category.LAUNCHER -f 0x10200000'
[debug] &amp#27;[35m[WD Proxy]&amp#27;[39m Matched '/status' to command name 'getStatus'
[debug] &amp#27;[35m[WD Proxy]&amp#27;[39m Proxying [GET /status] to [GET http://127.0.0.1:10001/wd/hub/status] with no body
&amp#27;[35m[WD Proxy]&amp#27;[39m socket hang up
[debug] &amp#27;[35m[WD Proxy]&amp#27;[39m Proxying [GET /appium/device/pixel_ratio] to [GET http://127.0.0.1:10000/wd/hub/session/9ce757c2-589f-4e51-be5c-672f84d5d82f/appium/device/pixel_ratio] with no body
[debug] &amp#27;[35m[WD Proxy]&amp#27;[39m Got response with status 200: {"sessionId":"9ce757c2-589f-4e51-be5c-672f84d5d82f","value":3}
[debug] &amp#27;[35m[WD Proxy]&amp#27;[39m Matched '/appium/device/system_bars' to command name 'getSystemBars'
[debug] &amp#27;[35m[WD Proxy]&amp#27;[39m Proxying [GET /appium/device/system_bars] to [GET http://127.0.0.1:10000/wd/hub/session/9ce757c2-589f-4e51-be5c-672f84d5d82f/appium/device/system_bars] with no body
[debug] &amp#27;[35m[WD Proxy]&amp#27;[39m Got response with status 200: {"sessionId":"9ce757c2-589f-4e51-be5c-672f84d5d82f","value":{"statusBar":72}}
[debug] &amp#27;[35m[WD Proxy]&amp#27;[39m Matched '/window/current/size' to command name 'getWindowSize'
[debug] &amp#27;[35m[WD Proxy]&amp#27;[39m Proxying [GET /window/current/size] to [GET http://127.0.0.1:10000/wd/hub/session/9ce757c2-589f-4e51-be5c-672f84d5d82f/window/current/size] with no body
[debug] &amp#27;[35m[WD Proxy]&amp#27;[39m Got response with status 200: {"sessionId":"9ce757c2-589f-4e51-be5c-672f84d5d82f","value":{"height":2175,"width":1080}}
&amp#27;[35m[Appium]&amp#27;[39m New AndroidUiautomator2Driver session created successfully, session 2ef3d3a1-b647-4f64-98b3-9ea3b799901e added to master session list
[debug] &amp#27;[35m[BaseDriver]&amp#27;[39m Event 'newSessionStarted' logged at 1624312570192 (17:56:10 GMT-0400 (Eastern Daylight Time))
[debug] &amp#27;[35m[W3C (2ef3d3a1)]&amp#27;[39m Cached the protocol value 'W3C' for the new session 2ef3d3a1-b647-4f64-98b3-9ea3b799901e
[debug] &amp#27;[35m[W3C (2ef3d3a1)]&amp#27;[39m Responding to client with driver.createSession() result: {"capabilities":{"platform":"LINUX","webStorageEnabled":false,"takesScreenshot":true,"javascriptEnabled":true,"databaseEnabled":false,"networkConnectionEnabled":true,"locationContextEnabled":false,"warnings":{},"desired":{"platformName":"android","chromeDriverPort":110000,"app":"C:\\Users\\Qadir\\eclipse-workspace\\Selenium Udemy\\CucumberFramework- TestNG\\src\\test\\resources\\apps\\Saucelabs.apk","appActivity":"com.swaglabsmobileapp.MainActivity","appPackage":"com.swaglabsmobileapp","automationName":"UIAutomator2","deviceName":"Galaxy S9","systemPort":10000,"udid":"50584a424e443498"},"platformName":"android","chromeDriverPort":110000,"app":"C:\\Users\\Qadir\\eclipse-workspace\\Selenium Udemy\\CucumberFramework- TestNG\\src\\test\\resources\\apps\\Saucelabs.apk","appActivity":"com.swaglabsmobileapp.MainActivity","appPackage":"com.swaglabsmobileapp","automationName":"UIAutomator2","deviceName":"50584a424e443498","systemPort":10000,"udid":"50584a424e443498","deviceUDID":"50584a424e443498","deviceApiLevel":...
&amp#27;[35m[HTTP]&amp#27;[39m &amp#27;[37m<-- POST /wd/hub/session &amp#27;[39m&amp#27;[32m200&amp#27;[39m &amp#27;[90m21982 ms - 1318&amp#27;[39m
&amp#27;[35m[HTTP]&amp#27;[39m &amp#27;[90m&amp#27;[39m
[debug] &amp#27;[35m[WD Proxy]&amp#27;[39m Matched '/status' to command name 'getStatus'
[debug] &amp#27;[35m[WD Proxy]&amp#27;[39m Proxying [GET /status] to [GET http://127.0.0.1:10001/wd/hub/status] with no body
&amp#27;[35m[WD Proxy]&amp#27;[39m socket hang up
Initializing driver
[INFO ] 2021-06-21 17:56:10.564 com.qa.utils.DriverManager:57 - Driver is initialized
[debug] &amp#27;[35m[WD Proxy]&amp#27;[39m Matched '/status' to command name 'getStatus'
[debug] &amp#27;[35m[WD Proxy]&amp#27;[39m Proxying [GET /status] to [GET http://127.0.0.1:10001/wd/hub/status] with no body
&amp#27;[35m[WD Proxy]&amp#27;[39m socket hang up
[debug] &amp#27;[35m[WD Proxy]&amp#27;[39m Matched '/status' to command name 'getStatus'
[debug] &amp#27;[35m[WD Proxy]&amp#27;[39m Proxying [GET /status] to [GET http://127.0.0.1:10001/wd/hub/status] with no body
&amp#27;[35m[WD Proxy]&amp#27;[39m socket hang up

@test
Scenario Outline: Login with invalid user name                                                          # src/test/resources/Login.feature:11
&amp#27;[35m[HTTP]&amp#27;[39m &amp#27;[37m-->&amp#27;[39m &amp#27;[37mPOST&amp#27;[39m &amp#27;[37m/wd/hub/session/2ef3d3a1-b647-4f64-98b3-9ea3b799901e/appium/start_recording_screen&amp#27;[39m
&amp#27;[35m[HTTP]&amp#27;[39m &amp#27;[90m{}&amp#27;[39m
[debug] &amp#27;[35m[W3C (2ef3d3a1)]&amp#27;[39m Calling AppiumDriver.startRecordingScreen() with args: [null,"2ef3d3a1-b647-4f64-98b3-9ea3b799901e"]
[debug] &amp#27;[35m[ADB]&amp#27;[39m Getting IDs of all 'screenrecord' processes
[debug] &amp#27;[35m[ADB]&amp#27;[39m Running 'C:\Users\Qadir\AppData\Local\Android\Sdk\platform-tools\adb.exe -P 5037 -s 50584a424e443498 shell pgrep -f \(\[\[:blank:\]\]\|\^\)screenrecord\(\[\[:blank:\]\]\|\$\)'
[debug] &amp#27;[35m[WD Proxy]&amp#27;[39m Matched '/status' to command name 'getStatus'
[debug] &amp#27;[35m[WD Proxy]&amp#27;[39m Proxying [GET /status] to [GET http://127.0.0.1:10001/wd/hub/status] with no body
&amp#27;[35m[WD Proxy]&amp#27;[39m socket hang up
&amp#27;[35m[AndroidDriver]&amp#27;[39m Screen recording has not been previously started by Appium. There is nothing to stop
[debug] &amp#27;[35m[ADB]&amp#27;[39m Getting IDs of all 'screenrecord' processes
[debug] &amp#27;[35m[ADB]&amp#27;[39m Running 'C:\Users\Qadir\AppData\Local\Android\Sdk\platform-tools\adb.exe -P 5037 -s 50584a424e443498 shell pgrep -f \(\[\[:blank:\]\]\|\^\)screenrecord\(\[\[:blank:\]\]\|\$\)'
[debug] &amp#27;[35m[ADB]&amp#27;[39m Building screenrecord process with the command line: adb -P 5037 -s 50584a424e443498 shell screenrecord --time-limit 180 /sdcard/281d9c02.mp4
[debug] &amp#27;[35m[ADB]&amp#27;[39m Running 'C:\Users\Qadir\AppData\Local\Android\Sdk\platform-tools\adb.exe -P 5037 -s 50584a424e443498 shell "[ -e '/sdcard/281d9c02.mp4' ] && echo __PASS__"'
[debug] &amp#27;[35m[ADB]&amp#27;[39m Running 'C:\Users\Qadir\AppData\Local\Android\Sdk\platform-tools\adb.exe -P 5037 -s 50584a424e443498 shell "[ -e '/sdcard/281d9c02.mp4' ] && echo __PASS__"'
[debug] &amp#27;[35m[WD Proxy]&amp#27;[39m Matched '/status' to command name 'getStatus'
[debug] &amp#27;[35m[WD Proxy]&amp#27;[39m Proxying [GET /status] to [GET http://127.0.0.1:10001/wd/hub/status] with no body
&amp#27;[35m[WD Proxy]&amp#27;[39m socket hang up
[debug] &amp#27;[35m[ADB]&amp#27;[39m Running 'C:\Users\Qadir\AppData\Local\Android\Sdk\platform-tools\adb.exe -P 5037 -s 50584a424e443498 shell "[ -e '/sdcard/281d9c02.mp4' ] && echo __PASS__"'
[debug] &amp#27;[35m[W3C (2ef3d3a1)]&amp#27;[39m Responding to client with driver.startRecordingScreen() result: ""
&amp#27;[35m[HTTP]&amp#27;[39m &amp#27;[37m<-- POST /wd/hub/session/2ef3d3a1-b647-4f64-98b3-9ea3b799901e/appium/start_recording_screen &amp#27;[39m&amp#27;[32m200&amp#27;[39m &amp#27;[90m1164 ms - 12&amp#27;[39m
&amp#27;[35m[HTTP]&amp#27;[39m &amp#27;[90m&amp#27;[39m
[debug] &amp#27;[35m[WD Proxy]&amp#27;[39m Matched '/status' to command name 'getStatus'
[debug] &amp#27;[35m[WD Proxy]&amp#27;[39m Proxying [GET /status] to [GET http://127.0.0.1:10001/wd/hub/status] with no body
&amp#27;[35m[WD Proxy]&amp#27;[39m socket hang up
&amp#27;[35m[HTTP]&amp#27;[39m &amp#27;[37m-->&amp#27;[39m &amp#27;[37mGET&amp#27;[39m &amp#27;[37m/wd/hub/session/2ef3d3a1-b647-4f64-98b3-9ea3b799901e/context&amp#27;[39m
&amp#27;[35m[HTTP]&amp#27;[39m &amp#27;[90m{}&amp#27;[39m
[debug] &amp#27;[35m[W3C (2ef3d3a1)]&amp#27;[39m Calling AppiumDriver.getCurrentContext() with args: ["2ef3d3a1-b647-4f64-98b3-9ea3b799901e"]
[debug] &amp#27;[35m[W3C (2ef3d3a1)]&amp#27;[39m Responding to client with driver.getCurrentContext() result: "NATIVE_APP"
&amp#27;[35m[HTTP]&amp#27;[39m &amp#27;[37m<-- GET /wd/hub/session/2ef3d3a1-b647-4f64-98b3-9ea3b799901e/context &amp#27;[39m&amp#27;[32m200&amp#27;[39m &amp#27;[90m2 ms - 22&amp#27;[39m
&amp#27;[35m[HTTP]&amp#27;[39m &amp#27;[90m&amp#27;[39m
&amp#27;[35m[HTTP]&amp#27;[39m &amp#27;[37m-->&amp#27;[39m &amp#27;[37mPOST&amp#27;[39m &amp#27;[37m/wd/hub/session/2ef3d3a1-b647-4f64-98b3-9ea3b799901e/element&amp#27;[39m
&amp#27;[35m[HTTP]&amp#27;[39m &amp#27;[90m{"using":"accessibility id","value":"test-Username"}&amp#27;[39m
[debug] &amp#27;[35m[W3C (2ef3d3a1)]&amp#27;[39m Calling AppiumDriver.findElement() with args: ["accessibility id","test-Username","2ef3d3a1-b647-4f64-98b3-9ea3b799901e"]
[debug] &amp#27;[35m[BaseDriver]&amp#27;[39m Valid locator strategies for this request: xpath, id, class name, accessibility id, css selector, -android uiautomator
[debug] &amp#27;[35m[BaseDriver]&amp#27;[39m Waiting up to 0 ms for condition
[debug] &amp#27;[35m[WD Proxy]&amp#27;[39m Matched '/element' to command name 'findElement'
[debug] &amp#27;[35m[WD Proxy]&amp#27;[39m Proxying [POST /element] to [POST http://127.0.0.1:10000/wd/hub/session/9ce757c2-589f-4e51-be5c-672f84d5d82f/element] with body: {"strategy":"accessibility id","selector":"test-Username","context":"","multiple":false}
[debug] &amp#27;[35m[WD Proxy]&amp#27;[39m Got response with status 200: {"sessionId":"9ce757c2-589f-4e51-be5c-672f84d5d82f","value":{"ELEMENT":"166b9c9c-c85d-4acf-88b5-e52ce4941b7b","element-6066-11e4-a52e-4f735466cecf":"166b9c9c-c85d-4acf-88b5-e52ce4941b7b"}}
[debug] &amp#27;[35m[W3C (2ef3d3a1)]&amp#27;[39m Responding to client with driver.findElement() result: {"element-6066-11e4-a52e-4f735466cecf":"166b9c9c-c85d-4acf-88b5-e52ce4941b7b","ELEMENT":"166b9c9c-c85d-4acf-88b5-e52ce4941b7b"}
&amp#27;[35m[HTTP]&amp#27;[39m &amp#27;[37m<-- POST /wd/hub/session/2ef3d3a1-b647-4f64-98b3-9ea3b799901e/element &amp#27;[39m&amp#27;[32m200&amp#27;[39m &amp#27;[90m102 ms - 137&amp#27;[39m
&amp#27;[35m[HTTP]&amp#27;[39m &amp#27;[90m&amp#27;[39m
&amp#27;[35m[HTTP]&amp#27;[39m &amp#27;[37m-->&amp#27;[39m &amp#27;[37mGET&amp#27;[39m &amp#27;[37m/wd/hub/session/2ef3d3a1-b647-4f64-98b3-9ea3b799901e/element/166b9c9c-c85d-4acf-88b5-e52ce4941b7b/displayed&amp#27;[39m
&amp#27;[35m[HTTP]&amp#27;[39m &amp#27;[90m{}&amp#27;[39m
[debug] &amp#27;[35m[W3C (2ef3d3a1)]&amp#27;[39m Calling AppiumDriver.elementDisplayed() with args: ["166b9c9c-c85d-4acf-88b5-e52ce4941b7b","2ef3d3a1-b647-4f64-98b3-9ea3b799901e"]
[debug] &amp#27;[35m[WD Proxy]&amp#27;[39m Matched '/element/166b9c9c-c85d-4acf-88b5-e52ce4941b7b/attribute/displayed' to command name 'getAttribute'
[debug] &amp#27;[35m[WD Proxy]&amp#27;[39m Proxying [GET /element/166b9c9c-c85d-4acf-88b5-e52ce4941b7b/attribute/displayed] to [GET http://127.0.0.1:10000/wd/hub/session/9ce757c2-589f-4e51-be5c-672f84d5d82f/element/166b9c9c-c85d-4acf-88b5-e52ce4941b7b/attribute/displayed] with no body
[debug] &amp#27;[35m[WD Proxy]&amp#27;[39m Got response with status 200: {"sessionId":"9ce757c2-589f-4e51-be5c-672f84d5d82f","value":"true"}
[debug] &amp#27;[35m[W3C (2ef3d3a1)]&amp#27;[39m Responding to client with driver.elementDisplayed() result: true
&amp#27;[35m[HTTP]&amp#27;[39m &amp#27;[37m<-- GET /wd/hub/session/2ef3d3a1-b647-4f64-98b3-9ea3b799901e/element/166b9c9c-c85d-4acf-88b5-e52ce4941b7b/displayed &amp#27;[39m&amp#27;[32m200&amp#27;[39m &amp#27;[90m19 ms - 14&amp#27;[39m
&amp#27;[35m[HTTP]&amp#27;[39m &amp#27;[90m&amp#27;[39m
&amp#27;[35m[HTTP]&amp#27;[39m &amp#27;[37m-->&amp#27;[39m &amp#27;[37mGET&amp#27;[39m &amp#27;[37m/wd/hub/session/2ef3d3a1-b647-4f64-98b3-9ea3b799901e/context&amp#27;[39m
&amp#27;[35m[HTTP]&amp#27;[39m &amp#27;[90m{}&amp#27;[39m
[debug] &amp#27;[35m[W3C (2ef3d3a1)]&amp#27;[39m Calling AppiumDriver.getCurrentContext() with args: ["2ef3d3a1-b647-4f64-98b3-9ea3b799901e"]
[debug] &amp#27;[35m[W3C (2ef3d3a1)]&amp#27;[39m Responding to client with driver.getCurrentContext() result: "NATIVE_APP"
&amp#27;[35m[HTTP]&amp#27;[39m &amp#27;[37m<-- GET /wd/hub/session/2ef3d3a1-b647-4f64-98b3-9ea3b799901e/context &amp#27;[39m&amp#27;[32m200&amp#27;[39m &amp#27;[90m1 ms - 22&amp#27;[39m
&amp#27;[35m[HTTP]&amp#27;[39m &amp#27;[90m&amp#27;[39m
&amp#27;[35m[HTTP]&amp#27;[39m &amp#27;[37m-->&amp#27;[39m &amp#27;[37mPOST&amp#27;[39m &amp#27;[37m/wd/hub/session/2ef3d3a1-b647-4f64-98b3-9ea3b799901e/element&amp#27;[39m
&amp#27;[35m[HTTP]&amp#27;[39m &amp#27;[90m{"using":"accessibility id","value":"test-Username"}&amp#27;[39m
[debug] &amp#27;[35m[W3C (2ef3d3a1)]&amp#27;[39m Calling AppiumDriver.findElement() with args: ["accessibility id","test-Username","2ef3d3a1-b647-4f64-98b3-9ea3b799901e"]
[debug] &amp#27;[35m[BaseDriver]&amp#27;[39m Valid locator strategies for this request: xpath, id, class name, accessibility id, css selector, -android uiautomator
[debug] &amp#27;[35m[BaseDriver]&amp#27;[39m Waiting up to 0 ms for condition
[debug] &amp#27;[35m[WD Proxy]&amp#27;[39m Matched '/element' to command name 'findElement'
[debug] &amp#27;[35m[WD Proxy]&amp#27;[39m Proxying [POST /element] to [POST http://127.0.0.1:10000/wd/hub/session/9ce757c2-589f-4e51-be5c-672f84d5d82f/element] with body: {"strategy":"accessibility id","selector":"test-Username","context":"","multiple":false}
[debug] &amp#27;[35m[WD Proxy]&amp#27;[39m Got response with status 200: {"sessionId":"9ce757c2-589f-4e51-be5c-672f84d5d82f","value":{"ELEMENT":"c196beb1-f607-4e12-8300-98050f8913ac","element-6066-11e4-a52e-4f735466cecf":"c196beb1-f607-4e12-8300-98050f8913ac"}}
[debug] &amp#27;[35m[W3C (2ef3d3a1)]&amp#27;[39m Responding to client with driver.findElement() result: {"element-6066-11e4-a52e-4f735466cecf":"c196beb1-f607-4e12-8300-98050f8913ac","ELEMENT":"c196beb1-f607-4e12-8300-98050f8913ac"}
&amp#27;[35m[HTTP]&amp#27;[39m &amp#27;[37m<-- POST /wd/hub/session/2ef3d3a1-b647-4f64-98b3-9ea3b799901e/element &amp#27;[39m&amp#27;[32m200&amp#27;[39m &amp#27;[90m35 ms - 137&amp#27;[39m
&amp#27;[35m[HTTP]&amp#27;[39m &amp#27;[90m&amp#27;[39m
&amp#27;[35m[HTTP]&amp#27;[39m &amp#27;[37m-->&amp#27;[39m &amp#27;[37mPOST&amp#27;[39m &amp#27;[37m/wd/hub/session/2ef3d3a1-b647-4f64-98b3-9ea3b799901e/element/c196beb1-f607-4e12-8300-98050f8913ac/clear&amp#27;[39m
&amp#27;[35m[HTTP]&amp#27;[39m &amp#27;[90m{"id":"c196beb1-f607-4e12-8300-98050f8913ac"}&amp#27;[39m
[debug] &amp#27;[35m[W3C (2ef3d3a1)]&amp#27;[39m Calling AppiumDriver.clear() with args: ["c196beb1-f607-4e12-8300-98050f8913ac","2ef3d3a1-b647-4f64-98b3-9ea3b799901e"]
[debug] &amp#27;[35m[WD Proxy]&amp#27;[39m Matched '/element/c196beb1-f607-4e12-8300-98050f8913ac/clear' to command name 'clear'
[debug] &amp#27;[35m[WD Proxy]&amp#27;[39m Proxying [POST /element/c196beb1-f607-4e12-8300-98050f8913ac/clear] to [POST http://127.0.0.1:10000/wd/hub/session/9ce757c2-589f-4e51-be5c-672f84d5d82f/element/c196beb1-f607-4e12-8300-98050f8913ac/clear] with body: {"elementId":"c196beb1-f607-4e12-8300-98050f8913ac"}
[debug] &amp#27;[35m[WD Proxy]&amp#27;[39m Got response with status 200: {"sessionId":"9ce757c2-589f-4e51-be5c-672f84d5d82f","value":null}
[debug] &amp#27;[35m[W3C (2ef3d3a1)]&amp#27;[39m Responding to client with driver.clear() result: null
&amp#27;[35m[HTTP]&amp#27;[39m &amp#27;[37m<-- POST /wd/hub/session/2ef3d3a1-b647-4f64-98b3-9ea3b799901e/element/c196beb1-f607-4e12-8300-98050f8913ac/clear &amp#27;[39m&amp#27;[32m200&amp#27;[39m &amp#27;[90m29 ms - 14&amp#27;[39m
&amp#27;[35m[HTTP]&amp#27;[39m &amp#27;[90m&amp#27;[39m
&amp#27;[35m[HTTP]&amp#27;[39m &amp#27;[37m-->&amp#27;[39m &amp#27;[37mGET&amp#27;[39m &amp#27;[37m/wd/hub/session/2ef3d3a1-b647-4f64-98b3-9ea3b799901e/context&amp#27;[39m
&amp#27;[35m[HTTP]&amp#27;[39m &amp#27;[90m{}&amp#27;[39m
[debug] &amp#27;[35m[W3C (2ef3d3a1)]&amp#27;[39m Calling AppiumDriver.getCurrentContext() with args: ["2ef3d3a1-b647-4f64-98b3-9ea3b799901e"]
[debug] &amp#27;[35m[W3C (2ef3d3a1)]&amp#27;[39m Responding to client with driver.getCurrentContext() result: "NATIVE_APP"
&amp#27;[35m[HTTP]&amp#27;[39m &amp#27;[37m<-- GET /wd/hub/session/2ef3d3a1-b647-4f64-98b3-9ea3b799901e/context &amp#27;[39m&amp#27;[32m200&amp#27;[39m &amp#27;[90m1 ms - 22&amp#27;[39m
&amp#27;[35m[HTTP]&amp#27;[39m &amp#27;[90m&amp#27;[39m
&amp#27;[35m[HTTP]&amp#27;[39m &amp#27;[37m-->&amp#27;[39m &amp#27;[37mPOST&amp#27;[39m &amp#27;[37m/wd/hub/session/2ef3d3a1-b647-4f64-98b3-9ea3b799901e/element&amp#27;[39m
&amp#27;[35m[HTTP]&amp#27;[39m &amp#27;[90m{"using":"accessibility id","value":"test-Username"}&amp#27;[39m
[debug] &amp#27;[35m[W3C (2ef3d3a1)]&amp#27;[39m Calling AppiumDriver.findElement() with args: ["accessibility id","test-Username","2ef3d3a1-b647-4f64-98b3-9ea3b799901e"]
[debug] &amp#27;[35m[BaseDriver]&amp#27;[39m Valid locator strategies for this request: xpath, id, class name, accessibility id, css selector, -android uiautomator
[debug] &amp#27;[35m[BaseDriver]&amp#27;[39m Waiting up to 0 ms for condition
[debug] &amp#27;[35m[WD Proxy]&amp#27;[39m Matched '/element' to command name 'findElement'
[debug] &amp#27;[35m[WD Proxy]&amp#27;[39m Proxying [POST /element] to [POST http://127.0.0.1:10000/wd/hub/session/9ce757c2-589f-4e51-be5c-672f84d5d82f/element] with body: {"strategy":"accessibility id","selector":"test-Username","context":"","multiple":false}
[debug] &amp#27;[35m[WD Proxy]&amp#27;[39m Matched '/status' to command name 'getStatus'
[debug] &amp#27;[35m[WD Proxy]&amp#27;[39m Proxying [GET /status] to [GET http://127.0.0.1:10001/wd/hub/status] with no body
&amp#27;[35m[WD Proxy]&amp#27;[39m socket hang up
[debug] &amp#27;[35m[WD Proxy]&amp#27;[39m Got response with status 200: {"sessionId":"9ce757c2-589f-4e51-be5c-672f84d5d82f","value":{"ELEMENT":"c8cdf56b-f566-4040-8fae-109f706534d1","element-6066-11e4-a52e-4f735466cecf":"c8cdf56b-f566-4040-8fae-109f706534d1"}}
[debug] &amp#27;[35m[W3C (2ef3d3a1)]&amp#27;[39m Responding to client with driver.findElement() result: {"element-6066-11e4-a52e-4f735466cecf":"c8cdf56b-f566-4040-8fae-109f706534d1","ELEMENT":"c8cdf56b-f566-4040-8fae-109f706534d1"}
&amp#27;[35m[HTTP]&amp#27;[39m &amp#27;[37m<-- POST /wd/hub/session/2ef3d3a1-b647-4f64-98b3-9ea3b799901e/element &amp#27;[39m&amp#27;[32m200&amp#27;[39m &amp#27;[90m530 ms - 137&amp#27;[39m
&amp#27;[35m[HTTP]&amp#27;[39m &amp#27;[90m&amp#27;[39m
&amp#27;[35m[HTTP]&amp#27;[39m &amp#27;[37m-->&amp#27;[39m &amp#27;[37mGET&amp#27;[39m &amp#27;[37m/wd/hub/session/2ef3d3a1-b647-4f64-98b3-9ea3b799901e/element/c8cdf56b-f566-4040-8fae-109f706534d1/displayed&amp#27;[39m
&amp#27;[35m[HTTP]&amp#27;[39m &amp#27;[90m{}&amp#27;[39m
[debug] &amp#27;[35m[W3C (2ef3d3a1)]&amp#27;[39m Calling AppiumDriver.elementDisplayed() with args: ["c8cdf56b-f566-4040-8fae-109f706534d1","2ef3d3a1-b647-4f64-98b3-9ea3b799901e"]
[debug] &amp#27;[35m[WD Proxy]&amp#27;[39m Matched '/element/c8cdf56b-f566-4040-8fae-109f706534d1/attribute/displayed' to command name 'getAttribute'
[debug] &amp#27;[35m[WD Proxy]&amp#27;[39m Proxying [GET /element/c8cdf56b-f566-4040-8fae-109f706534d1/attribute/displayed] to [GET http://127.0.0.1:10000/wd/hub/session/9ce757c2-589f-4e51-be5c-672f84d5d82f/element/c8cdf56b-f566-4040-8fae-109f706534d1/attribute/displayed] with no body
[debug] &amp#27;[35m[WD Proxy]&amp#27;[39m Got response with status 200: {"sessionId":"9ce757c2-589f-4e51-be5c-672f84d5d82f","value":"true"}
[debug] &amp#27;[35m[W3C (2ef3d3a1)]&amp#27;[39m Responding to client with driver.elementDisplayed() result: true
&amp#27;[35m[HTTP]&amp#27;[39m &amp#27;[37m<-- GET /wd/hub/session/2ef3d3a1-b647-4f64-98b3-9ea3b799901e/element/c8cdf56b-f566-4040-8fae-109f706534d1/displayed &amp#27;[39m&amp#27;[32m200&amp#27;[39m &amp#27;[90m17 ms - 14&amp#27;[39m
&amp#27;[35m[HTTP]&amp#27;[39m &amp#27;[90m&amp#27;[39m
[INFO ] 2021-06-21 17:56:16.571 com.qa.pages.BasePage:74 - login with InvalidUserName
&amp#27;[35m[HTTP]&amp#27;[39m &amp#27;[37m-->&amp#27;[39m &amp#27;[37mGET&amp#27;[39m &amp#27;[37m/wd/hub/session/2ef3d3a1-b647-4f64-98b3-9ea3b799901e/context&amp#27;[39m
&amp#27;[35m[HTTP]&amp#27;[39m &amp#27;[90m{}&amp#27;[39m
[debug] &amp#27;[35m[W3C (2ef3d3a1)]&amp#27;[39m Calling AppiumDriver.getCurrentContext() with args: ["2ef3d3a1-b647-4f64-98b3-9ea3b799901e"]
[debug] &amp#27;[35m[W3C (2ef3d3a1)]&amp#27;[39m Responding to client with driver.getCurrentContext() result: "NATIVE_APP"
&amp#27;[35m[HTTP]&amp#27;[39m &amp#27;[37m<-- GET /wd/hub/session/2ef3d3a1-b647-4f64-98b3-9ea3b799901e/context &amp#27;[39m&amp#27;[32m200&amp#27;[39m &amp#27;[90m2 ms - 22&amp#27;[39m
&amp#27;[35m[HTTP]&amp#27;[39m &amp#27;[90m&amp#27;[39m
&amp#27;[35m[HTTP]&amp#27;[39m &amp#27;[37m-->&amp#27;[39m &amp#27;[37mPOST&amp#27;[39m &amp#27;[37m/wd/hub/session/2ef3d3a1-b647-4f64-98b3-9ea3b799901e/element&amp#27;[39m
&amp#27;[35m[HTTP]&amp#27;[39m &amp#27;[90m{"using":"accessibility id","value":"test-Username"}&amp#27;[39m
[debug] &amp#27;[35m[W3C (2ef3d3a1)]&amp#27;[39m Calling AppiumDriver.findElement() with args: ["accessibility id","test-Username","2ef3d3a1-b647-4f64-98b3-9ea3b799901e"]
[debug] &amp#27;[35m[BaseDriver]&amp#27;[39m Valid locator strategies for this request: xpath, id, class name, accessibility id, css selector, -android uiautomator
[debug] &amp#27;[35m[BaseDriver]&amp#27;[39m Waiting up to 0 ms for condition
[debug] &amp#27;[35m[WD Proxy]&amp#27;[39m Matched '/element' to command name 'findElement'
[debug] &amp#27;[35m[WD Proxy]&amp#27;[39m Proxying [POST /element] to [POST http://127.0.0.1:10000/wd/hub/session/9ce757c2-589f-4e51-be5c-672f84d5d82f/element] with body: {"strategy":"accessibility id","selector":"test-Username","context":"","multiple":false}
[debug] &amp#27;[35m[WD Proxy]&amp#27;[39m Got response with status 200: {"sessionId":"9ce757c2-589f-4e51-be5c-672f84d5d82f","value":{"ELEMENT":"aa87875e-2a70-4ecd-9f5e-8023cedcd24a","element-6066-11e4-a52e-4f735466cecf":"aa87875e-2a70-4ecd-9f5e-8023cedcd24a"}}
[debug] &amp#27;[35m[W3C (2ef3d3a1)]&amp#27;[39m Responding to client with driver.findElement() result: {"element-6066-11e4-a52e-4f735466cecf":"aa87875e-2a70-4ecd-9f5e-8023cedcd24a","ELEMENT":"aa87875e-2a70-4ecd-9f5e-8023cedcd24a"}
&amp#27;[35m[HTTP]&amp#27;[39m &amp#27;[37m<-- POST /wd/hub/session/2ef3d3a1-b647-4f64-98b3-9ea3b799901e/element &amp#27;[39m&amp#27;[32m200&amp#27;[39m &amp#27;[90m31 ms - 137&amp#27;[39m
&amp#27;[35m[HTTP]&amp#27;[39m &amp#27;[90m&amp#27;[39m
&amp#27;[35m[HTTP]&amp#27;[39m &amp#27;[37m-->&amp#27;[39m &amp#27;[37mPOST&amp#27;[39m &amp#27;[37m/wd/hub/session/2ef3d3a1-b647-4f64-98b3-9ea3b799901e/element/aa87875e-2a70-4ecd-9f5e-8023cedcd24a/value&amp#27;[39m
&amp#27;[35m[HTTP]&amp#27;[39m &amp#27;[90m{"id":"aa87875e-2a70-4ecd-9f5e-8023cedcd24a","text":"InvalidUserName","value":["I","n","v","a","l","i","d","U","s","e","r","N","a","m","e"]}&amp#27;[39m
[debug] &amp#27;[35m[W3C (2ef3d3a1)]&amp#27;[39m Calling AppiumDriver.setValue() with args: [["I","n","v","a","l","i","d","U","s","e","r","N","a","m","e"],"aa87875e-2a70-4ecd-9f5e-8023cedcd24a","2ef3d3a1-b647-4f64-98b3-9ea3b799901e"]
[debug] &amp#27;[35m[WD Proxy]&amp#27;[39m Matched '/element/aa87875e-2a70-4ecd-9f5e-8023cedcd24a/value' to command name 'setValue'
[debug] &amp#27;[35m[Protocol Converter]&amp#27;[39m Added 'value' property ["I","n","v","a","l","i","d","U","s","e","r","N","a","m","e"] to 'setValue' request body
[debug] &amp#27;[35m[WD Proxy]&amp#27;[39m Proxying [POST /element/aa87875e-2a70-4ecd-9f5e-8023cedcd24a/value] to [POST http://127.0.0.1:10000/wd/hub/session/9ce757c2-589f-4e51-be5c-672f84d5d82f/element/aa87875e-2a70-4ecd-9f5e-8023cedcd24a/value] with body: {"elementId":"aa87875e-2a70-4ecd-9f5e-8023cedcd24a","text":"InvalidUserName","replace":false,"value":["I","n","v","a","l","i","d","U","s","e","r","N","a","m","e"]}
[debug] &amp#27;[35m[WD Proxy]&amp#27;[39m Got response with status 200: {"sessionId":"9ce757c2-589f-4e51-be5c-672f84d5d82f","value":null}
[debug] &amp#27;[35m[W3C (2ef3d3a1)]&amp#27;[39m Responding to client with driver.setValue() result: null
&amp#27;[35m[HTTP]&amp#27;[39m &amp#27;[37m<-- POST /wd/hub/session/2ef3d3a1-b647-4f64-98b3-9ea3b799901e/element/aa87875e-2a70-4ecd-9f5e-8023cedcd24a/value &amp#27;[39m&amp#27;[32m200  When I enter username "InvalidUserName"                                                               # com.qa.stepdef.LogInStepDef.iEnterUsername(java.lang.String)
&amp#27;[39m &amp#27;[90m541 ms - 14&amp#27;[39m
&amp#27;[35m[HTTP]&amp#27;[39m &amp#27;[90m&amp#27;[39m
&amp#27;[35m[HTTP]&amp#27;[39m &amp#27;[37m-->&amp#27;[39m &amp#27;[37mGET&amp#27;[39m &amp#27;[37m/wd/hub/session/2ef3d3a1-b647-4f64-98b3-9ea3b799901e/context&amp#27;[39m
&amp#27;[35m[HTTP]&amp#27;[39m &amp#27;[90m{}&amp#27;[39m
[debug] &amp#27;[35m[W3C (2ef3d3a1)]&amp#27;[39m Calling AppiumDriver.getCurrentContext() with args: ["2ef3d3a1-b647-4f64-98b3-9ea3b799901e"]
[debug] &amp#27;[35m[W3C (2ef3d3a1)]&amp#27;[39m Responding to client with driver.getCurrentContext() result: "NATIVE_APP"
&amp#27;[35m[HTTP]&amp#27;[39m &amp#27;[37m<-- GET /wd/hub/session/2ef3d3a1-b647-4f64-98b3-9ea3b799901e/context &amp#27;[39m&amp#27;[32m200&amp#27;[39m &amp#27;[90m3 ms - 22&amp#27;[39m
&amp#27;[35m[HTTP]&amp#27;[39m &amp#27;[90m&amp#27;[39m
&amp#27;[35m[HTTP]&amp#27;[39m &amp#27;[37m-->&amp#27;[39m &amp#27;[37mPOST&amp#27;[39m &amp#27;[37m/wd/hub/session/2ef3d3a1-b647-4f64-98b3-9ea3b799901e/element&amp#27;[39m
&amp#27;[35m[HTTP]&amp#27;[39m &amp#27;[90m{"using":"accessibility id","value":"test-Password"}&amp#27;[39m
[debug] &amp#27;[35m[W3C (2ef3d3a1)]&amp#27;[39m Calling AppiumDriver.findElement() with args: ["accessibility id","test-Password","2ef3d3a1-b647-4f64-98b3-9ea3b799901e"]
[debug] &amp#27;[35m[BaseDriver]&amp#27;[39m Valid locator strategies for this request: xpath, id, class name, accessibility id, css selector, -android uiautomator
[debug] &amp#27;[35m[BaseDriver]&amp#27;[39m Waiting up to 0 ms for condition
[debug] &amp#27;[35m[WD Proxy]&amp#27;[39m Matched '/element' to command name 'findElement'
[debug] &amp#27;[35m[WD Proxy]&amp#27;[39m Proxying [POST /element] to [POST http://127.0.0.1:10000/wd/hub/session/9ce757c2-589f-4e51-be5c-672f84d5d82f/element] with body: {"strategy":"accessibility id","selector":"test-Password","context":"","multiple":false}
[debug] &amp#27;[35m[WD Proxy]&amp#27;[39m Matched '/status' to command name 'getStatus'
[debug] &amp#27;[35m[WD Proxy]&amp#27;[39m Proxying [GET /status] to [GET http://127.0.0.1:10001/wd/hub/status] with no body
&amp#27;[35m[WD Proxy]&amp#27;[39m socket hang up
[debug] &amp#27;[35m[WD Proxy]&amp#27;[39m Got response with status 200: {"sessionId":"9ce757c2-589f-4e51-be5c-672f84d5d82f","value":{"ELEMENT":"6c9e1ad4-3d21-4486-b454-23bc2d9c8c0a","element-6066-11e4-a52e-4f735466cecf":"6c9e1ad4-3d21-4486-b454-23bc2d9c8c0a"}}
[debug] &amp#27;[35m[W3C (2ef3d3a1)]&amp#27;[39m Responding to client with driver.findElement() result: {"element-6066-11e4-a52e-4f735466cecf":"6c9e1ad4-3d21-4486-b454-23bc2d9c8c0a","ELEMENT":"6c9e1ad4-3d21-4486-b454-23bc2d9c8c0a"}
&amp#27;[35m[HTTP]&amp#27;[39m &amp#27;[37m<-- POST /wd/hub/session/2ef3d3a1-b647-4f64-98b3-9ea3b799901e/element &amp#27;[39m&amp#27;[32m200&amp#27;[39m &amp#27;[90m498 ms - 137&amp#27;[39m
&amp#27;[35m[HTTP]&amp#27;[39m &amp#27;[90m&amp#27;[39m
&amp#27;[35m[HTTP]&amp#27;[39m &amp#27;[37m-->&amp#27;[39m &amp#27;[37mGET&amp#27;[39m &amp#27;[37m/wd/hub/session/2ef3d3a1-b647-4f64-98b3-9ea3b799901e/element/6c9e1ad4-3d21-4486-b454-23bc2d9c8c0a/displayed&amp#27;[39m
&amp#27;[35m[HTTP]&amp#27;[39m &amp#27;[90m{}&amp#27;[39m
[debug] &amp#27;[35m[W3C (2ef3d3a1)]&amp#27;[39m Calling AppiumDriver.elementDisplayed() with args: ["6c9e1ad4-3d21-4486-b454-23bc2d9c8c0a","2ef3d3a1-b647-4f64-98b3-9ea3b799901e"]
[debug] &amp#27;[35m[WD Proxy]&amp#27;[39m Matched '/element/6c9e1ad4-3d21-4486-b454-23bc2d9c8c0a/attribute/displayed' to command name 'getAttribute'
[debug] &amp#27;[35m[WD Proxy]&amp#27;[39m Proxying [GET /element/6c9e1ad4-3d21-4486-b454-23bc2d9c8c0a/attribute/displayed] to [GET http://127.0.0.1:10000/wd/hub/session/9ce757c2-589f-4e51-be5c-672f84d5d82f/element/6c9e1ad4-3d21-4486-b454-23bc2d9c8c0a/attribute/displayed] with no body
[debug] &amp#27;[35m[WD Proxy]&amp#27;[39m Got response with status 200: {"sessionId":"9ce757c2-589f-4e51-be5c-672f84d5d82f","value":"true"}
[debug] &amp#27;[35m[W3C (2ef3d3a1)]&amp#27;[39m Responding to client with driver.elementDisplayed() result: true
&amp#27;[35m[HTTP]&amp#27;[39m &amp#27;[37m<-- GET /wd/hub/session/2ef3d3a1-b647-4f64-98b3-9ea3b799901e/element/6c9e1ad4-3d21-4486-b454-23bc2d9c8c0a/displayed &amp#27;[39m&amp#27;[32m200&amp#27;[39m &amp#27;[90m17 ms - 14&amp#27;[39m
&amp#27;[35m[HTTP]&amp#27;[39m &amp#27;[90m&amp#27;[39m
&amp#27;[35m[HTTP]&amp#27;[39m &amp#27;[37m-->&amp#27;[39m &amp#27;[37mGET&amp#27;[39m &amp#27;[37m/wd/hub/session/2ef3d3a1-b647-4f64-98b3-9ea3b799901e/context&amp#27;[39m
&amp#27;[35m[HTTP]&amp#27;[39m &amp#27;[90m{}&amp#27;[39m
[debug] &amp#27;[35m[W3C (2ef3d3a1)]&amp#27;[39m Calling AppiumDriver.getCurrentContext() with args: ["2ef3d3a1-b647-4f64-98b3-9ea3b799901e"]
[debug] &amp#27;[35m[W3C (2ef3d3a1)]&amp#27;[39m Responding to client with driver.getCurrentContext() result: "NATIVE_APP"
&amp#27;[35m[HTTP]&amp#27;[39m &amp#27;[37m<-- GET /wd/hub/session/2ef3d3a1-b647-4f64-98b3-9ea3b799901e/context &amp#27;[39m&amp#27;[32m200&amp#27;[39m &amp#27;[90m3 ms - 22&amp#27;[39m
&amp#27;[35m[HTTP]&amp#27;[39m &amp#27;[90m&amp#27;[39m
&amp#27;[35m[HTTP]&amp#27;[39m &amp#27;[37m-->&amp#27;[39m &amp#27;[37mPOST&amp#27;[39m &amp#27;[37m/wd/hub/session/2ef3d3a1-b647-4f64-98b3-9ea3b799901e/element&amp#27;[39m
&amp#27;[35m[HTTP]&amp#27;[39m &amp#27;[90m{"using":"accessibility id","value":"test-Password"}&amp#27;[39m
[debug] &amp#27;[35m[W3C (2ef3d3a1)]&amp#27;[39m Calling AppiumDriver.findElement() with args: ["accessibility id","test-Password","2ef3d3a1-b647-4f64-98b3-9ea3b799901e"]
[debug] &amp#27;[35m[BaseDriver]&amp#27;[39m Valid locator strategies for this request: xpath, id, class name, accessibility id, css selector, -android uiautomator
[debug] &amp#27;[35m[BaseDriver]&amp#27;[39m Waiting up to 0 ms for condition
[debug] &amp#27;[35m[WD Proxy]&amp#27;[39m Matched '/element' to command name 'findElement'
[debug] &amp#27;[35m[WD Proxy]&amp#27;[39m Proxying [POST /element] to [POST http://127.0.0.1:10000/wd/hub/session/9ce757c2-589f-4e51-be5c-672f84d5d82f/element] with body: {"strategy":"accessibility id","selector":"test-Password","context":"","multiple":false}
[debug] &amp#27;[35m[WD Proxy]&amp#27;[39m Got response with status 200: {"sessionId":"9ce757c2-589f-4e51-be5c-672f84d5d82f","value":{"ELEMENT":"c9fd56e7-b64f-4b09-bffe-50a2b9a049fd","element-6066-11e4-a52e-4f735466cecf":"c9fd56e7-b64f-4b09-bffe-50a2b9a049fd"}}
[debug] &amp#27;[35m[W3C (2ef3d3a1)]&amp#27;[39m Responding to client with driver.findElement() result: {"element-6066-11e4-a52e-4f735466cecf":"c9fd56e7-b64f-4b09-bffe-50a2b9a049fd","ELEMENT":"c9fd56e7-b64f-4b09-bffe-50a2b9a049fd"}
&amp#27;[35m[HTTP]&amp#27;[39m &amp#27;[37m<-- POST /wd/hub/session/2ef3d3a1-b647-4f64-98b3-9ea3b799901e/element &amp#27;[39m&amp#27;[32m200&amp#27;[39m &amp#27;[90m36 ms - 137&amp#27;[39m
&amp#27;[35m[HTTP]&amp#27;[39m &amp#27;[90m&amp#27;[39m
&amp#27;[35m[HTTP]&amp#27;[39m &amp#27;[37m-->&amp#27;[39m &amp#27;[37mPOST&amp#27;[39m &amp#27;[37m/wd/hub/session/2ef3d3a1-b647-4f64-98b3-9ea3b799901e/element/c9fd56e7-b64f-4b09-bffe-50a2b9a049fd/clear&amp#27;[39m
&amp#27;[35m[HTTP]&amp#27;[39m &amp#27;[90m{"id":"c9fd56e7-b64f-4b09-bffe-50a2b9a049fd"}&amp#27;[39m
[debug] &amp#27;[35m[W3C (2ef3d3a1)]&amp#27;[39m Calling AppiumDriver.clear() with args: ["c9fd56e7-b64f-4b09-bffe-50a2b9a049fd","2ef3d3a1-b647-4f64-98b3-9ea3b799901e"]
[debug] &amp#27;[35m[WD Proxy]&amp#27;[39m Matched '/element/c9fd56e7-b64f-4b09-bffe-50a2b9a049fd/clear' to command name 'clear'
[debug] &amp#27;[35m[WD Proxy]&amp#27;[39m Proxying [POST /element/c9fd56e7-b64f-4b09-bffe-50a2b9a049fd/clear] to [POST http://127.0.0.1:10000/wd/hub/session/9ce757c2-589f-4e51-be5c-672f84d5d82f/element/c9fd56e7-b64f-4b09-bffe-50a2b9a049fd/clear] with body: {"elementId":"c9fd56e7-b64f-4b09-bffe-50a2b9a049fd"}
[debug] &amp#27;[35m[WD Proxy]&amp#27;[39m Got response with status 200: {"sessionId":"9ce757c2-589f-4e51-be5c-672f84d5d82f","value":null}
[debug] &amp#27;[35m[W3C (2ef3d3a1)]&amp#27;[39m Responding to client with driver.clear() result: null
&amp#27;[35m[HTTP]&amp#27;[39m &amp#27;[37m<-- POST /wd/hub/session/2ef3d3a1-b647-4f64-98b3-9ea3b799901e/element/c9fd56e7-b64f-4b09-bffe-50a2b9a049fd/clear &amp#27;[39m&amp#27;[32m200&amp#27;[39m &amp#27;[90m22 ms - 14&amp#27;[39m
&amp#27;[35m[HTTP]&amp#27;[39m &amp#27;[90m&amp#27;[39m
&amp#27;[35m[HTTP]&amp#27;[39m &amp#27;[37m-->&amp#27;[39m &amp#27;[37mGET&amp#27;[39m &amp#27;[37m/wd/hub/session/2ef3d3a1-b647-4f64-98b3-9ea3b799901e/context&amp#27;[39m
&amp#27;[35m[HTTP]&amp#27;[39m &amp#27;[90m{}&amp#27;[39m
[debug] &amp#27;[35m[W3C (2ef3d3a1)]&amp#27;[39m Calling AppiumDriver.getCurrentContext() with args: ["2ef3d3a1-b647-4f64-98b3-9ea3b799901e"]
[debug] &amp#27;[35m[W3C (2ef3d3a1)]&amp#27;[39m Responding to client with driver.getCurrentContext() result: "NATIVE_APP"
&amp#27;[35m[HTTP]&amp#27;[39m &amp#27;[37m<-- GET /wd/hub/session/2ef3d3a1-b647-4f64-98b3-9ea3b799901e/context &amp#27;[39m&amp#27;[32m200&amp#27;[39m &amp#27;[90m1 ms - 22&amp#27;[39m
&amp#27;[35m[HTTP]&amp#27;[39m &amp#27;[90m&amp#27;[39m
&amp#27;[35m[HTTP]&amp#27;[39m &amp#27;[37m-->&amp#27;[39m &amp#27;[37mPOST&amp#27;[39m &amp#27;[37m/wd/hub/session/2ef3d3a1-b647-4f64-98b3-9ea3b799901e/element&amp#27;[39m
&amp#27;[35m[HTTP]&amp#27;[39m &amp#27;[90m{"using":"accessibility id","value":"test-Password"}&amp#27;[39m
[debug] &amp#27;[35m[W3C (2ef3d3a1)]&amp#27;[39m Calling AppiumDriver.findElement() with args: ["accessibility id","test-Password","2ef3d3a1-b647-4f64-98b3-9ea3b799901e"]
[debug] &amp#27;[35m[BaseDriver]&amp#27;[39m Valid locator strategies for this request: xpath, id, class name, accessibility id, css selector, -android uiautomator
[debug] &amp#27;[35m[BaseDriver]&amp#27;[39m Waiting up to 0 ms for condition
[debug] &amp#27;[35m[WD Proxy]&amp#27;[39m Matched '/element' to command name 'findElement'
[debug] &amp#27;[35m[WD Proxy]&amp#27;[39m Proxying [POST /element] to [POST http://127.0.0.1:10000/wd/hub/session/9ce757c2-589f-4e51-be5c-672f84d5d82f/element] with body: {"strategy":"accessibility id","selector":"test-Password","context":"","multiple":false}
[debug] &amp#27;[35m[Instrumentation]&amp#27;[39m io.appium.uiautomator2.server.test.AppiumUiAutomator2Server:
[debug] &amp#27;[35m[WD Proxy]&amp#27;[39m Got response with status 200: {"sessionId":"9ce757c2-589f-4e51-be5c-672f84d5d82f","value":{"ELEMENT":"3f92118b-6c88-4c3f-b11c-a7a6806e0ef7","element-6066-11e4-a52e-4f735466cecf":"3f92118b-6c88-4c3f-b11c-a7a6806e0ef7"}}
[debug] &amp#27;[35m[W3C (2ef3d3a1)]&amp#27;[39m Responding to client with driver.findElement() result: {"element-6066-11e4-a52e-4f735466cecf":"3f92118b-6c88-4c3f-b11c-a7a6806e0ef7","ELEMENT":"3f92118b-6c88-4c3f-b11c-a7a6806e0ef7"}
&amp#27;[35m[HTTP]&amp#27;[39m &amp#27;[37m<-- POST /wd/hub/session/2ef3d3a1-b647-4f64-98b3-9ea3b799901e/element &amp#27;[39m&amp#27;[32m200&amp#27;[39m &amp#27;[90m514 ms - 137&amp#27;[39m
&amp#27;[35m[HTTP]&amp#27;[39m &amp#27;[90m&amp#27;[39m
&amp#27;[35m[HTTP]&amp#27;[39m &amp#27;[37m-->&amp#27;[39m &amp#27;[37mGET&amp#27;[39m &amp#27;[37m/wd/hub/session/2ef3d3a1-b647-4f64-98b3-9ea3b799901e/element/3f92118b-6c88-4c3f-b11c-a7a6806e0ef7/displayed&amp#27;[39m
&amp#27;[35m[HTTP]&amp#27;[39m &amp#27;[90m{}&amp#27;[39m
[debug] &amp#27;[35m[W3C (2ef3d3a1)]&amp#27;[39m Calling AppiumDriver.elementDisplayed() with args: ["3f92118b-6c88-4c3f-b11c-a7a6806e0ef7","2ef3d3a1-b647-4f64-98b3-9ea3b799901e"]
[debug] &amp#27;[35m[WD Proxy]&amp#27;[39m Matched '/element/3f92118b-6c88-4c3f-b11c-a7a6806e0ef7/attribute/displayed' to command name 'getAttribute'
[debug] &amp#27;[35m[WD Proxy]&amp#27;[39m Proxying [GET /element/3f92118b-6c88-4c3f-b11c-a7a6806e0ef7/attribute/displayed] to [GET http://127.0.0.1:10000/wd/hub/session/9ce757c2-589f-4e51-be5c-672f84d5d82f/element/3f92118b-6c88-4c3f-b11c-a7a6806e0ef7/attribute/displayed] with no body
[debug] &amp#27;[35m[WD Proxy]&amp#27;[39m Got response with status 200: {"sessionId":"9ce757c2-589f-4e51-be5c-672f84d5d82f","value":"true"}
[debug] &amp#27;[35m[W3C (2ef3d3a1)]&amp#27;[39m Responding to client with driver.elementDisplayed() result: true
&amp#27;[35m[HTTP]&amp#27;[39m &amp#27;[37m<-- GET /wd/hub/session/2ef3d3a1-b647-4f64-98b3-9ea3b799901e/element/3f92118b-6c88-4c3f-b11c-a7a6806e0ef7/displayed &amp#27;[39m&amp#27;[32m200&amp#27;[39m &amp#27;[90m25 ms - 14&amp#27;[39m
&amp#27;[35m[HTTP]&amp#27;[39m &amp#27;[90m&amp#27;[39m
[INFO ] 2021-06-21 17:56:18.385 com.qa.pages.BasePage:74 - password is secret_sauce
&amp#27;[35m[HTTP]&amp#27;[39m &amp#27;[37m-->&amp#27;[39m &amp#27;[37mGET&amp#27;[39m &amp#27;[37m/wd/hub/session/2ef3d3a1-b647-4f64-98b3-9ea3b799901e/context&amp#27;[39m
&amp#27;[35m[HTTP]&amp#27;[39m &amp#27;[90m{}&amp#27;[39m
[debug] &amp#27;[35m[W3C (2ef3d3a1)]&amp#27;[39m Calling AppiumDriver.getCurrentContext() with args: ["2ef3d3a1-b647-4f64-98b3-9ea3b799901e"]
[debug] &amp#27;[35m[W3C (2ef3d3a1)]&amp#27;[39m Responding to client with driver.getCurrentContext() result: "NATIVE_APP"
&amp#27;[35m[HTTP]&amp#27;[39m &amp#27;[37m<-- GET /wd/hub/session/2ef3d3a1-b647-4f64-98b3-9ea3b799901e/context &amp#27;[39m&amp#27;[32m200&amp#27;[39m &amp#27;[90m2 ms - 22&amp#27;[39m
&amp#27;[35m[HTTP]&amp#27;[39m &amp#27;[90m&amp#27;[39m
&amp#27;[35m[HTTP]&amp#27;[39m &amp#27;[37m-->&amp#27;[39m &amp#27;[37mPOST&amp#27;[39m &amp#27;[37m/wd/hub/session/2ef3d3a1-b647-4f64-98b3-9ea3b799901e/element&amp#27;[39m
&amp#27;[35m[HTTP]&amp#27;[39m &amp#27;[90m{"using":"accessibility id","value":"test-Password"}&amp#27;[39m
[debug] &amp#27;[35m[W3C (2ef3d3a1)]&amp#27;[39m Calling AppiumDriver.findElement() with args: ["accessibility id","test-Password","2ef3d3a1-b647-4f64-98b3-9ea3b799901e"]
[debug] &amp#27;[35m[BaseDriver]&amp#27;[39m Valid locator strategies for this request: xpath, id, class name, accessibility id, css selector, -android uiautomator
[debug] &amp#27;[35m[BaseDriver]&amp#27;[39m Waiting up to 0 ms for condition
[debug] &amp#27;[35m[WD Proxy]&amp#27;[39m Matched '/element' to command name 'findElement'
[debug] &amp#27;[35m[WD Proxy]&amp#27;[39m Proxying [POST /element] to [POST http://127.0.0.1:10000/wd/hub/session/9ce757c2-589f-4e51-be5c-672f84d5d82f/element] with body: {"strategy":"accessibility id","selector":"test-Password","context":"","multiple":false}
[debug] &amp#27;[35m[WD Proxy]&amp#27;[39m Got response with status 200: {"sessionId":"9ce757c2-589f-4e51-be5c-672f84d5d82f","value":{"ELEMENT":"c9e6b7d3-8d8f-4fa6-887c-036571a79796","element-6066-11e4-a52e-4f735466cecf":"c9e6b7d3-8d8f-4fa6-887c-036571a79796"}}
[debug] &amp#27;[35m[W3C (2ef3d3a1)]&amp#27;[39m Responding to client with driver.findElement() result: {"element-6066-11e4-a52e-4f735466cecf":"c9e6b7d3-8d8f-4fa6-887c-036571a79796","ELEMENT":"c9e6b7d3-8d8f-4fa6-887c-036571a79796"}
&amp#27;[35m[HTTP]&amp#27;[39m &amp#27;[37m<-- POST /wd/hub/session/2ef3d3a1-b647-4f64-98b3-9ea3b799901e/element &amp#27;[39m&amp#27;[32m200&amp#27;[39m &amp#27;[90m52 ms - 137&amp#27;[39m
&amp#27;[35m[HTTP]&amp#27;[39m &amp#27;[90m&amp#27;[39m
&amp#27;[35m[HTTP]&amp#27;[39m &amp#27;[37m-->&amp#27;[39m &amp#27;[37mPOST&amp#27;[39m &amp#27;[37m/wd/hub/session/2ef3d3a1-b647-4f64-98b3-9ea3b799901e/element/c9e6b7d3-8d8f-4fa6-887c-036571a79796/value&amp#27;[39m
&amp#27;[35m[HTTP]&amp#27;[39m &amp#27;[90m{"id":"c9e6b7d3-8d8f-4fa6-887c-036571a79796","text":"secret_sauce","value":["s","e","c","r","e","t","_","s","a","u","c","e"]}&amp#27;[39m
[debug] &amp#27;[35m[W3C (2ef3d3a1)]&amp#27;[39m Calling AppiumDriver.setValue() with args: [["s","e","c","r","e","t","_","s","a","u","c","e"],"c9e6b7d3-8d8f-4fa6-887c-036571a79796","2ef3d3a1-b647-4f64-98b3-9ea3b799901e"]
[debug] &amp#27;[35m[WD Proxy]&amp#27;[39m Matched '/element/c9e6b7d3-8d8f-4fa6-887c-036571a79796/value' to command name 'setValue'
[debug] &amp#27;[35m[Protocol Converter]&amp#27;[39m Added 'value' property ["s","e","c","r","e","t","_","s","a","u","c","e"] to 'setValue' request body
[debug] &amp#27;[35m[WD Proxy]&amp#27;[39m Proxying [POST /element/c9e6b7d3-8d8f-4fa6-887c-036571a79796/value] to [POST http://127.0.0.1:10000/wd/hub/session/9ce757c2-589f-4e51-be5c-672f84d5d82f/element/c9e6b7d3-8d8f-4fa6-887c-036571a79796/value] with body: {"elementId":"c9e6b7d3-8d8f-4fa6-887c-036571a79796","text":"secret_sauce","replace":false,"value":["s","e","c","r","e","t","_","s","a","u","c","e"]}
[debug] &amp#27;[35m[WD Proxy]&amp#27;[39m Matched '/status' to command name 'getStatus'
[debug] &amp#27;[35m[WD Proxy]&amp#27;[39m Proxying [GET /status] to [GET http://127.0.0.1:10001/wd/hub/status] with no body
&amp#27;[35m[WD Proxy]&amp#27;[39m socket hang up
[debug] &amp#27;[35m[WD Proxy]&amp#27;[39m Got response with status 200: {"sessionId":"9ce757c2-589f-4e51-be5c-672f84d5d82f","value":null}
[debug] &amp#27;[35m[W3C (2ef3d3a1)]&amp#27;[39m Responding to client with driver.setValue() result: null
&amp#27;[35m[HTTP]&amp#27;[39m &amp#27;[37m<-- POST /wd/hub/session/2ef3d3a1-b647-4f64-98b3-9ea3b799901e/element/c9e6b7d3-8d8f-4fa6-887c-036571a79796/value &amp#27;[39m&amp#27;[32m200&amp#27;[39m &amp#27;[90m564 ms - 14&amp#27;[39m
&amp#27;[35m[HTTP]&amp#27;[39m &amp#27;[90m&amp#27;[39m
  And Enter "secret_sauce"                                                                              # com.qa.stepdef.LogInStepDef.enter(java.lang.String)
&amp#27;[35m[HTTP]&amp#27;[39m &amp#27;[37m-->&amp#27;[39m &amp#27;[37mGET&amp#27;[39m &amp#27;[37m/wd/hub/session/2ef3d3a1-b647-4f64-98b3-9ea3b799901e/context&amp#27;[39m
&amp#27;[35m[HTTP]&amp#27;[39m &amp#27;[90m{}&amp#27;[39m
[debug] &amp#27;[35m[W3C (2ef3d3a1)]&amp#27;[39m Calling AppiumDriver.getCurrentContext() with args: ["2ef3d3a1-b647-4f64-98b3-9ea3b799901e"]
[debug] &amp#27;[35m[W3C (2ef3d3a1)]&amp#27;[39m Responding to client with driver.getCurrentContext() result: "NATIVE_APP"
&amp#27;[35m[HTTP]&amp#27;[39m &amp#27;[37m<-- GET /wd/hub/session/2ef3d3a1-b647-4f64-98b3-9ea3b799901e/context &amp#27;[39m&amp#27;[32m200&amp#27;[39m &amp#27;[90m2 ms - 22&amp#27;[39m
&amp#27;[35m[HTTP]&amp#27;[39m &amp#27;[90m&amp#27;[39m
&amp#27;[35m[HTTP]&amp#27;[39m &amp#27;[37m-->&amp#27;[39m &amp#27;[37mPOST&amp#27;[39m &amp#27;[37m/wd/hub/session/2ef3d3a1-b647-4f64-98b3-9ea3b799901e/element&amp#27;[39m
&amp#27;[35m[HTTP]&amp#27;[39m &amp#27;[90m{"using":"accessibility id","value":"test-LOGIN"}&amp#27;[39m
[debug] &amp#27;[35m[W3C (2ef3d3a1)]&amp#27;[39m Calling AppiumDriver.findElement() with args: ["accessibility id","test-LOGIN","2ef3d3a1-b647-4f64-98b3-9ea3b799901e"]
[debug] &amp#27;[35m[BaseDriver]&amp#27;[39m Valid locator strategies for this request: xpath, id, class name, accessibility id, css selector, -android uiautomator
[debug] &amp#27;[35m[BaseDriver]&amp#27;[39m Waiting up to 0 ms for condition
[debug] &amp#27;[35m[WD Proxy]&amp#27;[39m Matched '/element' to command name 'findElement'
[debug] &amp#27;[35m[WD Proxy]&amp#27;[39m Proxying [POST /element] to [POST http://127.0.0.1:10000/wd/hub/session/9ce757c2-589f-4e51-be5c-672f84d5d82f/element] with body: {"strategy":"accessibility id","selector":"test-LOGIN","context":"","multiple":false}
[debug] &amp#27;[35m[WD Proxy]&amp#27;[39m Matched '/status' to command name 'getStatus'
[debug] &amp#27;[35m[WD Proxy]&amp#27;[39m Proxying [GET /status] to [GET http://127.0.0.1:10001/wd/hub/status] with no body
&amp#27;[35m[WD Proxy]&amp#27;[39m socket hang up
[debug] &amp#27;[35m[WD Proxy]&amp#27;[39m Got response with status 200: {"sessionId":"9ce757c2-589f-4e51-be5c-672f84d5d82f","value":{"ELEMENT":"f81f495d-487b-4a54-a4f5-0b84d7123bd5","element-6066-11e4-a52e-4f735466cecf":"f81f495d-487b-4a54-a4f5-0b84d7123bd5"}}
[debug] &amp#27;[35m[W3C (2ef3d3a1)]&amp#27;[39m Responding to client with driver.findElement() result: {"element-6066-11e4-a52e-4f735466cecf":"f81f495d-487b-4a54-a4f5-0b84d7123bd5","ELEMENT":"f81f495d-487b-4a54-a4f5-0b84d7123bd5"}
&amp#27;[35m[HTTP]&amp#27;[39m &amp#27;[37m<-- POST /wd/hub/session/2ef3d3a1-b647-4f64-98b3-9ea3b799901e/element &amp#27;[39m&amp#27;[32m200&amp#27;[39m &amp#27;[90m506 ms - 137&amp#27;[39m
&amp#27;[35m[HTTP]&amp#27;[39m &amp#27;[90m&amp#27;[39m
&amp#27;[35m[HTTP]&amp#27;[39m &amp#27;[37m-->&amp#27;[39m &amp#27;[37mGET&amp#27;[39m &amp#27;[37m/wd/hub/session/2ef3d3a1-b647-4f64-98b3-9ea3b799901e/element/f81f495d-487b-4a54-a4f5-0b84d7123bd5/displayed&amp#27;[39m
&amp#27;[35m[HTTP]&amp#27;[39m &amp#27;[90m{}&amp#27;[39m
[debug] &amp#27;[35m[W3C (2ef3d3a1)]&amp#27;[39m Calling AppiumDriver.elementDisplayed() with args: ["f81f495d-487b-4a54-a4f5-0b84d7123bd5","2ef3d3a1-b647-4f64-98b3-9ea3b799901e"]
[debug] &amp#27;[35m[WD Proxy]&amp#27;[39m Matched '/element/f81f495d-487b-4a54-a4f5-0b84d7123bd5/attribute/displayed' to command name 'getAttribute'
[debug] &amp#27;[35m[WD Proxy]&amp#27;[39m Proxying [GET /element/f81f495d-487b-4a54-a4f5-0b84d7123bd5/attribute/displayed] to [GET http://127.0.0.1:10000/wd/hub/session/9ce757c2-589f-4e51-be5c-672f84d5d82f/element/f81f495d-487b-4a54-a4f5-0b84d7123bd5/attribute/displayed] with no body
[debug] &amp#27;[35m[WD Proxy]&amp#27;[39m Got response with status 200: {"sessionId":"9ce757c2-589f-4e51-be5c-672f84d5d82f","value":"true"}
[debug] &amp#27;[35m[W3C (2ef3d3a1)]&amp#27;[39m Responding to client with driver.elementDisplayed() result: true
&amp#27;[35m[HTTP]&amp#27;[39m &amp#27;[37m<-- GET /wd/hub/session/2ef3d3a1-b647-4f64-98b3-9ea3b799901e/element/f81f495d-487b-4a54-a4f5-0b84d7123bd5/displayed &amp#27;[39m&amp#27;[32m200&amp#27;[39m &amp#27;[90m18 ms - 14&amp#27;[39m
&amp#27;[35m[HTTP]&amp#27;[39m &amp#27;[90m&amp#27;[39m
[INFO ] 2021-06-21 17:56:19.586 com.qa.pages.BasePage:57 - press login button
&amp#27;[35m[HTTP]&amp#27;[39m &amp#27;[37m-->&amp#27;[39m &amp#27;[37mGET&amp#27;[39m &amp#27;[37m/wd/hub/session/2ef3d3a1-b647-4f64-98b3-9ea3b799901e/context&amp#27;[39m
&amp#27;[35m[HTTP]&amp#27;[39m &amp#27;[90m{}&amp#27;[39m
[debug] &amp#27;[35m[W3C (2ef3d3a1)]&amp#27;[39m Calling AppiumDriver.getCurrentContext() with args: ["2ef3d3a1-b647-4f64-98b3-9ea3b799901e"]
[debug] &amp#27;[35m[W3C (2ef3d3a1)]&amp#27;[39m Responding to client with driver.getCurrentContext() result: "NATIVE_APP"
&amp#27;[35m[HTTP]&amp#27;[39m &amp#27;[37m<-- GET /wd/hub/session/2ef3d3a1-b647-4f64-98b3-9ea3b799901e/context &amp#27;[39m&amp#27;[32m200&amp#27;[39m &amp#27;[90m2 ms - 22&amp#27;[39m
&amp#27;[35m[HTTP]&amp#27;[39m &amp#27;[90m&amp#27;[39m
&amp#27;[35m[HTTP]&amp#27;[39m &amp#27;[37m-->&amp#27;[39m &amp#27;[37mPOST&amp#27;[39m &amp#27;[37m/wd/hub/session/2ef3d3a1-b647-4f64-98b3-9ea3b799901e/element&amp#27;[39m
&amp#27;[35m[HTTP]&amp#27;[39m &amp#27;[90m{"using":"accessibility id","value":"test-LOGIN"}&amp#27;[39m
[debug] &amp#27;[35m[W3C (2ef3d3a1)]&amp#27;[39m Calling AppiumDriver.findElement() with args: ["accessibility id","test-LOGIN","2ef3d3a1-b647-4f64-98b3-9ea3b799901e"]
[debug] &amp#27;[35m[BaseDriver]&amp#27;[39m Valid locator strategies for this request: xpath, id, class name, accessibility id, css selector, -android uiautomator
[debug] &amp#27;[35m[BaseDriver]&amp#27;[39m Waiting up to 0 ms for condition
[debug] &amp#27;[35m[WD Proxy]&amp#27;[39m Matched '/element' to command name 'findElement'
[debug] &amp#27;[35m[WD Proxy]&amp#27;[39m Proxying [POST /element] to [POST http://127.0.0.1:10000/wd/hub/session/9ce757c2-589f-4e51-be5c-672f84d5d82f/element] with body: {"strategy":"accessibility id","selector":"test-LOGIN","context":"","multiple":false}
[debug] &amp#27;[35m[WD Proxy]&amp#27;[39m Got response with status 200: {"sessionId":"9ce757c2-589f-4e51-be5c-672f84d5d82f","value":{"ELEMENT":"b9a80380-a3f5-4377-b7e0-dbd558f32102","element-6066-11e4-a52e-4f735466cecf":"b9a80380-a3f5-4377-b7e0-dbd558f32102"}}
[debug] &amp#27;[35m[W3C (2ef3d3a1)]&amp#27;[39m Responding to client with driver.findElement() result: {"element-6066-11e4-a52e-4f735466cecf":"b9a80380-a3f5-4377-b7e0-dbd558f32102","ELEMENT":"b9a80380-a3f5-4377-b7e0-dbd558f32102"}
&amp#27;[35m[HTTP]&amp#27;[39m &amp#27;[37m<-- POST /wd/hub/session/2ef3d3a1-b647-4f64-98b3-9ea3b799901e/element &amp#27;[39m&amp#27;[32m200&amp#27;[39m &amp#27;[90m33 ms - 137&amp#27;[39m
&amp#27;[35m[HTTP]&amp#27;[39m &amp#27;[90m&amp#27;[39m
&amp#27;[35m[HTTP]&amp#27;[39m &amp#27;[37m-->&amp#27;[39m &amp#27;[37mPOST&amp#27;[39m &amp#27;[37m/wd/hub/session/2ef3d3a1-b647-4f64-98b3-9ea3b799901e/element/b9a80380-a3f5-4377-b7e0-dbd558f32102/click&amp#27;[39m
&amp#27;[35m[HTTP]&amp#27;[39m &amp#27;[90m{"id":"b9a80380-a3f5-4377-b7e0-dbd558f32102"}&amp#27;[39m
[debug] &amp#27;[35m[W3C (2ef3d3a1)]&amp#27;[39m Calling AppiumDriver.click() with args: ["b9a80380-a3f5-4377-b7e0-dbd558f32102","2ef3d3a1-b647-4f64-98b3-9ea3b799901e"]
[debug] &amp#27;[35m[WD Proxy]&amp#27;[39m Matched '/element/b9a80380-a3f5-4377-b7e0-dbd558f32102/click' to command name 'click'
[debug] &amp#27;[35m[WD Proxy]&amp#27;[39m Proxying [POST /element/b9a80380-a3f5-4377-b7e0-dbd558f32102/click] to [POST http://127.0.0.1:10000/wd/hub/session/9ce757c2-589f-4e51-be5c-672f84d5d82f/element/b9a80380-a3f5-4377-b7e0-dbd558f32102/click] with body: {"element":"b9a80380-a3f5-4377-b7e0-dbd558f32102"}
[debug] &amp#27;[35m[WD Proxy]&amp#27;[39m Got response with status 200: {"sessionId":"9ce757c2-589f-4e51-be5c-672f84d5d82f","value":null}
[debug] &amp#27;[35m[W3C (2ef3d3a1)]&amp#27;[39m Responding to client with driver.click() result: null
&amp#27;[35m[HTTP]&amp#27;[39m &amp#27;[37m<-- POST /wd/hub/session/2ef3d3a1-b647-4f64-98b3-9ea3b799901e/element/b9a80380-a3f5-4377-b7e0-dbd558f32102/click &amp#27;[39m&amp#27;[32m200&amp#27;[39m &amp#27;[90m85 ms - 14&amp#27;[39m
&amp#27;[35m[HTTP]&amp#27;[39m &amp#27;[90m&amp#27;[39m
  And Tap on the Login button                                                                           # com.qa.stepdef.LogInStepDef.tapOnTheLoginButton()
&amp#27;[35m[HTTP]&amp#27;[39m &amp#27;[37m-->&amp#27;[39m &amp#27;[37mGET&amp#27;[39m &amp#27;[37m/wd/hub/session/2ef3d3a1-b647-4f64-98b3-9ea3b799901e/context&amp#27;[39m
&amp#27;[35m[HTTP]&amp#27;[39m &amp#27;[90m{}&amp#27;[39m
[debug] &amp#27;[35m[W3C (2ef3d3a1)]&amp#27;[39m Calling AppiumDriver.getCurrentContext() with args: ["2ef3d3a1-b647-4f64-98b3-9ea3b799901e"]
[debug] &amp#27;[35m[W3C (2ef3d3a1)]&amp#27;[39m Responding to client with driver.getCurrentContext() result: "NATIVE_APP"
&amp#27;[35m[HTTP]&amp#27;[39m &amp#27;[37m<-- GET /wd/hub/session/2ef3d3a1-b647-4f64-98b3-9ea3b799901e/context &amp#27;[39m&amp#27;[32m200&amp#27;[39m &amp#27;[90m1 ms - 22&amp#27;[39m
&amp#27;[35m[HTTP]&amp#27;[39m &amp#27;[90m&amp#27;[39m
&amp#27;[35m[HTTP]&amp#27;[39m &amp#27;[37m-->&amp#27;[39m &amp#27;[37mPOST&amp#27;[39m &amp#27;[37m/wd/hub/session/2ef3d3a1-b647-4f64-98b3-9ea3b799901e/element&amp#27;[39m
&amp#27;[35m[HTTP]&amp#27;[39m &amp#27;[90m{"using":"xpath","value":"//android.view.ViewGroup[@content-desc=\"test-Error message\"]/android.widget.TextView"}&amp#27;[39m
[debug] &amp#27;[35m[W3C (2ef3d3a1)]&amp#27;[39m Calling AppiumDriver.findElement() with args: ["xpath","//android.view.ViewGroup[@content-desc=\"test-Error message\"]/android.widget.TextView","2ef3d3a1-b647-4f64-98b3-9ea3b799901e"]
[debug] &amp#27;[35m[BaseDriver]&amp#27;[39m Valid locator strategies for this request: xpath, id, class name, accessibility id, css selector, -android uiautomator
[debug] &amp#27;[35m[BaseDriver]&amp#27;[39m Waiting up to 0 ms for condition
[debug] &amp#27;[35m[WD Proxy]&amp#27;[39m Matched '/element' to command name 'findElement'
[debug] &amp#27;[35m[WD Proxy]&amp#27;[39m Proxying [POST /element] to [POST http://127.0.0.1:10000/wd/hub/session/9ce757c2-589f-4e51-be5c-672f84d5d82f/element] with body: {"strategy":"xpath","selector":"//android.view.ViewGroup[@content-desc=\"test-Error message\"]/android.widget.TextView","context":"","multiple":false}
[debug] &amp#27;[35m[WD Proxy]&amp#27;[39m Got response with status 200: {"sessionId":"9ce757c2-589f-4e51-be5c-672f84d5d82f","value":{"ELEMENT":"13f6a44b-bfde-4ff8-9d35-244b69c90e97","element-6066-11e4-a52e-4f735466cecf":"13f6a44b-bfde-4ff8-9d35-244b69c90e97"}}
[debug] &amp#27;[35m[W3C (2ef3d3a1)]&amp#27;[39m Responding to client with driver.findElement() result: {"element-6066-11e4-a52e-4f735466cecf":"13f6a44b-bfde-4ff8-9d35-244b69c90e97","ELEMENT":"13f6a44b-bfde-4ff8-9d35-244b69c90e97"}
&amp#27;[35m[HTTP]&amp#27;[39m &amp#27;[37m<-- POST /wd/hub/session/2ef3d3a1-b647-4f64-98b3-9ea3b799901e/element &amp#27;[39m&amp#27;[32m200&amp#27;[39m &amp#27;[90m147 ms - 137&amp#27;[39m
&amp#27;[35m[HTTP]&amp#27;[39m &amp#27;[90m&amp#27;[39m
&amp#27;[35m[HTTP]&amp#27;[39m &amp#27;[37m-->&amp#27;[39m &amp#27;[37mGET&amp#27;[39m &amp#27;[37m/wd/hub/session/2ef3d3a1-b647-4f64-98b3-9ea3b799901e/element/13f6a44b-bfde-4ff8-9d35-244b69c90e97/displayed&amp#27;[39m
&amp#27;[35m[HTTP]&amp#27;[39m &amp#27;[90m{}&amp#27;[39m
[debug] &amp#27;[35m[W3C (2ef3d3a1)]&amp#27;[39m Calling AppiumDriver.elementDisplayed() with args: ["13f6a44b-bfde-4ff8-9d35-244b69c90e97","2ef3d3a1-b647-4f64-98b3-9ea3b799901e"]
[debug] &amp#27;[35m[WD Proxy]&amp#27;[39m Matched '/element/13f6a44b-bfde-4ff8-9d35-244b69c90e97/attribute/displayed' to command name 'getAttribute'
[debug] &amp#27;[35m[WD Proxy]&amp#27;[39m Proxying [GET /element/13f6a44b-bfde-4ff8-9d35-244b69c90e97/attribute/displayed] to [GET http://127.0.0.1:10000/wd/hub/session/9ce757c2-589f-4e51-be5c-672f84d5d82f/element/13f6a44b-bfde-4ff8-9d35-244b69c90e97/attribute/displayed] with no body
[debug] &amp#27;[35m[WD Proxy]&amp#27;[39m Got response with status 200: {"sessionId":"9ce757c2-589f-4e51-be5c-672f84d5d82f","value":"true"}
[debug] &amp#27;[35m[W3C (2ef3d3a1)]&amp#27;[39m Responding to client with driver.elementDisplayed() result: true
&amp#27;[35m[HTTP]&amp#27;[39m &amp#27;[37m<-- GET /wd/hub/session/2ef3d3a1-b647-4f64-98b3-9ea3b799901e/element/13f6a44b-bfde-4ff8-9d35-244b69c90e97/displayed &amp#27;[39m&amp#27;[32m200&amp#27;[39m &amp#27;[90m484 ms - 14&amp#27;[39m
&amp#27;[35m[HTTP]&amp#27;[39m &amp#27;[90m&amp#27;[39m
&amp#27;[35m[HTTP]&amp#27;[39m &amp#27;[37m-->&amp#27;[39m &amp#27;[37mGET&amp#27;[39m &amp#27;[37m/wd/hub/session/2ef3d3a1-b647-4f64-98b3-9ea3b799901e/context&amp#27;[39m
&amp#27;[35m[HTTP]&amp#27;[39m &amp#27;[90m{}&amp#27;[39m
[debug] &amp#27;[35m[W3C (2ef3d3a1)]&amp#27;[39m Calling AppiumDriver.getCurrentContext() with args: ["2ef3d3a1-b647-4f64-98b3-9ea3b799901e"]
[debug] &amp#27;[35m[W3C (2ef3d3a1)]&amp#27;[39m Responding to client with driver.getCurrentContext() result: "NATIVE_APP"
&amp#27;[35m[HTTP]&amp#27;[39m &amp#27;[37m<-- GET /wd/hub/session/2ef3d3a1-b647-4f64-98b3-9ea3b799901e/context &amp#27;[39m&amp#27;[32m200&amp#27;[39m &amp#27;[90m2 ms - 22&amp#27;[39m
&amp#27;[35m[HTTP]&amp#27;[39m &amp#27;[90m&amp#27;[39m
&amp#27;[35m[HTTP]&amp#27;[39m &amp#27;[37m-->&amp#27;[39m &amp#27;[37mPOST&amp#27;[39m &amp#27;[37m/wd/hub/session/2ef3d3a1-b647-4f64-98b3-9ea3b799901e/element&amp#27;[39m
&amp#27;[35m[HTTP]&amp#27;[39m &amp#27;[90m{"using":"xpath","value":"//android.view.ViewGroup[@content-desc=\"test-Error message\"]/android.widget.TextView"}&amp#27;[39m
[debug] &amp#27;[35m[W3C (2ef3d3a1)]&amp#27;[39m Calling AppiumDriver.findElement() with args: ["xpath","//android.view.ViewGroup[@content-desc=\"test-Error message\"]/android.widget.TextView","2ef3d3a1-b647-4f64-98b3-9ea3b799901e"]
[debug] &amp#27;[35m[BaseDriver]&amp#27;[39m Valid locator strategies for this request: xpath, id, class name, accessibility id, css selector, -android uiautomator
[debug] &amp#27;[35m[BaseDriver]&amp#27;[39m Waiting up to 0 ms for condition
[debug] &amp#27;[35m[WD Proxy]&amp#27;[39m Matched '/element' to command name 'findElement'
[debug] &amp#27;[35m[WD Proxy]&amp#27;[39m Proxying [POST /element] to [POST http://127.0.0.1:10000/wd/hub/session/9ce757c2-589f-4e51-be5c-672f84d5d82f/element] with body: {"strategy":"xpath","selector":"//android.view.ViewGroup[@content-desc=\"test-Error message\"]/android.widget.TextView","context":"","multiple":false}
[debug] &amp#27;[35m[WD Proxy]&amp#27;[39m Got response with status 200: {"sessionId":"9ce757c2-589f-4e51-be5c-672f84d5d82f","value":{"ELEMENT":"3d7d7f8b-d461-43e2-b74d-5a45c48aab5d","element-6066-11e4-a52e-4f735466cecf":"3d7d7f8b-d461-43e2-b74d-5a45c48aab5d"}}
[debug] &amp#27;[35m[W3C (2ef3d3a1)]&amp#27;[39m Responding to client with driver.findElement() result: {"element-6066-11e4-a52e-4f735466cecf":"3d7d7f8b-d461-43e2-b74d-5a45c48aab5d","ELEMENT":"3d7d7f8b-d461-43e2-b74d-5a45c48aab5d"}
&amp#27;[35m[HTTP]&amp#27;[39m &amp#27;[37m<-- POST /wd/hub/session/2ef3d3a1-b647-4f64-98b3-9ea3b799901e/element &amp#27;[39m&amp#27;[32m200&amp#27;[39m &amp#27;[90m88 ms - 137&amp#27;[39m
&amp#27;[35m[HTTP]&amp#27;[39m &amp#27;[90m&amp#27;[39m
[debug] &amp#27;[35m[WD Proxy]&amp#27;[39m Matched '/status' to command name 'getStatus'
[debug] &amp#27;[35m[WD Proxy]&amp#27;[39m Proxying [GET /status] to [GET http://127.0.0.1:10001/wd/hub/status] with no body
&amp#27;[35m[HTTP]&amp#27;[39m &amp#27;[37m-->&amp#27;[39m &amp#27;[37mGET&amp#27;[39m &amp#27;[37m/wd/hub/session/2ef3d3a1-b647-4f64-98b3-9ea3b799901e/element/3d7d7f8b-d461-43e2-b74d-5a45c48aab5d/attribute/text&amp#27;[39m
&amp#27;[35m[HTTP]&amp#27;[39m &amp#27;[90m{}&amp#27;[39m
[debug] &amp#27;[35m[W3C (2ef3d3a1)]&amp#27;[39m Calling AppiumDriver.getAttribute() with args: ["text","3d7d7f8b-d461-43e2-b74d-5a45c48aab5d","2ef3d3a1-b647-4f64-98b3-9ea3b799901e"]
[debug] &amp#27;[35m[WD Proxy]&amp#27;[39m Matched '/element/3d7d7f8b-d461-43e2-b74d-5a45c48aab5d/attribute/text' to command name 'getAttribute'
[debug] &amp#27;[35m[WD Proxy]&amp#27;[39m Proxying [GET /element/3d7d7f8b-d461-43e2-b74d-5a45c48aab5d/attribute/text] to [GET http://127.0.0.1:10000/wd/hub/session/9ce757c2-589f-4e51-be5c-672f84d5d82f/element/3d7d7f8b-d461-43e2-b74d-5a45c48aab5d/attribute/text] with no body
[debug] &amp#27;[35m[WD Proxy]&amp#27;[39m Got response with status 200: {"sessionId":"9ce757c2-589f-4e51-be5c-672f84d5d82f","value":"Username and password do not match any user in this service."}
[debug] &amp#27;[35m[W3C (2ef3d3a1)]&amp#27;[39m Responding to client with driver.getAttribute() result: "Username and password do not match any user in this service."
&amp#27;[35m[HTTP]&amp#27;[39m &amp#27;[37m<-- GET /wd/hub/session/2ef3d3a1-b647-4f64-98b3-9ea3b799901e/element/3d7d7f8b-d461-43e2-b74d-5a45c48aab5d/attribute/text &amp#27;[39m&amp#27;[32m200&amp#27;[39m &amp#27;[90m33 ms - 72&amp#27;[39m
&amp#27;[35m[HTTP]&amp#27;[39m &amp#27;[90m&amp#27;[39m
[INFO ] 2021-06-21 17:56:20.597 com.qa.pages.BasePage:100 - error text is - Username and password do not match any user in this service.
  Then the "ggUsername and password do not match any user in this service." message should be displayed # com.qa.stepdef.LogInStepDef.theMessageShouldBeDisplayed(java.lang.String)
      org.junit.ComparisonFailure: expected:<[]Username and passwor...> but was:<[gg]Username and passwor...>
	at org.junit.Assert.assertEquals(Assert.java:115)
	at org.junit.Assert.assertEquals(Assert.java:144)
	at com.qa.stepdef.LogInStepDef.theMessageShouldBeDisplayed(LogInStepDef.java:34)
	at âœ½.the "ggUsername and password do not match any user in this service." message should be displayed(file:///C:/Users/Qadir/eclipse-workspace/Selenium%20Udemy/CucumberFramework-%20TestNG/src/test/resources/Login.feature:7)

&amp#27;[35m[HTTP]&amp#27;[39m &amp#27;[37m-->&amp#27;[39m &amp#27;[37mGET&amp#27;[39m &amp#27;[37m/wd/hub/session/2ef3d3a1-b647-4f64-98b3-9ea3b799901e/screenshot&amp#27;[39m
&amp#27;[35m[HTTP]&amp#27;[39m &amp#27;[90m{}&amp#27;[39m
[debug] &amp#27;[35m[W3C (2ef3d3a1)]&amp#27;[39m Calling AppiumDriver.getScreenshot() with args: ["2ef3d3a1-b647-4f64-98b3-9ea3b799901e"]
[debug] &amp#27;[35m[WD Proxy]&amp#27;[39m Matched '/screenshot' to command name 'getScreenshot'
[debug] &amp#27;[35m[WD Proxy]&amp#27;[39m Proxying [GET /screenshot] to [GET http://127.0.0.1:10000/wd/hub/session/9ce757c2-589f-4e51-be5c-672f84d5d82f/screenshot] with no body
[debug] &amp#27;[35m[WD Proxy]&amp#27;[39m Got response with status 200: {"sessionId":"None","value":{"message":"UiAutomator2 Server is ready to accept commands","ready":true}}
[debug] &amp#27;[35m[UiAutomator2]&amp#27;[39m The initialization of the instrumentation process took 15511ms
[debug] &amp#27;[35m[WD Proxy]&amp#27;[39m Matched '/session' to command name 'createSession'
[debug] &amp#27;[35m[WD Proxy]&amp#27;[39m Proxying [POST /session] to [POST http://127.0.0.1:10001/wd/hub/session] with body: {"capabilities":{"firstMatch":[{"platform":"LINUX","webStorageEnabled":false,"takesScreenshot":true,"javascriptEnabled":true,"databaseEnabled":false,"networkConnectionEnabled":true,"locationContextEnabled":false,"warnings":{},"desired":{"platformName":"android","chromeDriverPort":110001,"app":"C:\\Users\\Qadir\\eclipse-workspace\\Selenium Udemy\\CucumberFramework- TestNG\\src\\test\\resources\\apps\\Saucelabs.apk","appActivity":"com.swaglabsmobileapp.MainActivity","appPackage":"com.swaglabsmobileapp","automationName":"UIAutomator2","deviceName":"Android_Pixel4","systemPort":10001,"udid":"emulator-5554"},"platformName":"android","chromeDriverPort":110001,"app":"C:\\Users\\Qadir\\eclipse-workspace\\Selenium Udemy\\CucumberFramework- TestNG\\src\\test\\resources\\apps\\Saucelabs.apk","appActivity":"com.swaglabsmobileapp.MainActivity","appPackage":"com.swaglabsmobileapp","automationName":"UIAutomator2","deviceName":"emulator-5554","systemPort":10001,"udid":"emulator-5554","deviceUDID":"emulator-5554"}],"always...
[debug] &amp#27;[35m[WD Proxy]&amp#27;[39m Got response with status 200: {"sessionId":"dff51be2-33f9-4ee4-9367-e47fcd54ec21","value":{"capabilities":{"firstMatch":[{"platform":"LINUX","webStorageEnabled":false,"takesScreenshot":true,"javascriptEnabled":true,"databaseEnabled":false,"networkConnectionEnabled":true,"locationContextEnabled":false,"warnings":{},"desired":{"platformName":"android","chromeDriverPort":110001,"app":"C:\\Users\\Qadir\\eclipse-workspace\\Selenium Udemy\\CucumberFramework- TestNG\\src\\test\\resources\\apps\\Saucelabs.apk","appActivity":"com.swaglabsmobileapp.MainActivity","appPackage":"com.swaglabsmobileapp","automationName":"UIAutomator2","deviceName":"Android_Pixel4","systemPort":10001,"udid":"emulator-5554"},"platformName":"android","chromeDriverPort":110001,"app":"C:\\Users\\Qadir\\eclipse-workspace\\Selenium Udemy\\CucumberFramework- TestNG\\src\\test\\resources\\apps\\Saucelabs.apk","appActivity":"com.swaglabsmobileapp.MainActivity","appPackage":"com.swaglabsmobileapp","automationName":"UIAutomator2","deviceName":"emulator-5554","systemPort":10001,"...
&amp#27;[35m[WD Proxy]&amp#27;[39m Determined the downstream protocol as 'W3C'
[debug] &amp#27;[35m[WD Proxy]&amp#27;[39m Proxying [GET /appium/device/info] to [GET http://127.0.0.1:10001/wd/hub/session/dff51be2-33f9-4ee4-9367-e47fcd54ec21/appium/device/info] with no body
[debug] &amp#27;[35m[WD Proxy]&amp#27;[39m Got response with status 200: {"sessionId":"9ce757c2-589f-4e51-be5c-672f84d5d82f","value":"iVBORw0KGgoAAAANSUhEUgAABDgAAAisCAYAAACtR1KuAAAAAXNSR0IArs4c6QAAAARzQklUCAgI\nCHwIZIgAACAASURBVHic7N1rcFznnef333P6hlsDIAACRIskQIoESYkQKVMXE7Ik2nKkWtscj+2d\nmtmdTKYqtVOTfZPMGyfZ2qQqtZutVCpV+2ZT2bzZmq1KradmY82kTHs81tgaamyLsiTqBloiwRtA\nEDcS924AfTvnyYvT3UQDjRuJCw/5/bhgCI3u8zwNNhp9fv1//o/5/ve/bwUAAAAAABBgzk5PAAAA\nAAAA4EERcAAAAAAAgMAj4AAAAAAAAIFHwAEAAAAAAAKPgAMAAAAAAAQeAQcAAAAAAAg8Ag4AAAAA\nABB4BBwAAAAAACDwCDgAAAAAAEDgEXAAAAAAAIDAI+AAAAAAAACBR8ABAAAAAAACj4ADAAAAAAAE\nHgEHAAAAAAAIvPBOTwDYSkZWVkaS9GTDsJ7b3at9NXcVdbKay1TrevIJvTf+jMbTjWXXBQAAAAAE\nCwEHHjl+RGF1cs81fefJf1DUZOXmjBx5kmclayVPilfNaU/0rl7a9Yk8T3JCnibSjXpz6Ovqn3uC\nsAMAAAAAAoSAA4+cPzv9Q7VEJ+UUwgzrSY7jhxorcWRl81KTM6V/9sT/K1npw9Qz+v9GX5O12zd3\nAAAAAMD9IeDAI8EYq+889Ws91/qFjLV+pcZaVrhKsQLkhepPNNtUrV9M9GziTAEAwKOkq6tLktTX\n1xfI469XJBJRTU1N6XMoFFJVVdWy683NzcnzPKXTaaXTac3Pz8vzVnmXCXiMdXZ26vXXX1/Xdd96\n6y319/dv7YQeAQQcCLyaSEb/4qv/SWHXXV+wUWS0YshR9NXG3+jtyR6qOAAAwDJdXV06c+ZM6evN\nDiG2+vhrqampUUNDg2pqahSN...
[debug] &amp#27;[35m[W3C (2ef3d3a1)]&amp#27;[39m Responding to client with driver.getScreenshot() result: "iVBORw0KGgoAAAANSUhEUgAABDgAAAisCAYAAACtR1KuAAAAAXNSR0IArs4c6QAAAARzQklUCAgI\nCHwIZIgAACAASURBVHic7N1rcFznnef333P6hlsDIAACRIskQIoESYkQKVMXE7Ik2nKkWtscj+2d\nmtmdTKYqtVOTfZPMGyfZ2qQqtZutVCpV+2ZT2bzZmq1KradmY82kTHs81tgaamyLsiTqBloiwRtA\nEDcS924AfTvnyYvT3UQDjRuJCw/5/bhgCI3u8zwNNhp9fv1//o/5/ve/bwUAAAAAABBgzk5PAAAA\nAAAA4EERcAAAAAAAgMAj4AAAAAAAAIFHwAEAAAAAAAKPgAMAAAAAAAQeAQcAAAAAAAg8Ag4AAAAA\nABB4BBwAAAAAACDwCDgAAAAAAEDgEXAAAAAAAIDAI+AAAAAAAACBR8ABAAAAAAACj4ADAAAAAAAE\nHgEHAAAAAAAIvPBOTwDYSkZWVkaS9GTDsJ7b3at9NXcVdbKay1TrevIJvTf+jMbTjWXXBQAAAAAE\nCwEHHjl+RGF1cs81fefJf1DUZOXmjBx5kmclayVPilfNaU/0rl7a9Yk8T3JCnibSjXpz6Ovqn3uC\nsAMAAAAAAoSAA4+cPzv9Q7VEJ+UUwgzrSY7jhxorcWRl81KTM6V/9sT/K1npw9Qz+v9GX5O12zd3\nAAAAAMD9IeDAI8EYq+889Ws91/qFjLV+pcZaVrhKsQLkhepPNNtUrV9M9GziTAEAwKOkq6tLktTX\n1xfI469XJBJRTU1N6XMoFFJVVdWy683NzcnzPKXTaaXTac3Pz8vzVnmXCXiMdXZ26vXXX1/Xdd96\n6y319/dv7YQeAQQcCLyaSEb/4qv/SWHXXV+wUWS0YshR9NXG3+jtyR6qOAAAwDJdXV06c+ZM6evN\nDiG2+vhrqampUUNDg2pqahSNRtd1m9raWklSPB4vXZZOpzU3N6epqSnlcrktmSsQRM3NzRu6LgHH\n2gg4sC...
&amp#27;[35m[HTTP]&amp#27;[39m &amp#27;[37m<-- GET /wd/hub/session/2ef3d3a1-b647-4f64-98b3-9ea3b799901e/screenshot &amp#27;[39m&amp#27;[32m200&amp#27;[39m &amp#27;[90m601 ms - 303212&amp#27;[39m
&amp#27;[35m[HTTP]&amp#27;[39m &amp#27;[90m&amp#27;[39m

    Embedding Login with invalid user name [image/png 221566 bytes]

&amp#27;[35m[HTTP]&amp#27;[39m &amp#27;[37m-->&amp#27;[39m &amp#27;[37mPOST&amp#27;[39m &amp#27;[37m/wd/hub/session/2ef3d3a1-b647-4f64-98b3-9ea3b799901e/appium/stop_recording_screen&amp#27;[39m
&amp#27;[35m[HTTP]&amp#27;[39m &amp#27;[90m{}&amp#27;[39m
[debug] &amp#27;[35m[W3C (2ef3d3a1)]&amp#27;[39m Calling AppiumDriver.stopRecordingScreen() with args: [null,"2ef3d3a1-b647-4f64-98b3-9ea3b799901e"]
[debug] &amp#27;[35m[ADB]&amp#27;[39m Getting IDs of all 'screenrecord' processes
[debug] &amp#27;[35m[ADB]&amp#27;[39m Running 'C:\Users\Qadir\AppData\Local\Android\Sdk\platform-tools\adb.exe -P 5037 -s 50584a424e443498 shell pgrep -f \(\[\[:blank:\]\]\|\^\)screenrecord\(\[\[:blank:\]\]\|\$\)'
[debug] &amp#27;[35m[ADB]&amp#27;[39m Running 'C:\Users\Qadir\AppData\Local\Android\Sdk\platform-tools\adb.exe -P 5037 -s 50584a424e443498 shell kill -2 29187'
[debug] &amp#27;[35m[ADB]&amp#27;[39m Getting IDs of all 'screenrecord' processes
[debug] &amp#27;[35m[ADB]&amp#27;[39m Running 'C:\Users\Qadir\AppData\Local\Android\Sdk\platform-tools\adb.exe -P 5037 -s 50584a424e443498 shell pgrep -f \(\[\[:blank:\]\]\|\^\)screenrecord\(\[\[:blank:\]\]\|\$\)'
[debug] &amp#27;[35m[WD Proxy]&amp#27;[39m Got response with status 200: {"sessionId":"dff51be2-33f9-4ee4-9367-e47fcd54ec21","value":{"androidId":"6e5e95560e89de64","apiVersion":"28","bluetooth":null,"brand":"google","carrierName":"Android","displayDensity":560,"locale":"en_US","manufacturer":"Google","model":"AOSP on IA Emulator","networks":[{"capabilities":{"SSID":null,"linkDownBandwidthKbps":1048576,"linkUpstreamBandwidthKbps":1048576,"networkCapabilities":"NET_CAPABILITY_NOT_METERED,NET_CAPABILITY_INTERNET,NET_CAPABILITY_NOT_RESTRICTED,NET_CAPABILITY_TRUSTED,NET_CAPABILITY_NOT_VPN,NET_CAPABILITY_VALIDATED,NET_CAPABILITY_NOT_ROAMING,NET_CAPABILITY_FOREGROUND,NET_CAPABILITY_NOT_CONGESTED,NET_CAPABILITY_NOT_SUSPENDED","signalStrength":-50,"transportTypes":"TRANSPORT_WIFI"},"detailedState":"CONNECTED","extraInfo":null,"isAvailable":true,"isConnected":true,"isFailover":false,"isRoaming":false,"state":"CONNECTED","subtype":0,"subtypeName":"","type":1,"typeName":"WIFI"},{"capabilities":{"SSID":null,"linkDownBandwidthKbps":102400,"linkUpstreamBandwidthKbps":51200,"networkCapabiliti...
[debug] &amp#27;[35m[ADB]&amp#27;[39m Running 'C:\Users\Qadir\AppData\Local\Android\Sdk\platform-tools\adb.exe -P 5037 -s emulator-5554 shell dumpsys window'
&amp#27;[35m[AndroidDriver]&amp#27;[39m Screen already unlocked, doing nothing
&amp#27;[35m[UiAutomator2]&amp#27;[39m Starting 'com.swaglabsmobileapp/com.swaglabsmobileapp.MainActivity and waiting for 'com.swaglabsmobileapp/com.swaglabsmobileapp.MainActivity'
[debug] &amp#27;[35m[ADB]&amp#27;[39m Running 'C:\Users\Qadir\AppData\Local\Android\Sdk\platform-tools\adb.exe -P 5037 -s emulator-5554 shell am start -W -n com.swaglabsmobileapp/com.swaglabsmobileapp.MainActivity -S -a android.intent.action.MAIN -c android.intent.category.LAUNCHER -f 0x10200000'
[debug] &amp#27;[35m[ADB]&amp#27;[39m Getting IDs of all 'screenrecord' processes
[debug] &amp#27;[35m[ADB]&amp#27;[39m Running 'C:\Users\Qadir\AppData\Local\Android\Sdk\platform-tools\adb.exe -P 5037 -s 50584a424e443498 shell pgrep -f \(\[\[:blank:\]\]\|\^\)screenrecord\(\[\[:blank:\]\]\|\$\)'
[debug] &amp#27;[35m[ADB]&amp#27;[39m Running 'C:\Users\Qadir\AppData\Local\Android\Sdk\platform-tools\adb.exe -P 5037 -s 50584a424e443498 pull /sdcard/281d9c02.mp4 C:\Users\Qadir\AppData\Local\Temp\2021521-3484-1gxxxfz.dve\281d9c02.mp4'
[debug] &amp#27;[35m[ADB]&amp#27;[39m Running 'C:\Users\Qadir\AppData\Local\Android\Sdk\platform-tools\adb.exe -P 5037 -s 50584a424e443498 shell rm -rf /sdcard/281d9c02.mp4'
[debug] &amp#27;[35m[AndroidDriver]&amp#27;[39m The size of the resulting screen recording is 270.99 KB
[debug] &amp#27;[35m[W3C (2ef3d3a1)]&amp#27;[39m Responding to client with driver.stopRecordingScreen() result: "AAAAGGZ0eXBtcDQyAAAAAGlzb21tcDQyAAAAAW1kYXQAAAAAAAQ3cAAAAARuwIAPAADAZGW4AQKEiRQADsnJycnJycnJycnCGABD1/1ff/8DpDlhDFH/5k3Pybk5OTk5OTk5OTk5OTk5OTk5OTk5OTk5OTk5OTk5OTk5OTk5OTk5OTk5OTk5OTk5OTk5OTk5OTk5OTk4QmAAWgHyFEcpfN8JIfgAwWpnGG4IEM8v1XNcHfIhZ1l+mlB6GAAyCOy5Ojnv4I6LYUlL/mLcdsvSKUCE4ALNM7HOGpa3ffv8AYu5mYHRgCafZXc0ghMAEIBt1H6v8+2U5ZVOXlU5ZulwwNiYqX5SpdDc8ITgAOV9/GdqdSnRHfwF8PzBCEO3xgRYxmPWO/541dLkWhSeSCkHvCE4ACbNG2aIkaIHgEu6NmMgf7YpU8//hjAA2RHZjYxxWf3v4IizWt4CPXto7/nhLVhtMJ/hSwECzOFbXAA/VRjs0hj7gRHzHvQYmAAzrJv2Ae4G8A+eMQOeNx0///lNL8BHdQ6gBtgGAAVMBYYAXJADC8dBJ7/Xt6QH54Y2yBwDgWcJGlEKYEISwgxgMTF+ACbrfDcfdSIiA1mv5IksSzgZDOGWASAI91jaCKjzwZCY7gZccBx9Tr3TXkBy3BkbyFAAlA//8Afv/RHmCF5OTk5OTk5OTk5OTk5OTk5OTk5OTk5OTk5OTk5OTk4QmAATRI2iZkjZl/AmDNhvh9b2gMzV8IRgASmrkrOFEe+eG+Xdn4XkhyNfsOBMryWwsF7BE5tN/hHuTwsBDACQ0clK4UR757EAmQS3bBvl3L5oYuq/nvAsRYVsLSexmKTMEI0AHkbNI2RM2QAD4iBmg3+HqntARmr/+EJgAesEV7cUoNfrgxzEQ6+y7H1K4xhmbCDgmI7cCMdsXksQpYHowAi+FPAP9/39O2rlq5fEw0wgk5+tegzhy4QjQAPZ06mzCHfjCUG4u77BzC3Ydbjg2X0/5J5OEIwAHeaF6tI313fH...
&amp#27;[35m[HTTP]&amp#27;[39m &amp#27;[37m<-- POST /wd/hub/session/2ef3d3a1-b647-4f64-98b3-9ea3b799901e/appium/stop_recording_screen &amp#27;[39m&amp#27;[32m200&amp#27;[39m &amp#27;[90m1836 ms - 370008&amp#27;[39m
&amp#27;[35m[HTTP]&amp#27;[39m &amp#27;[90m&amp#27;[39m
[INFO ] 2021-06-21 17:56:23.253 com.qa.utils.VideoManager:36 - video path: Android_Galaxy S9\Videos\Login with invalid user name.mp4
]]></system-out>
    <system-err><![CDATA[SLF4J: Failed to load class "org.slf4j.impl.StaticLoggerBinder".
SLF4J: Defaulting to no-operation (NOP) logger implementation
SLF4J: See http://www.slf4j.org/codes.html#StaticLoggerBinder for further details.
Jun 21, 2021 5:56:10 PM io.appium.java_client.remote.AppiumCommandExecutor$1 lambda$0
INFO: Detected dialect: W3C
]]></system-err>
  </testcase>
  <testcase name="scenario[&quot;Login with invalid user name&quot;, &quot;Optional[Login Scenarios]&quot;](1)" classname="com.qa.runners.MyTestNGRunnerPixelTest" time="17.382">
    <failure message="expected:&lt;[]Username and passwor...&gt; but was:&lt;[gg]Username and passwor...&gt;" type="org.junit.ComparisonFailure"><![CDATA[org.junit.ComparisonFailure: expected:<[]Username and passwor...> but was:<[gg]Username and passwor...>
]]></failure>
    <system-out><![CDATA[&amp#27;[35m[HTTP]&amp#27;[39m &amp#27;[37m-->&amp#27;[39m &amp#27;[37mDELETE&amp#27;[39m &amp#27;[37m/wd/hub/session/2ef3d3a1-b647-4f64-98b3-9ea3b799901e&amp#27;[39m
&amp#27;[35m[HTTP]&amp#27;[39m &amp#27;[90m{}&amp#27;[39m
[debug] &amp#27;[35m[W3C (2ef3d3a1)]&amp#27;[39m Calling AppiumDriver.deleteSession() with args: ["2ef3d3a1-b647-4f64-98b3-9ea3b799901e"]
[debug] &amp#27;[35m[BaseDriver]&amp#27;[39m Event 'quitSessionRequested' logged at 1624312583322 (17:56:23 GMT-0400 (Eastern Daylight Time))
&amp#27;[35m[Appium]&amp#27;[39m Removing session 2ef3d3a1-b647-4f64-98b3-9ea3b799901e from our master session list
[debug] &amp#27;[35m[UiAutomator2]&amp#27;[39m Deleting UiAutomator2 session
[debug] &amp#27;[35m[UiAutomator2]&amp#27;[39m Deleting UiAutomator2 server session
[debug] &amp#27;[35m[WD Proxy]&amp#27;[39m Matched '/' to command name 'deleteSession'
[debug] &amp#27;[35m[WD Proxy]&amp#27;[39m Proxying [DELETE /] to [DELETE http://127.0.0.1:10000/wd/hub/session/9ce757c2-589f-4e51-be5c-672f84d5d82f] with no body
[debug] &amp#27;[35m[WD Proxy]&amp#27;[39m Got response with status 200: {"sessionId":"9ce757c2-589f-4e51-be5c-672f84d5d82f","value":null}
[debug] &amp#27;[35m[ADB]&amp#27;[39m Running 'C:\Users\Qadir\AppData\Local\Android\Sdk\platform-tools\adb.exe -P 5037 -s 50584a424e443498 shell am force-stop com.swaglabsmobileapp'
[debug] &amp#27;[35m[Logcat]&amp#27;[39m Stopping logcat capture
[debug] &amp#27;[35m[ADB]&amp#27;[39m Removing forwarded port socket connection: 10000 
[debug] &amp#27;[35m[ADB]&amp#27;[39m Running 'C:\Users\Qadir\AppData\Local\Android\Sdk\platform-tools\adb.exe -P 5037 -s 50584a424e443498 forward --remove tcp:10000'
&amp#27;[35m[UiAutomator2]&amp#27;[39m Restoring hidden api policy to the device default configuration
[debug] &amp#27;[35m[ADB]&amp#27;[39m Running 'C:\Users\Qadir\AppData\Local\Android\Sdk\platform-tools\adb.exe -P 5037 -s 50584a424e443498 shell 'settings delete global hidden_api_policy_pre_p_apps;settings delete global hidden_api_policy_p_apps;settings delete global hidden_api_policy''
[debug] &amp#27;[35m[BaseDriver]&amp#27;[39m Event 'quitSessionFinished' logged at 1624312583708 (17:56:23 GMT-0400 (Eastern Daylight Time))
[debug] &amp#27;[35m[W3C (2ef3d3a1)]&amp#27;[39m Received response: null
[debug] &amp#27;[35m[W3C (2ef3d3a1)]&amp#27;[39m But deleting session, so not returning
[debug] &amp#27;[35m[W3C (2ef3d3a1)]&amp#27;[39m Responding to client with driver.deleteSession() result: null
&amp#27;[35m[HTTP]&amp#27;[39m &amp#27;[37m<-- DELETE /wd/hub/session/2ef3d3a1-b647-4f64-98b3-9ea3b799901e &amp#27;[39m&amp#27;[32m200&amp#27;[39m &amp#27;[90m389 ms - 14&amp#27;[39m
&amp#27;[35m[HTTP]&amp#27;[39m &amp#27;[90m&amp#27;[39m

Failed scenarios:
file:///C:/Users/Qadir/eclipse-workspace/Selenium%20Udemy/CucumberFramework-%20TestNG/src/test/resources/Login.feature:11 # Login with invalid user name

1 Scenarios (1 failed)
4 Steps (1 failed, 3 passed)
0m10.808s


org.junit.ComparisonFailure: expected:<[]Username and passwor...> but was:<[gg]Username and passwor...>
	at org.junit.Assert.assertEquals(Assert.java:115)
	at org.junit.Assert.assertEquals(Assert.java:144)
	at com.qa.stepdef.LogInStepDef.theMessageShouldBeDisplayed(LogInStepDef.java:34)
	at ?.the "ggUsername and password do not match any user in this service." message should be displayed(file:///C:/Users/Qadir/eclipse-workspace/Selenium%20Udemy/CucumberFramework-%20TestNG/src/test/resources/Login.feature:7)


[debug] &amp#27;[35m[WD Proxy]&amp#27;[39m Proxying [GET /appium/device/pixel_ratio] to [GET http://127.0.0.1:10001/wd/hub/session/dff51be2-33f9-4ee4-9367-e47fcd54ec21/appium/device/pixel_ratio] with no body
[debug] &amp#27;[35m[WD Proxy]&amp#27;[39m Got response with status 200: {"sessionId":"dff51be2-33f9-4ee4-9367-e47fcd54ec21","value":3.5}
[debug] &amp#27;[35m[WD Proxy]&amp#27;[39m Matched '/appium/device/system_bars' to command name 'getSystemBars'
[debug] &amp#27;[35m[WD Proxy]&amp#27;[39m Proxying [GET /appium/device/system_bars] to [GET http://127.0.0.1:10001/wd/hub/session/dff51be2-33f9-4ee4-9367-e47fcd54ec21/appium/device/system_bars] with no body
[debug] &amp#27;[35m[WD Proxy]&amp#27;[39m Got response with status 200: {"sessionId":"dff51be2-33f9-4ee4-9367-e47fcd54ec21","value":{"statusBar":172}}
[debug] &amp#27;[35m[WD Proxy]&amp#27;[39m Matched '/window/current/size' to command name 'getWindowSize'
[debug] &amp#27;[35m[WD Proxy]&amp#27;[39m Proxying [GET /window/current/size] to [GET http://127.0.0.1:10001/wd/hub/session/dff51be2-33f9-4ee4-9367-e47fcd54ec21/window/current/size] with no body
[debug] &amp#27;[35m[WD Proxy]&amp#27;[39m Got response with status 200: {"sessionId":"dff51be2-33f9-4ee4-9367-e47fcd54ec21","value":{"height":2701,"width":1440}}
&amp#27;[35m[Appium]&amp#27;[39m New AndroidUiautomator2Driver session created successfully, session 059cff38-23c6-4ec1-b668-a2ef75d16654 added to master session list
[debug] &amp#27;[35m[BaseDriver]&amp#27;[39m Event 'newSessionStarted' logged at 1624312592397 (17:56:32 GMT-0400 (Eastern Daylight Time))
[debug] &amp#27;[35m[W3C (059cff38)]&amp#27;[39m Cached the protocol value 'W3C' for the new session 059cff38-23c6-4ec1-b668-a2ef75d16654
[debug] &amp#27;[35m[W3C (059cff38)]&amp#27;[39m Responding to client with driver.createSession() result: {"capabilities":{"platform":"LINUX","webStorageEnabled":false,"takesScreenshot":true,"javascriptEnabled":true,"databaseEnabled":false,"networkConnectionEnabled":true,"locationContextEnabled":false,"warnings":{},"desired":{"platformName":"android","chromeDriverPort":110001,"app":"C:\\Users\\Qadir\\eclipse-workspace\\Selenium Udemy\\CucumberFramework- TestNG\\src\\test\\resources\\apps\\Saucelabs.apk","appActivity":"com.swaglabsmobileapp.MainActivity","appPackage":"com.swaglabsmobileapp","automationName":"UIAutomator2","deviceName":"Android_Pixel4","systemPort":10001,"udid":"emulator-5554"},"platformName":"android","chromeDriverPort":110001,"app":"C:\\Users\\Qadir\\eclipse-workspace\\Selenium Udemy\\CucumberFramework- TestNG\\src\\test\\resources\\apps\\Saucelabs.apk","appActivity":"com.swaglabsmobileapp.MainActivity","appPackage":"com.swaglabsmobileapp","automationName":"UIAutomator2","deviceName":"emulator-5554","systemPort":10001,"udid":"emulator-5554","deviceUDID":"emulator-5554","deviceApiLevel":28,"pla...
&amp#27;[35m[HTTP]&amp#27;[39m &amp#27;[37m<-- POST /wd/hub/session &amp#27;[39m&amp#27;[32m200&amp#27;[39m &amp#27;[90m44187 ms - 1324&amp#27;[39m
&amp#27;[35m[HTTP]&amp#27;[39m &amp#27;[90m&amp#27;[39m
Initializing driver
[INFO ] 2021-06-21 17:56:32.407 com.qa.utils.DriverManager:57 - Driver is initialized

@test
Scenario Outline: Login with invalid user name                                                          # src/test/resources/Login.feature:11
&amp#27;[35m[HTTP]&amp#27;[39m &amp#27;[37m-->&amp#27;[39m &amp#27;[37mPOST&amp#27;[39m &amp#27;[37m/wd/hub/session/059cff38-23c6-4ec1-b668-a2ef75d16654/appium/start_recording_screen&amp#27;[39m
&amp#27;[35m[HTTP]&amp#27;[39m &amp#27;[90m{}&amp#27;[39m
[debug] &amp#27;[35m[W3C (059cff38)]&amp#27;[39m Calling AppiumDriver.startRecordingScreen() with args: [null,"059cff38-23c6-4ec1-b668-a2ef75d16654"]
[debug] &amp#27;[35m[ADB]&amp#27;[39m Getting IDs of all 'screenrecord' processes
[debug] &amp#27;[35m[ADB]&amp#27;[39m Running 'C:\Users\Qadir\AppData\Local\Android\Sdk\platform-tools\adb.exe -P 5037 -s emulator-5554 shell pgrep -f \(\[\[:blank:\]\]\|\^\)screenrecord\(\[\[:blank:\]\]\|\$\)'
&amp#27;[35m[AndroidDriver]&amp#27;[39m Screen recording has not been previously started by Appium. There is nothing to stop
[debug] &amp#27;[35m[ADB]&amp#27;[39m Getting IDs of all 'screenrecord' processes
[debug] &amp#27;[35m[ADB]&amp#27;[39m Running 'C:\Users\Qadir\AppData\Local\Android\Sdk\platform-tools\adb.exe -P 5037 -s emulator-5554 shell pgrep -f \(\[\[:blank:\]\]\|\^\)screenrecord\(\[\[:blank:\]\]\|\$\)'
[debug] &amp#27;[35m[ADB]&amp#27;[39m Building screenrecord process with the command line: adb -P 5037 -s emulator-5554 shell screenrecord --time-limit 180 /sdcard/be915396.mp4
[debug] &amp#27;[35m[ADB]&amp#27;[39m Running 'C:\Users\Qadir\AppData\Local\Android\Sdk\platform-tools\adb.exe -P 5037 -s emulator-5554 shell "[ -e '/sdcard/be915396.mp4' ] && echo __PASS__"'
[debug] &amp#27;[35m[ADB]&amp#27;[39m Running 'C:\Users\Qadir\AppData\Local\Android\Sdk\platform-tools\adb.exe -P 5037 -s emulator-5554 shell "[ -e '/sdcard/be915396.mp4' ] && echo __PASS__"'
[debug] &amp#27;[35m[W3C (059cff38)]&amp#27;[39m Responding to client with driver.startRecordingScreen() result: ""
&amp#27;[35m[HTTP]&amp#27;[39m &amp#27;[37m<-- POST /wd/hub/session/059cff38-23c6-4ec1-b668-a2ef75d16654/appium/start_recording_screen &amp#27;[39m&amp#27;[32m200&amp#27;[39m &amp#27;[90m1144 ms - 12&amp#27;[39m
&amp#27;[35m[HTTP]&amp#27;[39m &amp#27;[90m&amp#27;[39m
&amp#27;[35m[HTTP]&amp#27;[39m &amp#27;[37m-->&amp#27;[39m &amp#27;[37mGET&amp#27;[39m &amp#27;[37m/wd/hub/session/059cff38-23c6-4ec1-b668-a2ef75d16654/context&amp#27;[39m
&amp#27;[35m[HTTP]&amp#27;[39m &amp#27;[90m{}&amp#27;[39m
[debug] &amp#27;[35m[W3C (059cff38)]&amp#27;[39m Calling AppiumDriver.getCurrentContext() with args: ["059cff38-23c6-4ec1-b668-a2ef75d16654"]
[debug] &amp#27;[35m[W3C (059cff38)]&amp#27;[39m Responding to client with driver.getCurrentContext() result: "NATIVE_APP"
&amp#27;[35m[HTTP]&amp#27;[39m &amp#27;[37m<-- GET /wd/hub/session/059cff38-23c6-4ec1-b668-a2ef75d16654/context &amp#27;[39m&amp#27;[32m200&amp#27;[39m &amp#27;[90m9 ms - 22&amp#27;[39m
&amp#27;[35m[HTTP]&amp#27;[39m &amp#27;[90m&amp#27;[39m
&amp#27;[35m[HTTP]&amp#27;[39m &amp#27;[37m-->&amp#27;[39m &amp#27;[37mPOST&amp#27;[39m &amp#27;[37m/wd/hub/session/059cff38-23c6-4ec1-b668-a2ef75d16654/element&amp#27;[39m
&amp#27;[35m[HTTP]&amp#27;[39m &amp#27;[90m{"using":"accessibility id","value":"test-Username"}&amp#27;[39m
[debug] &amp#27;[35m[W3C (059cff38)]&amp#27;[39m Calling AppiumDriver.findElement() with args: ["accessibility id","test-Username","059cff38-23c6-4ec1-b668-a2ef75d16654"]
[debug] &amp#27;[35m[BaseDriver]&amp#27;[39m Valid locator strategies for this request: xpath, id, class name, accessibility id, css selector, -android uiautomator
[debug] &amp#27;[35m[BaseDriver]&amp#27;[39m Waiting up to 0 ms for condition
[debug] &amp#27;[35m[WD Proxy]&amp#27;[39m Matched '/element' to command name 'findElement'
[debug] &amp#27;[35m[WD Proxy]&amp#27;[39m Proxying [POST /element] to [POST http://127.0.0.1:10001/wd/hub/session/dff51be2-33f9-4ee4-9367-e47fcd54ec21/element] with body: {"strategy":"accessibility id","selector":"test-Username","context":"","multiple":false}
&amp#27;[35m[WD Proxy]&amp#27;[39m Got response with status 404: {"sessionId":"dff51be2-33f9-4ee4-9367-e47fcd54ec21","value":{"error":"no such element","message":"An element could not be located on the page using the given search parameters","stacktrace":"io.appium.uiautomator2.common.exceptions.ElementNotFoundException: An element could not be located on the page using the given search parameters\n\tat io.appium.uiautomator2.handler.FindElement.safeHandle(FindElement.java:70)\n\tat io.appium.uiautomator2.handler.request.SafeRequestHandler.handle(SafeRequestHandler.java:41)\n\tat io.appium.uiautomator2.server.AppiumServlet.handleRequest(AppiumServlet.java:261)\n\tat io.appium.uiautomator2.server.AppiumServlet.handleHttpRequest(AppiumServlet.java:255)\n\tat io.appium.uiautomator2.http.ServerHandler.channelRead(ServerHandler.java:68)\n\tat io.netty.channel.AbstractChannelHandlerContext.invokeChannelRead(AbstractChannelHandlerContext.java:366)\n\tat io.netty.channel.AbstractChannelHandlerContext.invokeChannelRead(AbstractChannelHandlerContext.java:352)\n\tat io.netty.chann...
[debug] &amp#27;[35m[W3C]&amp#27;[39m Matched W3C error code 'no such element' to NoSuchElementError
[debug] &amp#27;[35m[W3C (059cff38)]&amp#27;[39m Encountered internal error running command: NoSuchElementError: An element could not be located on the page using the given search parameters.
[debug] &amp#27;[35m[W3C (059cff38)]&amp#27;[39m     at AndroidUiautomator2Driver.findElOrEls (C:\Users\Qadir\AppData\Roaming\npm\node_modules\appium\node_modules\appium-android-driver\lib\commands\find.js:75:11)
[debug] &amp#27;[35m[W3C (059cff38)]&amp#27;[39m     at process._tickCallback (internal/process/next_tick.js:68:7)
&amp#27;[35m[HTTP]&amp#27;[39m &amp#27;[37m<-- POST /wd/hub/session/059cff38-23c6-4ec1-b668-a2ef75d16654/element &amp#27;[39m&amp#27;[33m404&amp#27;[39m &amp#27;[90m4165 ms - 486&amp#27;[39m
&amp#27;[35m[HTTP]&amp#27;[39m &amp#27;[90m&amp#27;[39m
&amp#27;[35m[HTTP]&amp#27;[39m &amp#27;[37m-->&amp#27;[39m &amp#27;[37mGET&amp#27;[39m &amp#27;[37m/wd/hub/session/059cff38-23c6-4ec1-b668-a2ef75d16654/context&amp#27;[39m
&amp#27;[35m[HTTP]&amp#27;[39m &amp#27;[90m{}&amp#27;[39m
[debug] &amp#27;[35m[W3C (059cff38)]&amp#27;[39m Calling AppiumDriver.getCurrentContext() with args: ["059cff38-23c6-4ec1-b668-a2ef75d16654"]
[debug] &amp#27;[35m[W3C (059cff38)]&amp#27;[39m Responding to client with driver.getCurrentContext() result: "NATIVE_APP"
&amp#27;[35m[HTTP]&amp#27;[39m &amp#27;[37m<-- GET /wd/hub/session/059cff38-23c6-4ec1-b668-a2ef75d16654/context &amp#27;[39m&amp#27;[32m200&amp#27;[39m &amp#27;[90m2 ms - 22&amp#27;[39m
&amp#27;[35m[HTTP]&amp#27;[39m &amp#27;[90m&amp#27;[39m
&amp#27;[35m[HTTP]&amp#27;[39m &amp#27;[37m-->&amp#27;[39m &amp#27;[37mPOST&amp#27;[39m &amp#27;[37m/wd/hub/session/059cff38-23c6-4ec1-b668-a2ef75d16654/element&amp#27;[39m
&amp#27;[35m[HTTP]&amp#27;[39m &amp#27;[90m{"using":"accessibility id","value":"test-Username"}&amp#27;[39m
[debug] &amp#27;[35m[W3C (059cff38)]&amp#27;[39m Calling AppiumDriver.findElement() with args: ["accessibility id","test-Username","059cff38-23c6-4ec1-b668-a2ef75d16654"]
[debug] &amp#27;[35m[BaseDriver]&amp#27;[39m Valid locator strategies for this request: xpath, id, class name, accessibility id, css selector, -android uiautomator
[debug] &amp#27;[35m[BaseDriver]&amp#27;[39m Waiting up to 0 ms for condition
[debug] &amp#27;[35m[WD Proxy]&amp#27;[39m Matched '/element' to command name 'findElement'
[debug] &amp#27;[35m[WD Proxy]&amp#27;[39m Proxying [POST /element] to [POST http://127.0.0.1:10001/wd/hub/session/dff51be2-33f9-4ee4-9367-e47fcd54ec21/element] with body: {"strategy":"accessibility id","selector":"test-Username","context":"","multiple":false}
&amp#27;[35m[WD Proxy]&amp#27;[39m Got response with status 404: {"sessionId":"dff51be2-33f9-4ee4-9367-e47fcd54ec21","value":{"error":"no such element","message":"An element could not be located on the page using the given search parameters","stacktrace":"io.appium.uiautomator2.common.exceptions.ElementNotFoundException: An element could not be located on the page using the given search parameters\n\tat io.appium.uiautomator2.handler.FindElement.safeHandle(FindElement.java:70)\n\tat io.appium.uiautomator2.handler.request.SafeRequestHandler.handle(SafeRequestHandler.java:41)\n\tat io.appium.uiautomator2.server.AppiumServlet.handleRequest(AppiumServlet.java:261)\n\tat io.appium.uiautomator2.server.AppiumServlet.handleHttpRequest(AppiumServlet.java:255)\n\tat io.appium.uiautomator2.http.ServerHandler.channelRead(ServerHandler.java:68)\n\tat io.netty.channel.AbstractChannelHandlerContext.invokeChannelRead(AbstractChannelHandlerContext.java:366)\n\tat io.netty.channel.AbstractChannelHandlerContext.invokeChannelRead(AbstractChannelHandlerContext.java:352)\n\tat io.netty.chann...
[debug] &amp#27;[35m[W3C]&amp#27;[39m Matched W3C error code 'no such element' to NoSuchElementError
[debug] &amp#27;[35m[W3C (059cff38)]&amp#27;[39m Encountered internal error running command: NoSuchElementError: An element could not be located on the page using the given search parameters.
[debug] &amp#27;[35m[W3C (059cff38)]&amp#27;[39m     at AndroidUiautomator2Driver.findElOrEls (C:\Users\Qadir\AppData\Roaming\npm\node_modules\appium\node_modules\appium-android-driver\lib\commands\find.js:75:11)
[debug] &amp#27;[35m[W3C (059cff38)]&amp#27;[39m     at process._tickCallback (internal/process/next_tick.js:68:7)
&amp#27;[35m[HTTP]&amp#27;[39m &amp#27;[37m<-- POST /wd/hub/session/059cff38-23c6-4ec1-b668-a2ef75d16654/element &amp#27;[39m&amp#27;[33m404&amp#27;[39m &amp#27;[90m37 ms - 486&amp#27;[39m
&amp#27;[35m[HTTP]&amp#27;[39m &amp#27;[90m&amp#27;[39m
&amp#27;[35m[HTTP]&amp#27;[39m &amp#27;[37m-->&amp#27;[39m &amp#27;[37mPOST&amp#27;[39m &amp#27;[37m/wd/hub/session/059cff38-23c6-4ec1-b668-a2ef75d16654/element&amp#27;[39m
&amp#27;[35m[HTTP]&amp#27;[39m &amp#27;[90m{"using":"accessibility id","value":"test-Username"}&amp#27;[39m
[debug] &amp#27;[35m[W3C (059cff38)]&amp#27;[39m Calling AppiumDriver.findElement() with args: ["accessibility id","test-Username","059cff38-23c6-4ec1-b668-a2ef75d16654"]
[debug] &amp#27;[35m[BaseDriver]&amp#27;[39m Valid locator strategies for this request: xpath, id, class name, accessibility id, css selector, -android uiautomator
[debug] &amp#27;[35m[BaseDriver]&amp#27;[39m Waiting up to 0 ms for condition
[debug] &amp#27;[35m[WD Proxy]&amp#27;[39m Matched '/element' to command name 'findElement'
[debug] &amp#27;[35m[WD Proxy]&amp#27;[39m Proxying [POST /element] to [POST http://127.0.0.1:10001/wd/hub/session/dff51be2-33f9-4ee4-9367-e47fcd54ec21/element] with body: {"strategy":"accessibility id","selector":"test-Username","context":"","multiple":false}
&amp#27;[35m[WD Proxy]&amp#27;[39m Got response with status 404: {"sessionId":"dff51be2-33f9-4ee4-9367-e47fcd54ec21","value":{"error":"no such element","message":"An element could not be located on the page using the given search parameters","stacktrace":"io.appium.uiautomator2.common.exceptions.ElementNotFoundException: An element could not be located on the page using the given search parameters\n\tat io.appium.uiautomator2.handler.FindElement.safeHandle(FindElement.java:70)\n\tat io.appium.uiautomator2.handler.request.SafeRequestHandler.handle(SafeRequestHandler.java:41)\n\tat io.appium.uiautomator2.server.AppiumServlet.handleRequest(AppiumServlet.java:261)\n\tat io.appium.uiautomator2.server.AppiumServlet.handleHttpRequest(AppiumServlet.java:255)\n\tat io.appium.uiautomator2.http.ServerHandler.channelRead(ServerHandler.java:68)\n\tat io.netty.channel.AbstractChannelHandlerContext.invokeChannelRead(AbstractChannelHandlerContext.java:366)\n\tat io.netty.channel.AbstractChannelHandlerContext.invokeChannelRead(AbstractChannelHandlerContext.java:352)\n\tat io.netty.chann...
[debug] &amp#27;[35m[W3C]&amp#27;[39m Matched W3C error code 'no such element' to NoSuchElementError
[debug] &amp#27;[35m[W3C (059cff38)]&amp#27;[39m Encountered internal error running command: NoSuchElementError: An element could not be located on the page using the given search parameters.
[debug] &amp#27;[35m[W3C (059cff38)]&amp#27;[39m     at AndroidUiautomator2Driver.findElOrEls (C:\Users\Qadir\AppData\Roaming\npm\node_modules\appium\node_modules\appium-android-driver\lib\commands\find.js:75:11)
[debug] &amp#27;[35m[W3C (059cff38)]&amp#27;[39m     at process._tickCallback (internal/process/next_tick.js:68:7)
&amp#27;[35m[HTTP]&amp#27;[39m &amp#27;[37m<-- POST /wd/hub/session/059cff38-23c6-4ec1-b668-a2ef75d16654/element &amp#27;[39m&amp#27;[33m404&amp#27;[39m &amp#27;[90m36 ms - 486&amp#27;[39m
&amp#27;[35m[HTTP]&amp#27;[39m &amp#27;[90m&amp#27;[39m
&amp#27;[35m[HTTP]&amp#27;[39m &amp#27;[37m-->&amp#27;[39m &amp#27;[37mPOST&amp#27;[39m &amp#27;[37m/wd/hub/session/059cff38-23c6-4ec1-b668-a2ef75d16654/element&amp#27;[39m
&amp#27;[35m[HTTP]&amp#27;[39m &amp#27;[90m{"using":"accessibility id","value":"test-Username"}&amp#27;[39m
[debug] &amp#27;[35m[W3C (059cff38)]&amp#27;[39m Calling AppiumDriver.findElement() with args: ["accessibility id","test-Username","059cff38-23c6-4ec1-b668-a2ef75d16654"]
[debug] &amp#27;[35m[BaseDriver]&amp#27;[39m Valid locator strategies for this request: xpath, id, class name, accessibility id, css selector, -android uiautomator
[debug] &amp#27;[35m[BaseDriver]&amp#27;[39m Waiting up to 0 ms for condition
[debug] &amp#27;[35m[WD Proxy]&amp#27;[39m Matched '/element' to command name 'findElement'
[debug] &amp#27;[35m[WD Proxy]&amp#27;[39m Proxying [POST /element] to [POST http://127.0.0.1:10001/wd/hub/session/dff51be2-33f9-4ee4-9367-e47fcd54ec21/element] with body: {"strategy":"accessibility id","selector":"test-Username","context":"","multiple":false}
&amp#27;[35m[WD Proxy]&amp#27;[39m Got response with status 404: {"sessionId":"dff51be2-33f9-4ee4-9367-e47fcd54ec21","value":{"error":"no such element","message":"An element could not be located on the page using the given search parameters","stacktrace":"io.appium.uiautomator2.common.exceptions.ElementNotFoundException: An element could not be located on the page using the given search parameters\n\tat io.appium.uiautomator2.handler.FindElement.safeHandle(FindElement.java:70)\n\tat io.appium.uiautomator2.handler.request.SafeRequestHandler.handle(SafeRequestHandler.java:41)\n\tat io.appium.uiautomator2.server.AppiumServlet.handleRequest(AppiumServlet.java:261)\n\tat io.appium.uiautomator2.server.AppiumServlet.handleHttpRequest(AppiumServlet.java:255)\n\tat io.appium.uiautomator2.http.ServerHandler.channelRead(ServerHandler.java:68)\n\tat io.netty.channel.AbstractChannelHandlerContext.invokeChannelRead(AbstractChannelHandlerContext.java:366)\n\tat io.netty.channel.AbstractChannelHandlerContext.invokeChannelRead(AbstractChannelHandlerContext.java:352)\n\tat io.netty.chann...
[debug] &amp#27;[35m[W3C]&amp#27;[39m Matched W3C error code 'no such element' to NoSuchElementError
[debug] &amp#27;[35m[W3C (059cff38)]&amp#27;[39m Encountered internal error running command: NoSuchElementError: An element could not be located on the page using the given search parameters.
[debug] &amp#27;[35m[W3C (059cff38)]&amp#27;[39m     at AndroidUiautomator2Driver.findElOrEls (C:\Users\Qadir\AppData\Roaming\npm\node_modules\appium\node_modules\appium-android-driver\lib\commands\find.js:75:11)
[debug] &amp#27;[35m[W3C (059cff38)]&amp#27;[39m     at process._tickCallback (internal/process/next_tick.js:68:7)
&amp#27;[35m[HTTP]&amp#27;[39m &amp#27;[37m<-- POST /wd/hub/session/059cff38-23c6-4ec1-b668-a2ef75d16654/element &amp#27;[39m&amp#27;[33m404&amp#27;[39m &amp#27;[90m22 ms - 486&amp#27;[39m
&amp#27;[35m[HTTP]&amp#27;[39m &amp#27;[90m&amp#27;[39m
&amp#27;[35m[HTTP]&amp#27;[39m &amp#27;[37m-->&amp#27;[39m &amp#27;[37mPOST&amp#27;[39m &amp#27;[37m/wd/hub/session/059cff38-23c6-4ec1-b668-a2ef75d16654/element&amp#27;[39m
&amp#27;[35m[HTTP]&amp#27;[39m &amp#27;[90m{"using":"accessibility id","value":"test-Username"}&amp#27;[39m
[debug] &amp#27;[35m[W3C (059cff38)]&amp#27;[39m Calling AppiumDriver.findElement() with args: ["accessibility id","test-Username","059cff38-23c6-4ec1-b668-a2ef75d16654"]
[debug] &amp#27;[35m[BaseDriver]&amp#27;[39m Valid locator strategies for this request: xpath, id, class name, accessibility id, css selector, -android uiautomator
[debug] &amp#27;[35m[BaseDriver]&amp#27;[39m Waiting up to 0 ms for condition
[debug] &amp#27;[35m[WD Proxy]&amp#27;[39m Matched '/element' to command name 'findElement'
[debug] &amp#27;[35m[WD Proxy]&amp#27;[39m Proxying [POST /element] to [POST http://127.0.0.1:10001/wd/hub/session/dff51be2-33f9-4ee4-9367-e47fcd54ec21/element] with body: {"strategy":"accessibility id","selector":"test-Username","context":"","multiple":false}
&amp#27;[35m[WD Proxy]&amp#27;[39m Got response with status 404: {"sessionId":"dff51be2-33f9-4ee4-9367-e47fcd54ec21","value":{"error":"no such element","message":"An element could not be located on the page using the given search parameters","stacktrace":"io.appium.uiautomator2.common.exceptions.ElementNotFoundException: An element could not be located on the page using the given search parameters\n\tat io.appium.uiautomator2.handler.FindElement.safeHandle(FindElement.java:70)\n\tat io.appium.uiautomator2.handler.request.SafeRequestHandler.handle(SafeRequestHandler.java:41)\n\tat io.appium.uiautomator2.server.AppiumServlet.handleRequest(AppiumServlet.java:261)\n\tat io.appium.uiautomator2.server.AppiumServlet.handleHttpRequest(AppiumServlet.java:255)\n\tat io.appium.uiautomator2.http.ServerHandler.channelRead(ServerHandler.java:68)\n\tat io.netty.channel.AbstractChannelHandlerContext.invokeChannelRead(AbstractChannelHandlerContext.java:366)\n\tat io.netty.channel.AbstractChannelHandlerContext.invokeChannelRead(AbstractChannelHandlerContext.java:352)\n\tat io.netty.chann...
[debug] &amp#27;[35m[W3C]&amp#27;[39m Matched W3C error code 'no such element' to NoSuchElementError
[debug] &amp#27;[35m[W3C (059cff38)]&amp#27;[39m Encountered internal error running command: NoSuchElementError: An element could not be located on the page using the given search parameters.
[debug] &amp#27;[35m[W3C (059cff38)]&amp#27;[39m     at AndroidUiautomator2Driver.findElOrEls (C:\Users\Qadir\AppData\Roaming\npm\node_modules\appium\node_modules\appium-android-driver\lib\commands\find.js:75:11)
[debug] &amp#27;[35m[W3C (059cff38)]&amp#27;[39m     at process._tickCallback (internal/process/next_tick.js:68:7)
&amp#27;[35m[HTTP]&amp#27;[39m &amp#27;[37m<-- POST /wd/hub/session/059cff38-23c6-4ec1-b668-a2ef75d16654/element &amp#27;[39m&amp#27;[33m404&amp#27;[39m &amp#27;[90m132 ms - 486&amp#27;[39m
&amp#27;[35m[HTTP]&amp#27;[39m &amp#27;[90m&amp#27;[39m
&amp#27;[35m[HTTP]&amp#27;[39m &amp#27;[37m-->&amp#27;[39m &amp#27;[37mGET&amp#27;[39m &amp#27;[37m/wd/hub/session/059cff38-23c6-4ec1-b668-a2ef75d16654/context&amp#27;[39m
&amp#27;[35m[HTTP]&amp#27;[39m &amp#27;[90m{}&amp#27;[39m
[debug] &amp#27;[35m[W3C (059cff38)]&amp#27;[39m Calling AppiumDriver.getCurrentContext() with args: ["059cff38-23c6-4ec1-b668-a2ef75d16654"]
[debug] &amp#27;[35m[W3C (059cff38)]&amp#27;[39m Responding to client with driver.getCurrentContext() result: "NATIVE_APP"
&amp#27;[35m[HTTP]&amp#27;[39m &amp#27;[37m<-- GET /wd/hub/session/059cff38-23c6-4ec1-b668-a2ef75d16654/context &amp#27;[39m&amp#27;[32m200&amp#27;[39m &amp#27;[90m1 ms - 22&amp#27;[39m
&amp#27;[35m[HTTP]&amp#27;[39m &amp#27;[90m&amp#27;[39m
&amp#27;[35m[HTTP]&amp#27;[39m &amp#27;[37m-->&amp#27;[39m &amp#27;[37mPOST&amp#27;[39m &amp#27;[37m/wd/hub/session/059cff38-23c6-4ec1-b668-a2ef75d16654/element&amp#27;[39m
&amp#27;[35m[HTTP]&amp#27;[39m &amp#27;[90m{"using":"accessibility id","value":"test-Username"}&amp#27;[39m
[debug] &amp#27;[35m[W3C (059cff38)]&amp#27;[39m Calling AppiumDriver.findElement() with args: ["accessibility id","test-Username","059cff38-23c6-4ec1-b668-a2ef75d16654"]
[debug] &amp#27;[35m[BaseDriver]&amp#27;[39m Valid locator strategies for this request: xpath, id, class name, accessibility id, css selector, -android uiautomator
[debug] &amp#27;[35m[BaseDriver]&amp#27;[39m Waiting up to 0 ms for condition
[debug] &amp#27;[35m[WD Proxy]&amp#27;[39m Matched '/element' to command name 'findElement'
[debug] &amp#27;[35m[WD Proxy]&amp#27;[39m Proxying [POST /element] to [POST http://127.0.0.1:10001/wd/hub/session/dff51be2-33f9-4ee4-9367-e47fcd54ec21/element] with body: {"strategy":"accessibility id","selector":"test-Username","context":"","multiple":false}
[debug] &amp#27;[35m[WD Proxy]&amp#27;[39m Got response with status 200: {"sessionId":"dff51be2-33f9-4ee4-9367-e47fcd54ec21","value":{"ELEMENT":"1508905c-66f5-412a-8bcb-a742cb485c16","element-6066-11e4-a52e-4f735466cecf":"1508905c-66f5-412a-8bcb-a742cb485c16"}}
[debug] &amp#27;[35m[W3C (059cff38)]&amp#27;[39m Responding to client with driver.findElement() result: {"element-6066-11e4-a52e-4f735466cecf":"1508905c-66f5-412a-8bcb-a742cb485c16","ELEMENT":"1508905c-66f5-412a-8bcb-a742cb485c16"}
&amp#27;[35m[HTTP]&amp#27;[39m &amp#27;[37m<-- POST /wd/hub/session/059cff38-23c6-4ec1-b668-a2ef75d16654/element &amp#27;[39m&amp#27;[32m200&amp#27;[39m &amp#27;[90m577 ms - 137&amp#27;[39m
&amp#27;[35m[HTTP]&amp#27;[39m &amp#27;[90m&amp#27;[39m
&amp#27;[35m[HTTP]&amp#27;[39m &amp#27;[37m-->&amp#27;[39m &amp#27;[37mGET&amp#27;[39m &amp#27;[37m/wd/hub/session/059cff38-23c6-4ec1-b668-a2ef75d16654/element/1508905c-66f5-412a-8bcb-a742cb485c16/displayed&amp#27;[39m
&amp#27;[35m[HTTP]&amp#27;[39m &amp#27;[90m{}&amp#27;[39m
[debug] &amp#27;[35m[W3C (059cff38)]&amp#27;[39m Calling AppiumDriver.elementDisplayed() with args: ["1508905c-66f5-412a-8bcb-a742cb485c16","059cff38-23c6-4ec1-b668-a2ef75d16654"]
[debug] &amp#27;[35m[WD Proxy]&amp#27;[39m Matched '/element/1508905c-66f5-412a-8bcb-a742cb485c16/attribute/displayed' to command name 'getAttribute'
[debug] &amp#27;[35m[WD Proxy]&amp#27;[39m Proxying [GET /element/1508905c-66f5-412a-8bcb-a742cb485c16/attribute/displayed] to [GET http://127.0.0.1:10001/wd/hub/session/dff51be2-33f9-4ee4-9367-e47fcd54ec21/element/1508905c-66f5-412a-8bcb-a742cb485c16/attribute/displayed] with no body
[debug] &amp#27;[35m[WD Proxy]&amp#27;[39m Got response with status 200: {"sessionId":"dff51be2-33f9-4ee4-9367-e47fcd54ec21","value":"true"}
[debug] &amp#27;[35m[W3C (059cff38)]&amp#27;[39m Responding to client with driver.elementDisplayed() result: true
&amp#27;[35m[HTTP]&amp#27;[39m &amp#27;[37m<-- GET /wd/hub/session/059cff38-23c6-4ec1-b668-a2ef75d16654/element/1508905c-66f5-412a-8bcb-a742cb485c16/displayed &amp#27;[39m&amp#27;[32m200&amp#27;[39m &amp#27;[90m24 ms - 14&amp#27;[39m
&amp#27;[35m[HTTP]&amp#27;[39m &amp#27;[90m&amp#27;[39m
&amp#27;[35m[HTTP]&amp#27;[39m &amp#27;[37m-->&amp#27;[39m &amp#27;[37mGET&amp#27;[39m &amp#27;[37m/wd/hub/session/059cff38-23c6-4ec1-b668-a2ef75d16654/context&amp#27;[39m
&amp#27;[35m[HTTP]&amp#27;[39m &amp#27;[90m{}&amp#27;[39m
[debug] &amp#27;[35m[W3C (059cff38)]&amp#27;[39m Calling AppiumDriver.getCurrentContext() with args: ["059cff38-23c6-4ec1-b668-a2ef75d16654"]
[debug] &amp#27;[35m[W3C (059cff38)]&amp#27;[39m Responding to client with driver.getCurrentContext() result: "NATIVE_APP"
&amp#27;[35m[HTTP]&amp#27;[39m &amp#27;[37m<-- GET /wd/hub/session/059cff38-23c6-4ec1-b668-a2ef75d16654/context &amp#27;[39m&amp#27;[32m200&amp#27;[39m &amp#27;[90m2 ms - 22&amp#27;[39m
&amp#27;[35m[HTTP]&amp#27;[39m &amp#27;[90m&amp#27;[39m
&amp#27;[35m[HTTP]&amp#27;[39m &amp#27;[37m-->&amp#27;[39m &amp#27;[37mPOST&amp#27;[39m &amp#27;[37m/wd/hub/session/059cff38-23c6-4ec1-b668-a2ef75d16654/element&amp#27;[39m
&amp#27;[35m[HTTP]&amp#27;[39m &amp#27;[90m{"using":"accessibility id","value":"test-Username"}&amp#27;[39m
[debug] &amp#27;[35m[W3C (059cff38)]&amp#27;[39m Calling AppiumDriver.findElement() with args: ["accessibility id","test-Username","059cff38-23c6-4ec1-b668-a2ef75d16654"]
[debug] &amp#27;[35m[BaseDriver]&amp#27;[39m Valid locator strategies for this request: xpath, id, class name, accessibility id, css selector, -android uiautomator
[debug] &amp#27;[35m[BaseDriver]&amp#27;[39m Waiting up to 0 ms for condition
[debug] &amp#27;[35m[WD Proxy]&amp#27;[39m Matched '/element' to command name 'findElement'
[debug] &amp#27;[35m[WD Proxy]&amp#27;[39m Proxying [POST /element] to [POST http://127.0.0.1:10001/wd/hub/session/dff51be2-33f9-4ee4-9367-e47fcd54ec21/element] with body: {"strategy":"accessibility id","selector":"test-Username","context":"","multiple":false}
[debug] &amp#27;[35m[WD Proxy]&amp#27;[39m Got response with status 200: {"sessionId":"dff51be2-33f9-4ee4-9367-e47fcd54ec21","value":{"ELEMENT":"dbf6ffc6-bc53-4f5c-8195-5ee54799da25","element-6066-11e4-a52e-4f735466cecf":"dbf6ffc6-bc53-4f5c-8195-5ee54799da25"}}
[debug] &amp#27;[35m[W3C (059cff38)]&amp#27;[39m Responding to client with driver.findElement() result: {"element-6066-11e4-a52e-4f735466cecf":"dbf6ffc6-bc53-4f5c-8195-5ee54799da25","ELEMENT":"dbf6ffc6-bc53-4f5c-8195-5ee54799da25"}
&amp#27;[35m[HTTP]&amp#27;[39m &amp#27;[37m<-- POST /wd/hub/session/059cff38-23c6-4ec1-b668-a2ef75d16654/element &amp#27;[39m&amp#27;[32m200&amp#27;[39m &amp#27;[90m44 ms - 137&amp#27;[39m
&amp#27;[35m[HTTP]&amp#27;[39m &amp#27;[90m&amp#27;[39m
&amp#27;[35m[HTTP]&amp#27;[39m &amp#27;[37m-->&amp#27;[39m &amp#27;[37mPOST&amp#27;[39m &amp#27;[37m/wd/hub/session/059cff38-23c6-4ec1-b668-a2ef75d16654/element/dbf6ffc6-bc53-4f5c-8195-5ee54799da25/clear&amp#27;[39m
&amp#27;[35m[HTTP]&amp#27;[39m &amp#27;[90m{"id":"dbf6ffc6-bc53-4f5c-8195-5ee54799da25"}&amp#27;[39m
[debug] &amp#27;[35m[W3C (059cff38)]&amp#27;[39m Calling AppiumDriver.clear() with args: ["dbf6ffc6-bc53-4f5c-8195-5ee54799da25","059cff38-23c6-4ec1-b668-a2ef75d16654"]
[debug] &amp#27;[35m[WD Proxy]&amp#27;[39m Matched '/element/dbf6ffc6-bc53-4f5c-8195-5ee54799da25/clear' to command name 'clear'
[debug] &amp#27;[35m[WD Proxy]&amp#27;[39m Proxying [POST /element/dbf6ffc6-bc53-4f5c-8195-5ee54799da25/clear] to [POST http://127.0.0.1:10001/wd/hub/session/dff51be2-33f9-4ee4-9367-e47fcd54ec21/element/dbf6ffc6-bc53-4f5c-8195-5ee54799da25/clear] with body: {"elementId":"dbf6ffc6-bc53-4f5c-8195-5ee54799da25"}
[debug] &amp#27;[35m[WD Proxy]&amp#27;[39m Got response with status 200: {"sessionId":"dff51be2-33f9-4ee4-9367-e47fcd54ec21","value":null}
[debug] &amp#27;[35m[W3C (059cff38)]&amp#27;[39m Responding to client with driver.clear() result: null
&amp#27;[35m[HTTP]&amp#27;[39m &amp#27;[37m<-- POST /wd/hub/session/059cff38-23c6-4ec1-b668-a2ef75d16654/element/dbf6ffc6-bc53-4f5c-8195-5ee54799da25/clear &amp#27;[39m&amp#27;[32m200&amp#27;[39m &amp#27;[90m29 ms - 14&amp#27;[39m
&amp#27;[35m[HTTP]&amp#27;[39m &amp#27;[90m&amp#27;[39m
&amp#27;[35m[HTTP]&amp#27;[39m &amp#27;[37m-->&amp#27;[39m &amp#27;[37mGET&amp#27;[39m &amp#27;[37m/wd/hub/session/059cff38-23c6-4ec1-b668-a2ef75d16654/context&amp#27;[39m
&amp#27;[35m[HTTP]&amp#27;[39m &amp#27;[90m{}&amp#27;[39m
[debug] &amp#27;[35m[W3C (059cff38)]&amp#27;[39m Calling AppiumDriver.getCurrentContext() with args: ["059cff38-23c6-4ec1-b668-a2ef75d16654"]
[debug] &amp#27;[35m[W3C (059cff38)]&amp#27;[39m Responding to client with driver.getCurrentContext() result: "NATIVE_APP"
&amp#27;[35m[HTTP]&amp#27;[39m &amp#27;[37m<-- GET /wd/hub/session/059cff38-23c6-4ec1-b668-a2ef75d16654/context &amp#27;[39m&amp#27;[32m200&amp#27;[39m &amp#27;[90m3 ms - 22&amp#27;[39m
&amp#27;[35m[HTTP]&amp#27;[39m &amp#27;[90m&amp#27;[39m
&amp#27;[35m[HTTP]&amp#27;[39m &amp#27;[37m-->&amp#27;[39m &amp#27;[37mPOST&amp#27;[39m &amp#27;[37m/wd/hub/session/059cff38-23c6-4ec1-b668-a2ef75d16654/element&amp#27;[39m
&amp#27;[35m[HTTP]&amp#27;[39m &amp#27;[90m{"using":"accessibility id","value":"test-Username"}&amp#27;[39m
[debug] &amp#27;[35m[W3C (059cff38)]&amp#27;[39m Calling AppiumDriver.findElement() with args: ["accessibility id","test-Username","059cff38-23c6-4ec1-b668-a2ef75d16654"]
[debug] &amp#27;[35m[BaseDriver]&amp#27;[39m Valid locator strategies for this request: xpath, id, class name, accessibility id, css selector, -android uiautomator
[debug] &amp#27;[35m[BaseDriver]&amp#27;[39m Waiting up to 0 ms for condition
[debug] &amp#27;[35m[WD Proxy]&amp#27;[39m Matched '/element' to command name 'findElement'
[debug] &amp#27;[35m[WD Proxy]&amp#27;[39m Proxying [POST /element] to [POST http://127.0.0.1:10001/wd/hub/session/dff51be2-33f9-4ee4-9367-e47fcd54ec21/element] with body: {"strategy":"accessibility id","selector":"test-Username","context":"","multiple":false}
[debug] &amp#27;[35m[WD Proxy]&amp#27;[39m Got response with status 200: {"sessionId":"dff51be2-33f9-4ee4-9367-e47fcd54ec21","value":{"ELEMENT":"a03e8981-7dc4-4066-8bb9-04006a5286c5","element-6066-11e4-a52e-4f735466cecf":"a03e8981-7dc4-4066-8bb9-04006a5286c5"}}
[debug] &amp#27;[35m[W3C (059cff38)]&amp#27;[39m Responding to client with driver.findElement() result: {"element-6066-11e4-a52e-4f735466cecf":"a03e8981-7dc4-4066-8bb9-04006a5286c5","ELEMENT":"a03e8981-7dc4-4066-8bb9-04006a5286c5"}
&amp#27;[35m[HTTP]&amp#27;[39m &amp#27;[37m<-- POST /wd/hub/session/059cff38-23c6-4ec1-b668-a2ef75d16654/element &amp#27;[39m&amp#27;[32m200&amp#27;[39m &amp#27;[90m510 ms - 137&amp#27;[39m
&amp#27;[35m[HTTP]&amp#27;[39m &amp#27;[90m&amp#27;[39m
&amp#27;[35m[HTTP]&amp#27;[39m &amp#27;[37m-->&amp#27;[39m &amp#27;[37mGET&amp#27;[39m &amp#27;[37m/wd/hub/session/059cff38-23c6-4ec1-b668-a2ef75d16654/element/a03e8981-7dc4-4066-8bb9-04006a5286c5/displayed&amp#27;[39m
&amp#27;[35m[HTTP]&amp#27;[39m &amp#27;[90m{}&amp#27;[39m
[debug] &amp#27;[35m[W3C (059cff38)]&amp#27;[39m Calling AppiumDriver.elementDisplayed() with args: ["a03e8981-7dc4-4066-8bb9-04006a5286c5","059cff38-23c6-4ec1-b668-a2ef75d16654"]
[debug] &amp#27;[35m[WD Proxy]&amp#27;[39m Matched '/element/a03e8981-7dc4-4066-8bb9-04006a5286c5/attribute/displayed' to command name 'getAttribute'
[debug] &amp#27;[35m[WD Proxy]&amp#27;[39m Proxying [GET /element/a03e8981-7dc4-4066-8bb9-04006a5286c5/attribute/displayed] to [GET http://127.0.0.1:10001/wd/hub/session/dff51be2-33f9-4ee4-9367-e47fcd54ec21/element/a03e8981-7dc4-4066-8bb9-04006a5286c5/attribute/displayed] with no body
[debug] &amp#27;[35m[WD Proxy]&amp#27;[39m Got response with status 200: {"sessionId":"dff51be2-33f9-4ee4-9367-e47fcd54ec21","value":"true"}
[debug] &amp#27;[35m[W3C (059cff38)]&amp#27;[39m Responding to client with driver.elementDisplayed() result: true
&amp#27;[35m[HTTP]&amp#27;[39m &amp#27;[37m<-- GET /wd/hub/session/059cff38-23c6-4ec1-b668-a2ef75d16654/element/a03e8981-7dc4-4066-8bb9-04006a5286c5/displayed &amp#27;[39m&amp#27;[32m200&amp#27;[39m &amp#27;[90m40 ms - 14&amp#27;[39m
&amp#27;[35m[HTTP]&amp#27;[39m &amp#27;[90m&amp#27;[39m
[INFO ] 2021-06-21 17:56:41.970 com.qa.pages.BasePage:74 - login with InvalidUserName
&amp#27;[35m[HTTP]&amp#27;[39m &amp#27;[37m-->&amp#27;[39m &amp#27;[37mGET&amp#27;[39m &amp#27;[37m/wd/hub/session/059cff38-23c6-4ec1-b668-a2ef75d16654/context&amp#27;[39m
&amp#27;[35m[HTTP]&amp#27;[39m &amp#27;[90m{}&amp#27;[39m
[debug] &amp#27;[35m[W3C (059cff38)]&amp#27;[39m Calling AppiumDriver.getCurrentContext() with args: ["059cff38-23c6-4ec1-b668-a2ef75d16654"]
[debug] &amp#27;[35m[W3C (059cff38)]&amp#27;[39m Responding to client with driver.getCurrentContext() result: "NATIVE_APP"
&amp#27;[35m[HTTP]&amp#27;[39m &amp#27;[37m<-- GET /wd/hub/session/059cff38-23c6-4ec1-b668-a2ef75d16654/context &amp#27;[39m&amp#27;[32m200&amp#27;[39m &amp#27;[90m1 ms - 22&amp#27;[39m
&amp#27;[35m[HTTP]&amp#27;[39m &amp#27;[90m&amp#27;[39m
&amp#27;[35m[HTTP]&amp#27;[39m &amp#27;[37m-->&amp#27;[39m &amp#27;[37mPOST&amp#27;[39m &amp#27;[37m/wd/hub/session/059cff38-23c6-4ec1-b668-a2ef75d16654/element&amp#27;[39m
&amp#27;[35m[HTTP]&amp#27;[39m &amp#27;[90m{"using":"accessibility id","value":"test-Username"}&amp#27;[39m
[debug] &amp#27;[35m[W3C (059cff38)]&amp#27;[39m Calling AppiumDriver.findElement() with args: ["accessibility id","test-Username","059cff38-23c6-4ec1-b668-a2ef75d16654"]
[debug] &amp#27;[35m[BaseDriver]&amp#27;[39m Valid locator strategies for this request: xpath, id, class name, accessibility id, css selector, -android uiautomator
[debug] &amp#27;[35m[BaseDriver]&amp#27;[39m Waiting up to 0 ms for condition
[debug] &amp#27;[35m[WD Proxy]&amp#27;[39m Matched '/element' to command name 'findElement'
[debug] &amp#27;[35m[WD Proxy]&amp#27;[39m Proxying [POST /element] to [POST http://127.0.0.1:10001/wd/hub/session/dff51be2-33f9-4ee4-9367-e47fcd54ec21/element] with body: {"strategy":"accessibility id","selector":"test-Username","context":"","multiple":false}
[debug] &amp#27;[35m[WD Proxy]&amp#27;[39m Got response with status 200: {"sessionId":"dff51be2-33f9-4ee4-9367-e47fcd54ec21","value":{"ELEMENT":"0a1f3270-c2c6-4cbc-9a91-d6b6798c1867","element-6066-11e4-a52e-4f735466cecf":"0a1f3270-c2c6-4cbc-9a91-d6b6798c1867"}}
[debug] &amp#27;[35m[W3C (059cff38)]&amp#27;[39m Responding to client with driver.findElement() result: {"element-6066-11e4-a52e-4f735466cecf":"0a1f3270-c2c6-4cbc-9a91-d6b6798c1867","ELEMENT":"0a1f3270-c2c6-4cbc-9a91-d6b6798c1867"}
&amp#27;[35m[HTTP]&amp#27;[39m &amp#27;[37m<-- POST /wd/hub/session/059cff38-23c6-4ec1-b668-a2ef75d16654/element &amp#27;[39m&amp#27;[32m200&amp#27;[39m &amp#27;[90m28 ms - 137&amp#27;[39m
&amp#27;[35m[HTTP]&amp#27;[39m &amp#27;[90m&amp#27;[39m
&amp#27;[35m[HTTP]&amp#27;[39m &amp#27;[37m-->&amp#27;[39m &amp#27;[37mPOST&amp#27;[39m &amp#27;[37m/wd/hub/session/059cff38-23c6-4ec1-b668-a2ef75d16654/element/0a1f3270-c2c6-4cbc-9a91-d6b6798c1867/value&amp#27;[39m
&amp#27;[35m[HTTP]&amp#27;[39m &amp#27;[90m{"id":"0a1f3270-c2c6-4cbc-9a91-d6b6798c1867","text":"InvalidUserName","value":["I","n","v","a","l","i","d","U","s","e","r","N","a","m","e"]}&amp#27;[39m
[debug] &amp#27;[35m[W3C (059cff38)]&amp#27;[39m Calling AppiumDriver.setValue() with args: [["I","n","v","a","l","i","d","U","s","e","r","N","a","m","e"],"0a1f3270-c2c6-4cbc-9a91-d6b6798c1867","059cff38-23c6-4ec1-b668-a2ef75d16654"]
[debug] &amp#27;[35m[WD Proxy]&amp#27;[39m Matched '/element/0a1f3270-c2c6-4cbc-9a91-d6b6798c1867/value' to command name 'setValue'
[debug] &amp#27;[35m[Protocol Converter]&amp#27;[39m Added 'value' property ["I","n","v","a","l","i","d","U","s","e","r","N","a","m","e"] to 'setValue' request body
[debug] &amp#27;[35m[WD Proxy]&amp#27;[39m Proxying [POST /element/0a1f3270-c2c6-4cbc-9a91-d6b6798c1867/value] to [POST http://127.0.0.1:10001/wd/hub/session/dff51be2-33f9-4ee4-9367-e47fcd54ec21/element/0a1f3270-c2c6-4cbc-9a91-d6b6798c1867/value] with body: {"elementId":"0a1f3270-c2c6-4cbc-9a91-d6b6798c1867","text":"InvalidUserName","replace":false,"value":["I","n","v","a","l","i","d","U","s","e","r","N","a","m","e"]}
[debug] &amp#27;[35m[WD Proxy]&amp#27;[39m Got response with status 200: {"sessionId":"dff51be2-33f9-4ee4-9367-e47fcd54ec21","value":null}
[debug] &amp#27;[35m[W3C (059cff38)]&amp#27;[39m Responding to client with driver.setValue() result: null
&amp#27;[35m[HTTP]&amp#27;[39m &amp#27;[37m<-- POST /wd/hub/session/059cff38-23c6-4ec1-b668-a2ef75d16654/element/0a1f3270-c2c6-4cbc-9a91-d6b6798c1867/value &amp#27;[39m&amp#27;[32m200&amp#27;[39m &amp#27;[90m58 ms - 14&amp#27;[39m
&amp#27;[35m[HTTP]&amp#27;[39m &amp#27;[90m&amp#27;[39m
  When I enter username "InvalidUserName"                                                               # com.qa.stepdef.LogInStepDef.iEnterUsername(java.lang.String)
&amp#27;[35m[HTTP]&amp#27;[39m &amp#27;[37m-->&amp#27;[39m &amp#27;[37mGET&amp#27;[39m &amp#27;[37m/wd/hub/session/059cff38-23c6-4ec1-b668-a2ef75d16654/context&amp#27;[39m
&amp#27;[35m[HTTP]&amp#27;[39m &amp#27;[90m{}&amp#27;[39m
[debug] &amp#27;[35m[W3C (059cff38)]&amp#27;[39m Calling AppiumDriver.getCurrentContext() with args: ["059cff38-23c6-4ec1-b668-a2ef75d16654"]
[debug] &amp#27;[35m[W3C (059cff38)]&amp#27;[39m Responding to client with driver.getCurrentContext() result: "NATIVE_APP"
&amp#27;[35m[HTTP]&amp#27;[39m &amp#27;[37m<-- GET /wd/hub/session/059cff38-23c6-4ec1-b668-a2ef75d16654/context &amp#27;[39m&amp#27;[32m200&amp#27;[39m &amp#27;[90m2 ms - 22&amp#27;[39m
&amp#27;[35m[HTTP]&amp#27;[39m &amp#27;[90m&amp#27;[39m
&amp#27;[35m[HTTP]&amp#27;[39m &amp#27;[37m-->&amp#27;[39m &amp#27;[37mPOST&amp#27;[39m &amp#27;[37m/wd/hub/session/059cff38-23c6-4ec1-b668-a2ef75d16654/element&amp#27;[39m
&amp#27;[35m[HTTP]&amp#27;[39m &amp#27;[90m{"using":"accessibility id","value":"test-Password"}&amp#27;[39m
[debug] &amp#27;[35m[W3C (059cff38)]&amp#27;[39m Calling AppiumDriver.findElement() with args: ["accessibility id","test-Password","059cff38-23c6-4ec1-b668-a2ef75d16654"]
[debug] &amp#27;[35m[BaseDriver]&amp#27;[39m Valid locator strategies for this request: xpath, id, class name, accessibility id, css selector, -android uiautomator
[debug] &amp#27;[35m[BaseDriver]&amp#27;[39m Waiting up to 0 ms for condition
[debug] &amp#27;[35m[WD Proxy]&amp#27;[39m Matched '/element' to command name 'findElement'
[debug] &amp#27;[35m[WD Proxy]&amp#27;[39m Proxying [POST /element] to [POST http://127.0.0.1:10001/wd/hub/session/dff51be2-33f9-4ee4-9367-e47fcd54ec21/element] with body: {"strategy":"accessibility id","selector":"test-Password","context":"","multiple":false}
[debug] &amp#27;[35m[WD Proxy]&amp#27;[39m Got response with status 200: {"sessionId":"dff51be2-33f9-4ee4-9367-e47fcd54ec21","value":{"ELEMENT":"aba351d4-cf8f-4a47-9f3d-749e3ce9faca","element-6066-11e4-a52e-4f735466cecf":"aba351d4-cf8f-4a47-9f3d-749e3ce9faca"}}
[debug] &amp#27;[35m[W3C (059cff38)]&amp#27;[39m Responding to client with driver.findElement() result: {"element-6066-11e4-a52e-4f735466cecf":"aba351d4-cf8f-4a47-9f3d-749e3ce9faca","ELEMENT":"aba351d4-cf8f-4a47-9f3d-749e3ce9faca"}
&amp#27;[35m[HTTP]&amp#27;[39m &amp#27;[37m<-- POST /wd/hub/session/059cff38-23c6-4ec1-b668-a2ef75d16654/element &amp#27;[39m&amp#27;[32m200&amp#27;[39m &amp#27;[90m485 ms - 137&amp#27;[39m
&amp#27;[35m[HTTP]&amp#27;[39m &amp#27;[90m&amp#27;[39m
&amp#27;[35m[HTTP]&amp#27;[39m &amp#27;[37m-->&amp#27;[39m &amp#27;[37mGET&amp#27;[39m &amp#27;[37m/wd/hub/session/059cff38-23c6-4ec1-b668-a2ef75d16654/element/aba351d4-cf8f-4a47-9f3d-749e3ce9faca/displayed&amp#27;[39m
&amp#27;[35m[HTTP]&amp#27;[39m &amp#27;[90m{}&amp#27;[39m
[debug] &amp#27;[35m[W3C (059cff38)]&amp#27;[39m Calling AppiumDriver.elementDisplayed() with args: ["aba351d4-cf8f-4a47-9f3d-749e3ce9faca","059cff38-23c6-4ec1-b668-a2ef75d16654"]
[debug] &amp#27;[35m[WD Proxy]&amp#27;[39m Matched '/element/aba351d4-cf8f-4a47-9f3d-749e3ce9faca/attribute/displayed' to command name 'getAttribute'
[debug] &amp#27;[35m[WD Proxy]&amp#27;[39m Proxying [GET /element/aba351d4-cf8f-4a47-9f3d-749e3ce9faca/attribute/displayed] to [GET http://127.0.0.1:10001/wd/hub/session/dff51be2-33f9-4ee4-9367-e47fcd54ec21/element/aba351d4-cf8f-4a47-9f3d-749e3ce9faca/attribute/displayed] with no body
[debug] &amp#27;[35m[WD Proxy]&amp#27;[39m Got response with status 200: {"sessionId":"dff51be2-33f9-4ee4-9367-e47fcd54ec21","value":"true"}
[debug] &amp#27;[35m[W3C (059cff38)]&amp#27;[39m Responding to client with driver.elementDisplayed() result: true
&amp#27;[35m[HTTP]&amp#27;[39m &amp#27;[37m<-- GET /wd/hub/session/059cff38-23c6-4ec1-b668-a2ef75d16654/element/aba351d4-cf8f-4a47-9f3d-749e3ce9faca/displayed &amp#27;[39m&amp#27;[32m200&amp#27;[39m &amp#27;[90m20 ms - 14&amp#27;[39m
&amp#27;[35m[HTTP]&amp#27;[39m &amp#27;[90m&amp#27;[39m
&amp#27;[35m[HTTP]&amp#27;[39m &amp#27;[37m-->&amp#27;[39m &amp#27;[37mGET&amp#27;[39m &amp#27;[37m/wd/hub/session/059cff38-23c6-4ec1-b668-a2ef75d16654/context&amp#27;[39m
&amp#27;[35m[HTTP]&amp#27;[39m &amp#27;[90m{}&amp#27;[39m
[debug] &amp#27;[35m[W3C (059cff38)]&amp#27;[39m Calling AppiumDriver.getCurrentContext() with args: ["059cff38-23c6-4ec1-b668-a2ef75d16654"]
[debug] &amp#27;[35m[W3C (059cff38)]&amp#27;[39m Responding to client with driver.getCurrentContext() result: "NATIVE_APP"
&amp#27;[35m[HTTP]&amp#27;[39m &amp#27;[37m<-- GET /wd/hub/session/059cff38-23c6-4ec1-b668-a2ef75d16654/context &amp#27;[39m&amp#27;[32m200&amp#27;[39m &amp#27;[90m2 ms - 22&amp#27;[39m
&amp#27;[35m[HTTP]&amp#27;[39m &amp#27;[90m&amp#27;[39m
&amp#27;[35m[HTTP]&amp#27;[39m &amp#27;[37m-->&amp#27;[39m &amp#27;[37mPOST&amp#27;[39m &amp#27;[37m/wd/hub/session/059cff38-23c6-4ec1-b668-a2ef75d16654/element&amp#27;[39m
&amp#27;[35m[HTTP]&amp#27;[39m &amp#27;[90m{"using":"accessibility id","value":"test-Password"}&amp#27;[39m
[debug] &amp#27;[35m[W3C (059cff38)]&amp#27;[39m Calling AppiumDriver.findElement() with args: ["accessibility id","test-Password","059cff38-23c6-4ec1-b668-a2ef75d16654"]
[debug] &amp#27;[35m[BaseDriver]&amp#27;[39m Valid locator strategies for this request: xpath, id, class name, accessibility id, css selector, -android uiautomator
[debug] &amp#27;[35m[BaseDriver]&amp#27;[39m Waiting up to 0 ms for condition
[debug] &amp#27;[35m[WD Proxy]&amp#27;[39m Matched '/element' to command name 'findElement'
[debug] &amp#27;[35m[WD Proxy]&amp#27;[39m Proxying [POST /element] to [POST http://127.0.0.1:10001/wd/hub/session/dff51be2-33f9-4ee4-9367-e47fcd54ec21/element] with body: {"strategy":"accessibility id","selector":"test-Password","context":"","multiple":false}
[debug] &amp#27;[35m[WD Proxy]&amp#27;[39m Got response with status 200: {"sessionId":"dff51be2-33f9-4ee4-9367-e47fcd54ec21","value":{"ELEMENT":"114fd106-e887-4e3c-9698-1df079a97a46","element-6066-11e4-a52e-4f735466cecf":"114fd106-e887-4e3c-9698-1df079a97a46"}}
[debug] &amp#27;[35m[W3C (059cff38)]&amp#27;[39m Responding to client with driver.findElement() result: {"element-6066-11e4-a52e-4f735466cecf":"114fd106-e887-4e3c-9698-1df079a97a46","ELEMENT":"114fd106-e887-4e3c-9698-1df079a97a46"}
&amp#27;[35m[HTTP]&amp#27;[39m &amp#27;[37m<-- POST /wd/hub/session/059cff38-23c6-4ec1-b668-a2ef75d16654/element &amp#27;[39m&amp#27;[32m200&amp#27;[39m &amp#27;[90m27 ms - 137&amp#27;[39m
&amp#27;[35m[HTTP]&amp#27;[39m &amp#27;[90m&amp#27;[39m
&amp#27;[35m[HTTP]&amp#27;[39m &amp#27;[37m-->&amp#27;[39m &amp#27;[37mPOST&amp#27;[39m &amp#27;[37m/wd/hub/session/059cff38-23c6-4ec1-b668-a2ef75d16654/element/114fd106-e887-4e3c-9698-1df079a97a46/clear&amp#27;[39m
&amp#27;[35m[HTTP]&amp#27;[39m &amp#27;[90m{"id":"114fd106-e887-4e3c-9698-1df079a97a46"}&amp#27;[39m
[debug] &amp#27;[35m[W3C (059cff38)]&amp#27;[39m Calling AppiumDriver.clear() with args: ["114fd106-e887-4e3c-9698-1df079a97a46","059cff38-23c6-4ec1-b668-a2ef75d16654"]
[debug] &amp#27;[35m[WD Proxy]&amp#27;[39m Matched '/element/114fd106-e887-4e3c-9698-1df079a97a46/clear' to command name 'clear'
[debug] &amp#27;[35m[WD Proxy]&amp#27;[39m Proxying [POST /element/114fd106-e887-4e3c-9698-1df079a97a46/clear] to [POST http://127.0.0.1:10001/wd/hub/session/dff51be2-33f9-4ee4-9367-e47fcd54ec21/element/114fd106-e887-4e3c-9698-1df079a97a46/clear] with body: {"elementId":"114fd106-e887-4e3c-9698-1df079a97a46"}
[debug] &amp#27;[35m[WD Proxy]&amp#27;[39m Got response with status 200: {"sessionId":"dff51be2-33f9-4ee4-9367-e47fcd54ec21","value":null}
[debug] &amp#27;[35m[W3C (059cff38)]&amp#27;[39m Responding to client with driver.clear() result: null
&amp#27;[35m[HTTP]&amp#27;[39m &amp#27;[37m<-- POST /wd/hub/session/059cff38-23c6-4ec1-b668-a2ef75d16654/element/114fd106-e887-4e3c-9698-1df079a97a46/clear &amp#27;[39m&amp#27;[32m200&amp#27;[39m &amp#27;[90m24 ms - 14&amp#27;[39m
&amp#27;[35m[HTTP]&amp#27;[39m &amp#27;[90m&amp#27;[39m
&amp#27;[35m[HTTP]&amp#27;[39m &amp#27;[37m-->&amp#27;[39m &amp#27;[37mGET&amp#27;[39m &amp#27;[37m/wd/hub/session/059cff38-23c6-4ec1-b668-a2ef75d16654/context&amp#27;[39m
&amp#27;[35m[HTTP]&amp#27;[39m &amp#27;[90m{}&amp#27;[39m
[debug] &amp#27;[35m[W3C (059cff38)]&amp#27;[39m Calling AppiumDriver.getCurrentContext() with args: ["059cff38-23c6-4ec1-b668-a2ef75d16654"]
[debug] &amp#27;[35m[W3C (059cff38)]&amp#27;[39m Responding to client with driver.getCurrentContext() result: "NATIVE_APP"
&amp#27;[35m[HTTP]&amp#27;[39m &amp#27;[37m<-- GET /wd/hub/session/059cff38-23c6-4ec1-b668-a2ef75d16654/context &amp#27;[39m&amp#27;[32m200&amp#27;[39m &amp#27;[90m2 ms - 22&amp#27;[39m
&amp#27;[35m[HTTP]&amp#27;[39m &amp#27;[90m&amp#27;[39m
&amp#27;[35m[HTTP]&amp#27;[39m &amp#27;[37m-->&amp#27;[39m &amp#27;[37mPOST&amp#27;[39m &amp#27;[37m/wd/hub/session/059cff38-23c6-4ec1-b668-a2ef75d16654/element&amp#27;[39m
&amp#27;[35m[HTTP]&amp#27;[39m &amp#27;[90m{"using":"accessibility id","value":"test-Password"}&amp#27;[39m
[debug] &amp#27;[35m[W3C (059cff38)]&amp#27;[39m Calling AppiumDriver.findElement() with args: ["accessibility id","test-Password","059cff38-23c6-4ec1-b668-a2ef75d16654"]
[debug] &amp#27;[35m[BaseDriver]&amp#27;[39m Valid locator strategies for this request: xpath, id, class name, accessibility id, css selector, -android uiautomator
[debug] &amp#27;[35m[BaseDriver]&amp#27;[39m Waiting up to 0 ms for condition
[debug] &amp#27;[35m[WD Proxy]&amp#27;[39m Matched '/element' to command name 'findElement'
[debug] &amp#27;[35m[WD Proxy]&amp#27;[39m Proxying [POST /element] to [POST http://127.0.0.1:10001/wd/hub/session/dff51be2-33f9-4ee4-9367-e47fcd54ec21/element] with body: {"strategy":"accessibility id","selector":"test-Password","context":"","multiple":false}
[debug] &amp#27;[35m[WD Proxy]&amp#27;[39m Got response with status 200: {"sessionId":"dff51be2-33f9-4ee4-9367-e47fcd54ec21","value":{"ELEMENT":"46113e6d-77c3-4915-a0e6-21fc3f28f656","element-6066-11e4-a52e-4f735466cecf":"46113e6d-77c3-4915-a0e6-21fc3f28f656"}}
[debug] &amp#27;[35m[W3C (059cff38)]&amp#27;[39m Responding to client with driver.findElement() result: {"element-6066-11e4-a52e-4f735466cecf":"46113e6d-77c3-4915-a0e6-21fc3f28f656","ELEMENT":"46113e6d-77c3-4915-a0e6-21fc3f28f656"}
&amp#27;[35m[HTTP]&amp#27;[39m &amp#27;[37m<-- POST /wd/hub/session/059cff38-23c6-4ec1-b668-a2ef75d16654/element &amp#27;[39m&amp#27;[32m200&amp#27;[39m &amp#27;[90m499 ms - 137&amp#27;[39m
&amp#27;[35m[HTTP]&amp#27;[39m &amp#27;[90m&amp#27;[39m
&amp#27;[35m[HTTP]&amp#27;[39m &amp#27;[37m-->&amp#27;[39m &amp#27;[37mGET&amp#27;[39m &amp#27;[37m/wd/hub/session/059cff38-23c6-4ec1-b668-a2ef75d16654/element/46113e6d-77c3-4915-a0e6-21fc3f28f656/displayed&amp#27;[39m
&amp#27;[35m[HTTP]&amp#27;[39m &amp#27;[90m{}&amp#27;[39m
[debug] &amp#27;[35m[W3C (059cff38)]&amp#27;[39m Calling AppiumDriver.elementDisplayed() with args: ["46113e6d-77c3-4915-a0e6-21fc3f28f656","059cff38-23c6-4ec1-b668-a2ef75d16654"]
[debug] &amp#27;[35m[WD Proxy]&amp#27;[39m Matched '/element/46113e6d-77c3-4915-a0e6-21fc3f28f656/attribute/displayed' to command name 'getAttribute'
[debug] &amp#27;[35m[WD Proxy]&amp#27;[39m Proxying [GET /element/46113e6d-77c3-4915-a0e6-21fc3f28f656/attribute/displayed] to [GET http://127.0.0.1:10001/wd/hub/session/dff51be2-33f9-4ee4-9367-e47fcd54ec21/element/46113e6d-77c3-4915-a0e6-21fc3f28f656/attribute/displayed] with no body
[debug] &amp#27;[35m[WD Proxy]&amp#27;[39m Got response with status 200: {"sessionId":"dff51be2-33f9-4ee4-9367-e47fcd54ec21","value":"true"}
[debug] &amp#27;[35m[W3C (059cff38)]&amp#27;[39m Responding to client with driver.elementDisplayed() result: true
&amp#27;[35m[HTTP]&amp#27;[39m &amp#27;[37m<-- GET /wd/hub/session/059cff38-23c6-4ec1-b668-a2ef75d16654/element/46113e6d-77c3-4915-a0e6-21fc3f28f656/displayed &amp#27;[39m&amp#27;[32m200&amp#27;[39m &amp#27;[90m18 ms - 14&amp#27;[39m
&amp#27;[35m[HTTP]&amp#27;[39m &amp#27;[90m&amp#27;[39m
[INFO ] 2021-06-21 17:56:43.255 com.qa.pages.BasePage:74 - password is secret_sauce
&amp#27;[35m[HTTP]&amp#27;[39m &amp#27;[37m-->&amp#27;[39m &amp#27;[37mGET&amp#27;[39m &amp#27;[37m/wd/hub/session/059cff38-23c6-4ec1-b668-a2ef75d16654/context&amp#27;[39m
&amp#27;[35m[HTTP]&amp#27;[39m &amp#27;[90m{}&amp#27;[39m
[debug] &amp#27;[35m[W3C (059cff38)]&amp#27;[39m Calling AppiumDriver.getCurrentContext() with args: ["059cff38-23c6-4ec1-b668-a2ef75d16654"]
[debug] &amp#27;[35m[W3C (059cff38)]&amp#27;[39m Responding to client with driver.getCurrentContext() result: "NATIVE_APP"
&amp#27;[35m[HTTP]&amp#27;[39m &amp#27;[37m<-- GET /wd/hub/session/059cff38-23c6-4ec1-b668-a2ef75d16654/context &amp#27;[39m&amp#27;[32m200&amp#27;[39m &amp#27;[90m2 ms - 22&amp#27;[39m
&amp#27;[35m[HTTP]&amp#27;[39m &amp#27;[90m&amp#27;[39m
&amp#27;[35m[HTTP]&amp#27;[39m &amp#27;[37m-->&amp#27;[39m &amp#27;[37mPOST&amp#27;[39m &amp#27;[37m/wd/hub/session/059cff38-23c6-4ec1-b668-a2ef75d16654/element&amp#27;[39m
&amp#27;[35m[HTTP]&amp#27;[39m &amp#27;[90m{"using":"accessibility id","value":"test-Password"}&amp#27;[39m
[debug] &amp#27;[35m[W3C (059cff38)]&amp#27;[39m Calling AppiumDriver.findElement() with args: ["accessibility id","test-Password","059cff38-23c6-4ec1-b668-a2ef75d16654"]
[debug] &amp#27;[35m[BaseDriver]&amp#27;[39m Valid locator strategies for this request: xpath, id, class name, accessibility id, css selector, -android uiautomator
[debug] &amp#27;[35m[BaseDriver]&amp#27;[39m Waiting up to 0 ms for condition
[debug] &amp#27;[35m[WD Proxy]&amp#27;[39m Matched '/element' to command name 'findElement'
[debug] &amp#27;[35m[WD Proxy]&amp#27;[39m Proxying [POST /element] to [POST http://127.0.0.1:10001/wd/hub/session/dff51be2-33f9-4ee4-9367-e47fcd54ec21/element] with body: {"strategy":"accessibility id","selector":"test-Password","context":"","multiple":false}
[debug] &amp#27;[35m[WD Proxy]&amp#27;[39m Got response with status 200: {"sessionId":"dff51be2-33f9-4ee4-9367-e47fcd54ec21","value":{"ELEMENT":"fc70707f-70e7-4e54-b92f-c36cd41d7ef4","element-6066-11e4-a52e-4f735466cecf":"fc70707f-70e7-4e54-b92f-c36cd41d7ef4"}}
[debug] &amp#27;[35m[W3C (059cff38)]&amp#27;[39m Responding to client with driver.findElement() result: {"element-6066-11e4-a52e-4f735466cecf":"fc70707f-70e7-4e54-b92f-c36cd41d7ef4","ELEMENT":"fc70707f-70e7-4e54-b92f-c36cd41d7ef4"}
&amp#27;[35m[HTTP]&amp#27;[39m &amp#27;[37m<-- POST /wd/hub/session/059cff38-23c6-4ec1-b668-a2ef75d16654/element &amp#27;[39m&amp#27;[32m200&amp#27;[39m &amp#27;[90m27 ms - 137&amp#27;[39m
&amp#27;[35m[HTTP]&amp#27;[39m &amp#27;[90m&amp#27;[39m
&amp#27;[35m[HTTP]&amp#27;[39m &amp#27;[37m-->&amp#27;[39m &amp#27;[37mPOST&amp#27;[39m &amp#27;[37m/wd/hub/session/059cff38-23c6-4ec1-b668-a2ef75d16654/element/fc70707f-70e7-4e54-b92f-c36cd41d7ef4/value&amp#27;[39m
&amp#27;[35m[HTTP]&amp#27;[39m &amp#27;[90m{"id":"fc70707f-70e7-4e54-b92f-c36cd41d7ef4","text":"secret_sauce","value":["s","e","c","r","e","t","_","s","a","u","c","e"]}&amp#27;[39m
[debug] &amp#27;[35m[W3C (059cff38)]&amp#27;[39m Calling AppiumDriver.setValue() with args: [["s","e","c","r","e","t","_","s","a","u","c","e"],"fc70707f-70e7-4e54-b92f-c36cd41d7ef4","059cff38-23c6-4ec1-b668-a2ef75d16654"]
[debug] &amp#27;[35m[WD Proxy]&amp#27;[39m Matched '/element/fc70707f-70e7-4e54-b92f-c36cd41d7ef4/value' to command name 'setValue'
[debug] &amp#27;[35m[Protocol Converter]&amp#27;[39m Added 'value' property ["s","e","c","r","e","t","_","s","a","u","c","e"] to 'setValue' request body
[debug] &amp#27;[35m[WD Proxy]&amp#27;[39m Proxying [POST /element/fc70707f-70e7-4e54-b92f-c36cd41d7ef4/value] to [POST http://127.0.0.1:10001/wd/hub/session/dff51be2-33f9-4ee4-9367-e47fcd54ec21/element/fc70707f-70e7-4e54-b92f-c36cd41d7ef4/value] with body: {"elementId":"fc70707f-70e7-4e54-b92f-c36cd41d7ef4","text":"secret_sauce","replace":false,"value":["s","e","c","r","e","t","_","s","a","u","c","e"]}
[debug] &amp#27;[35m[WD Proxy]&amp#27;[39m Got response with status 200: {"sessionId":"dff51be2-33f9-4ee4-9367-e47fcd54ec21","value":null}
[debug] &amp#27;[35m[W3C (059cff38)]&amp#27;[39m Responding to client with driver.setValue() result: null
&amp#27;[35m[HTTP]&amp#27;[39m &amp#27;[37m<-- POST /wd/hub/session/059cff38-23c6-4ec1-b668-a2ef75d16654/element/fc70707f-70e7-4e54-b92f-c36cd41d7ef4/value &amp#27;[39m&amp#27;[32m200&amp#27;[39m &amp#27;[90m47 ms - 14&amp#27;[39m
&amp#27;[35m[HTTP]&amp#27;[39m &amp#27;[90m&amp#27;[39m
  And Enter "secret_sauce"                                                                              # com.qa.stepdef.LogInStepDef.enter(java.lang.String)
&amp#27;[35m[HTTP]&amp#27;[39m &amp#27;[37m-->&amp#27;[39m &amp#27;[37mGET&amp#27;[39m &amp#27;[37m/wd/hub/session/059cff38-23c6-4ec1-b668-a2ef75d16654/context&amp#27;[39m
&amp#27;[35m[HTTP]&amp#27;[39m &amp#27;[90m{}&amp#27;[39m
[debug] &amp#27;[35m[W3C (059cff38)]&amp#27;[39m Calling AppiumDriver.getCurrentContext() with args: ["059cff38-23c6-4ec1-b668-a2ef75d16654"]
[debug] &amp#27;[35m[W3C (059cff38)]&amp#27;[39m Responding to client with driver.getCurrentContext() result: "NATIVE_APP"
&amp#27;[35m[HTTP]&amp#27;[39m &amp#27;[37m<-- GET /wd/hub/session/059cff38-23c6-4ec1-b668-a2ef75d16654/context &amp#27;[39m&amp#27;[32m200&amp#27;[39m &amp#27;[90m3 ms - 22&amp#27;[39m
&amp#27;[35m[HTTP]&amp#27;[39m &amp#27;[90m&amp#27;[39m
&amp#27;[35m[HTTP]&amp#27;[39m &amp#27;[37m-->&amp#27;[39m &amp#27;[37mPOST&amp#27;[39m &amp#27;[37m/wd/hub/session/059cff38-23c6-4ec1-b668-a2ef75d16654/element&amp#27;[39m
&amp#27;[35m[HTTP]&amp#27;[39m &amp#27;[90m{"using":"accessibility id","value":"test-LOGIN"}&amp#27;[39m
[debug] &amp#27;[35m[W3C (059cff38)]&amp#27;[39m Calling AppiumDriver.findElement() with args: ["accessibility id","test-LOGIN","059cff38-23c6-4ec1-b668-a2ef75d16654"]
[debug] &amp#27;[35m[BaseDriver]&amp#27;[39m Valid locator strategies for this request: xpath, id, class name, accessibility id, css selector, -android uiautomator
[debug] &amp#27;[35m[BaseDriver]&amp#27;[39m Waiting up to 0 ms for condition
[debug] &amp#27;[35m[WD Proxy]&amp#27;[39m Matched '/element' to command name 'findElement'
[debug] &amp#27;[35m[WD Proxy]&amp#27;[39m Proxying [POST /element] to [POST http://127.0.0.1:10001/wd/hub/session/dff51be2-33f9-4ee4-9367-e47fcd54ec21/element] with body: {"strategy":"accessibility id","selector":"test-LOGIN","context":"","multiple":false}
[debug] &amp#27;[35m[WD Proxy]&amp#27;[39m Got response with status 200: {"sessionId":"dff51be2-33f9-4ee4-9367-e47fcd54ec21","value":{"ELEMENT":"0c8d7ca5-f82a-4d99-827a-f462f7fd4af6","element-6066-11e4-a52e-4f735466cecf":"0c8d7ca5-f82a-4d99-827a-f462f7fd4af6"}}
[debug] &amp#27;[35m[W3C (059cff38)]&amp#27;[39m Responding to client with driver.findElement() result: {"element-6066-11e4-a52e-4f735466cecf":"0c8d7ca5-f82a-4d99-827a-f462f7fd4af6","ELEMENT":"0c8d7ca5-f82a-4d99-827a-f462f7fd4af6"}
&amp#27;[35m[HTTP]&amp#27;[39m &amp#27;[37m<-- POST /wd/hub/session/059cff38-23c6-4ec1-b668-a2ef75d16654/element &amp#27;[39m&amp#27;[32m200&amp#27;[39m &amp#27;[90m496 ms - 137&amp#27;[39m
&amp#27;[35m[HTTP]&amp#27;[39m &amp#27;[90m&amp#27;[39m
&amp#27;[35m[HTTP]&amp#27;[39m &amp#27;[37m-->&amp#27;[39m &amp#27;[37mGET&amp#27;[39m &amp#27;[37m/wd/hub/session/059cff38-23c6-4ec1-b668-a2ef75d16654/element/0c8d7ca5-f82a-4d99-827a-f462f7fd4af6/displayed&amp#27;[39m
&amp#27;[35m[HTTP]&amp#27;[39m &amp#27;[90m{}&amp#27;[39m
[debug] &amp#27;[35m[W3C (059cff38)]&amp#27;[39m Calling AppiumDriver.elementDisplayed() with args: ["0c8d7ca5-f82a-4d99-827a-f462f7fd4af6","059cff38-23c6-4ec1-b668-a2ef75d16654"]
[debug] &amp#27;[35m[WD Proxy]&amp#27;[39m Matched '/element/0c8d7ca5-f82a-4d99-827a-f462f7fd4af6/attribute/displayed' to command name 'getAttribute'
[debug] &amp#27;[35m[WD Proxy]&amp#27;[39m Proxying [GET /element/0c8d7ca5-f82a-4d99-827a-f462f7fd4af6/attribute/displayed] to [GET http://127.0.0.1:10001/wd/hub/session/dff51be2-33f9-4ee4-9367-e47fcd54ec21/element/0c8d7ca5-f82a-4d99-827a-f462f7fd4af6/attribute/displayed] with no body
[debug] &amp#27;[35m[WD Proxy]&amp#27;[39m Got response with status 200: {"sessionId":"dff51be2-33f9-4ee4-9367-e47fcd54ec21","value":"true"}
[debug] &amp#27;[35m[W3C (059cff38)]&amp#27;[39m Responding to client with driver.elementDisplayed() result: true
&amp#27;[35m[HTTP]&amp#27;[39m &amp#27;[37m<-- GET /wd/hub/session/059cff38-23c6-4ec1-b668-a2ef75d16654/element/0c8d7ca5-f82a-4d99-827a-f462f7fd4af6/displayed &amp#27;[39m&amp#27;[32m200&amp#27;[39m &amp#27;[90m14 ms - 14&amp#27;[39m
&amp#27;[35m[HTTP]&amp#27;[39m &amp#27;[90m&amp#27;[39m
[INFO ] 2021-06-21 17:56:43.889 com.qa.pages.BasePage:57 - press login button
&amp#27;[35m[HTTP]&amp#27;[39m &amp#27;[37m-->&amp#27;[39m &amp#27;[37mGET&amp#27;[39m &amp#27;[37m/wd/hub/session/059cff38-23c6-4ec1-b668-a2ef75d16654/context&amp#27;[39m
&amp#27;[35m[HTTP]&amp#27;[39m &amp#27;[90m{}&amp#27;[39m
[debug] &amp#27;[35m[W3C (059cff38)]&amp#27;[39m Calling AppiumDriver.getCurrentContext() with args: ["059cff38-23c6-4ec1-b668-a2ef75d16654"]
[debug] &amp#27;[35m[W3C (059cff38)]&amp#27;[39m Responding to client with driver.getCurrentContext() result: "NATIVE_APP"
&amp#27;[35m[HTTP]&amp#27;[39m &amp#27;[37m<-- GET /wd/hub/session/059cff38-23c6-4ec1-b668-a2ef75d16654/context &amp#27;[39m&amp#27;[32m200&amp#27;[39m &amp#27;[90m2 ms - 22&amp#27;[39m
&amp#27;[35m[HTTP]&amp#27;[39m &amp#27;[90m&amp#27;[39m
&amp#27;[35m[HTTP]&amp#27;[39m &amp#27;[37m-->&amp#27;[39m &amp#27;[37mPOST&amp#27;[39m &amp#27;[37m/wd/hub/session/059cff38-23c6-4ec1-b668-a2ef75d16654/element&amp#27;[39m
&amp#27;[35m[HTTP]&amp#27;[39m &amp#27;[90m{"using":"accessibility id","value":"test-LOGIN"}&amp#27;[39m
[debug] &amp#27;[35m[W3C (059cff38)]&amp#27;[39m Calling AppiumDriver.findElement() with args: ["accessibility id","test-LOGIN","059cff38-23c6-4ec1-b668-a2ef75d16654"]
[debug] &amp#27;[35m[BaseDriver]&amp#27;[39m Valid locator strategies for this request: xpath, id, class name, accessibility id, css selector, -android uiautomator
[debug] &amp#27;[35m[BaseDriver]&amp#27;[39m Waiting up to 0 ms for condition
[debug] &amp#27;[35m[WD Proxy]&amp#27;[39m Matched '/element' to command name 'findElement'
[debug] &amp#27;[35m[WD Proxy]&amp#27;[39m Proxying [POST /element] to [POST http://127.0.0.1:10001/wd/hub/session/dff51be2-33f9-4ee4-9367-e47fcd54ec21/element] with body: {"strategy":"accessibility id","selector":"test-LOGIN","context":"","multiple":false}
[debug] &amp#27;[35m[WD Proxy]&amp#27;[39m Got response with status 200: {"sessionId":"dff51be2-33f9-4ee4-9367-e47fcd54ec21","value":{"ELEMENT":"618f54f8-3ece-49d9-8ea8-05178d49f789","element-6066-11e4-a52e-4f735466cecf":"618f54f8-3ece-49d9-8ea8-05178d49f789"}}
[debug] &amp#27;[35m[W3C (059cff38)]&amp#27;[39m Responding to client with driver.findElement() result: {"element-6066-11e4-a52e-4f735466cecf":"618f54f8-3ece-49d9-8ea8-05178d49f789","ELEMENT":"618f54f8-3ece-49d9-8ea8-05178d49f789"}
&amp#27;[35m[HTTP]&amp#27;[39m &amp#27;[37m<-- POST /wd/hub/session/059cff38-23c6-4ec1-b668-a2ef75d16654/element &amp#27;[39m&amp#27;[32m200&amp#27;[39m &amp#27;[90m38 ms - 137&amp#27;[39m
&amp#27;[35m[HTTP]&amp#27;[39m &amp#27;[90m&amp#27;[39m
&amp#27;[35m[HTTP]&amp#27;[39m &amp#27;[37m-->&amp#27;[39m &amp#27;[37mPOST&amp#27;[39m &amp#27;[37m/wd/hub/session/059cff38-23c6-4ec1-b668-a2ef75d16654/element/618f54f8-3ece-49d9-8ea8-05178d49f789/click&amp#27;[39m
&amp#27;[35m[HTTP]&amp#27;[39m &amp#27;[90m{"id":"618f54f8-3ece-49d9-8ea8-05178d49f789"}&amp#27;[39m
[debug] &amp#27;[35m[W3C (059cff38)]&amp#27;[39m Calling AppiumDriver.click() with args: ["618f54f8-3ece-49d9-8ea8-05178d49f789","059cff38-23c6-4ec1-b668-a2ef75d16654"]
[debug] &amp#27;[35m[WD Proxy]&amp#27;[39m Matched '/element/618f54f8-3ece-49d9-8ea8-05178d49f789/click' to command name 'click'
[debug] &amp#27;[35m[WD Proxy]&amp#27;[39m Proxying [POST /element/618f54f8-3ece-49d9-8ea8-05178d49f789/click] to [POST http://127.0.0.1:10001/wd/hub/session/dff51be2-33f9-4ee4-9367-e47fcd54ec21/element/618f54f8-3ece-49d9-8ea8-05178d49f789/click] with body: {"element":"618f54f8-3ece-49d9-8ea8-05178d49f789"}
[debug] &amp#27;[35m[WD Proxy]&amp#27;[39m Got response with status 200: {"sessionId":"dff51be2-33f9-4ee4-9367-e47fcd54ec21","value":null}
[debug] &amp#27;[35m[W3C (059cff38)]&amp#27;[39m Responding to client with driver.click() result: null
&amp#27;[35m[HTTP]&amp#27;[39m &amp#27;[37m<-- POST /wd/hub/session/059cff38-23c6-4ec1-b668-a2ef75d16654/element/618f54f8-3ece-49d9-8ea8-05178d49f789/click &amp#27;[39m&amp#27;[32m200&amp#27;[39m &amp#27;[90m49 ms - 14&amp#27;[39m
&amp#27;[35m[HTTP]&amp#27;[39m &amp#27;[90m&amp#27;[39m
  And Tap on the Login button                                                                           # com.qa.stepdef.LogInStepDef.tapOnTheLoginButton()
&amp#27;[35m[HTTP]&amp#27;[39m &amp#27;[37m-->&amp#27;[39m &amp#27;[37mGET&amp#27;[39m &amp#27;[37m/wd/hub/session/059cff38-23c6-4ec1-b668-a2ef75d16654/context&amp#27;[39m
&amp#27;[35m[HTTP]&amp#27;[39m &amp#27;[90m{}&amp#27;[39m
[debug] &amp#27;[35m[W3C (059cff38)]&amp#27;[39m Calling AppiumDriver.getCurrentContext() with args: ["059cff38-23c6-4ec1-b668-a2ef75d16654"]
[debug] &amp#27;[35m[W3C (059cff38)]&amp#27;[39m Responding to client with driver.getCurrentContext() result: "NATIVE_APP"
&amp#27;[35m[HTTP]&amp#27;[39m &amp#27;[37m<-- GET /wd/hub/session/059cff38-23c6-4ec1-b668-a2ef75d16654/context &amp#27;[39m&amp#27;[32m200&amp#27;[39m &amp#27;[90m3 ms - 22&amp#27;[39m
&amp#27;[35m[HTTP]&amp#27;[39m &amp#27;[90m&amp#27;[39m
&amp#27;[35m[HTTP]&amp#27;[39m &amp#27;[37m-->&amp#27;[39m &amp#27;[37mPOST&amp#27;[39m &amp#27;[37m/wd/hub/session/059cff38-23c6-4ec1-b668-a2ef75d16654/element&amp#27;[39m
&amp#27;[35m[HTTP]&amp#27;[39m &amp#27;[90m{"using":"xpath","value":"//android.view.ViewGroup[@content-desc=\"test-Error message\"]/android.widget.TextView"}&amp#27;[39m
[debug] &amp#27;[35m[W3C (059cff38)]&amp#27;[39m Calling AppiumDriver.findElement() with args: ["xpath","//android.view.ViewGroup[@content-desc=\"test-Error message\"]/android.widget.TextView","059cff38-23c6-4ec1-b668-a2ef75d16654"]
[debug] &amp#27;[35m[BaseDriver]&amp#27;[39m Valid locator strategies for this request: xpath, id, class name, accessibility id, css selector, -android uiautomator
[debug] &amp#27;[35m[BaseDriver]&amp#27;[39m Waiting up to 0 ms for condition
[debug] &amp#27;[35m[WD Proxy]&amp#27;[39m Matched '/element' to command name 'findElement'
[debug] &amp#27;[35m[WD Proxy]&amp#27;[39m Proxying [POST /element] to [POST http://127.0.0.1:10001/wd/hub/session/dff51be2-33f9-4ee4-9367-e47fcd54ec21/element] with body: {"strategy":"xpath","selector":"//android.view.ViewGroup[@content-desc=\"test-Error message\"]/android.widget.TextView","context":"","multiple":false}
[debug] &amp#27;[35m[WD Proxy]&amp#27;[39m Got response with status 200: {"sessionId":"dff51be2-33f9-4ee4-9367-e47fcd54ec21","value":{"ELEMENT":"c035525d-49db-4f8e-9105-5af6f78c3ffa","element-6066-11e4-a52e-4f735466cecf":"c035525d-49db-4f8e-9105-5af6f78c3ffa"}}
[debug] &amp#27;[35m[W3C (059cff38)]&amp#27;[39m Responding to client with driver.findElement() result: {"element-6066-11e4-a52e-4f735466cecf":"c035525d-49db-4f8e-9105-5af6f78c3ffa","ELEMENT":"c035525d-49db-4f8e-9105-5af6f78c3ffa"}
&amp#27;[35m[HTTP]&amp#27;[39m &amp#27;[37m<-- POST /wd/hub/session/059cff38-23c6-4ec1-b668-a2ef75d16654/element &amp#27;[39m&amp#27;[32m200&amp#27;[39m &amp#27;[90m4208 ms - 137&amp#27;[39m
&amp#27;[35m[HTTP]&amp#27;[39m &amp#27;[90m&amp#27;[39m
&amp#27;[35m[HTTP]&amp#27;[39m &amp#27;[37m-->&amp#27;[39m &amp#27;[37mGET&amp#27;[39m &amp#27;[37m/wd/hub/session/059cff38-23c6-4ec1-b668-a2ef75d16654/element/c035525d-49db-4f8e-9105-5af6f78c3ffa/displayed&amp#27;[39m
&amp#27;[35m[HTTP]&amp#27;[39m &amp#27;[90m{}&amp#27;[39m
[debug] &amp#27;[35m[W3C (059cff38)]&amp#27;[39m Calling AppiumDriver.elementDisplayed() with args: ["c035525d-49db-4f8e-9105-5af6f78c3ffa","059cff38-23c6-4ec1-b668-a2ef75d16654"]
[debug] &amp#27;[35m[WD Proxy]&amp#27;[39m Matched '/element/c035525d-49db-4f8e-9105-5af6f78c3ffa/attribute/displayed' to command name 'getAttribute'
[debug] &amp#27;[35m[WD Proxy]&amp#27;[39m Proxying [GET /element/c035525d-49db-4f8e-9105-5af6f78c3ffa/attribute/displayed] to [GET http://127.0.0.1:10001/wd/hub/session/dff51be2-33f9-4ee4-9367-e47fcd54ec21/element/c035525d-49db-4f8e-9105-5af6f78c3ffa/attribute/displayed] with no body
[debug] &amp#27;[35m[WD Proxy]&amp#27;[39m Got response with status 200: {"sessionId":"dff51be2-33f9-4ee4-9367-e47fcd54ec21","value":"true"}
[debug] &amp#27;[35m[W3C (059cff38)]&amp#27;[39m Responding to client with driver.elementDisplayed() result: true
&amp#27;[35m[HTTP]&amp#27;[39m &amp#27;[37m<-- GET /wd/hub/session/059cff38-23c6-4ec1-b668-a2ef75d16654/element/c035525d-49db-4f8e-9105-5af6f78c3ffa/displayed &amp#27;[39m&amp#27;[32m200&amp#27;[39m &amp#27;[90m40 ms - 14&amp#27;[39m
&amp#27;[35m[HTTP]&amp#27;[39m &amp#27;[90m&amp#27;[39m
&amp#27;[35m[HTTP]&amp#27;[39m &amp#27;[37m-->&amp#27;[39m &amp#27;[37mGET&amp#27;[39m &amp#27;[37m/wd/hub/session/059cff38-23c6-4ec1-b668-a2ef75d16654/context&amp#27;[39m
&amp#27;[35m[HTTP]&amp#27;[39m &amp#27;[90m{}&amp#27;[39m
[debug] &amp#27;[35m[W3C (059cff38)]&amp#27;[39m Calling AppiumDriver.getCurrentContext() with args: ["059cff38-23c6-4ec1-b668-a2ef75d16654"]
[debug] &amp#27;[35m[W3C (059cff38)]&amp#27;[39m Responding to client with driver.getCurrentContext() result: "NATIVE_APP"
&amp#27;[35m[HTTP]&amp#27;[39m &amp#27;[37m<-- GET /wd/hub/session/059cff38-23c6-4ec1-b668-a2ef75d16654/context &amp#27;[39m&amp#27;[32m200&amp#27;[39m &amp#27;[90m6 ms - 22&amp#27;[39m
&amp#27;[35m[HTTP]&amp#27;[39m &amp#27;[90m&amp#27;[39m
&amp#27;[35m[HTTP]&amp#27;[39m &amp#27;[37m-->&amp#27;[39m &amp#27;[37mPOST&amp#27;[39m &amp#27;[37m/wd/hub/session/059cff38-23c6-4ec1-b668-a2ef75d16654/element&amp#27;[39m
&amp#27;[35m[HTTP]&amp#27;[39m &amp#27;[90m{"using":"xpath","value":"//android.view.ViewGroup[@content-desc=\"test-Error message\"]/android.widget.TextView"}&amp#27;[39m
[debug] &amp#27;[35m[W3C (059cff38)]&amp#27;[39m Calling AppiumDriver.findElement() with args: ["xpath","//android.view.ViewGroup[@content-desc=\"test-Error message\"]/android.widget.TextView","059cff38-23c6-4ec1-b668-a2ef75d16654"]
[debug] &amp#27;[35m[BaseDriver]&amp#27;[39m Valid locator strategies for this request: xpath, id, class name, accessibility id, css selector, -android uiautomator
[debug] &amp#27;[35m[BaseDriver]&amp#27;[39m Waiting up to 0 ms for condition
[debug] &amp#27;[35m[WD Proxy]&amp#27;[39m Matched '/element' to command name 'findElement'
[debug] &amp#27;[35m[WD Proxy]&amp#27;[39m Proxying [POST /element] to [POST http://127.0.0.1:10001/wd/hub/session/dff51be2-33f9-4ee4-9367-e47fcd54ec21/element] with body: {"strategy":"xpath","selector":"//android.view.ViewGroup[@content-desc=\"test-Error message\"]/android.widget.TextView","context":"","multiple":false}
[debug] &amp#27;[35m[WD Proxy]&amp#27;[39m Got response with status 200: {"sessionId":"dff51be2-33f9-4ee4-9367-e47fcd54ec21","value":{"ELEMENT":"eab40df6-ae04-40e7-a7b5-eb904f2363f1","element-6066-11e4-a52e-4f735466cecf":"eab40df6-ae04-40e7-a7b5-eb904f2363f1"}}
[debug] &amp#27;[35m[W3C (059cff38)]&amp#27;[39m Responding to client with driver.findElement() result: {"element-6066-11e4-a52e-4f735466cecf":"eab40df6-ae04-40e7-a7b5-eb904f2363f1","ELEMENT":"eab40df6-ae04-40e7-a7b5-eb904f2363f1"}
&amp#27;[35m[HTTP]&amp#27;[39m &amp#27;[37m<-- POST /wd/hub/session/059cff38-23c6-4ec1-b668-a2ef75d16654/element &amp#27;[39m&amp#27;[32m200&amp#27;[39m &amp#27;[90m104 ms - 137&amp#27;[39m
&amp#27;[35m[HTTP]&amp#27;[39m &amp#27;[90m&amp#27;[39m
&amp#27;[35m[HTTP]&amp#27;[39m &amp#27;[37m-->&amp#27;[39m &amp#27;[37mGET&amp#27;[39m &amp#27;[37m/wd/hub/session/059cff38-23c6-4ec1-b668-a2ef75d16654/element/eab40df6-ae04-40e7-a7b5-eb904f2363f1/attribute/text&amp#27;[39m
&amp#27;[35m[HTTP]&amp#27;[39m &amp#27;[90m{}&amp#27;[39m
[debug] &amp#27;[35m[W3C (059cff38)]&amp#27;[39m Calling AppiumDriver.getAttribute() with args: ["text","eab40df6-ae04-40e7-a7b5-eb904f2363f1","059cff38-23c6-4ec1-b668-a2ef75d16654"]
[debug] &amp#27;[35m[WD Proxy]&amp#27;[39m Matched '/element/eab40df6-ae04-40e7-a7b5-eb904f2363f1/attribute/text' to command name 'getAttribute'
[debug] &amp#27;[35m[WD Proxy]&amp#27;[39m Proxying [GET /element/eab40df6-ae04-40e7-a7b5-eb904f2363f1/attribute/text] to [GET http://127.0.0.1:10001/wd/hub/session/dff51be2-33f9-4ee4-9367-e47fcd54ec21/element/eab40df6-ae04-40e7-a7b5-eb904f2363f1/attribute/text] with no body
[debug] &amp#27;[35m[WD Proxy]&amp#27;[39m Got response with status 200: {"sessionId":"dff51be2-33f9-4ee4-9367-e47fcd54ec21","value":"Username and password do not match any user in this service."}
[debug] &amp#27;[35m[W3C (059cff38)]&amp#27;[39m Responding to client with driver.getAttribute() result: "Username and password do not match any user in this service."
&amp#27;[35m[HTTP]&amp#27;[39m &amp#27;[37m<-- GET /wd/hub/session/059cff38-23c6-4ec1-b668-a2ef75d16654/element/eab40df6-ae04-40e7-a7b5-eb904f2363f1/attribute/text &amp#27;[39m&amp#27;[32m200&amp#27;[39m &amp#27;[90m19 ms - 72&amp#27;[39m
&amp#27;[35m[HTTP]&amp#27;[39m &amp#27;[90m&amp#27;[39m
[INFO ] 2021-06-21 17:56:48.429 com.qa.pages.BasePage:100 - error text is - Username and password do not match any user in this service.
  Then the "ggUsername and password do not match any user in this service." message should be displayed # com.qa.stepdef.LogInStepDef.theMessageShouldBeDisplayed(java.lang.String)
      org.junit.ComparisonFailure: expected:<[]Username and passwor...> but was:<[gg]Username and passwor...>
	at org.junit.Assert.assertEquals(Assert.java:115)
	at org.junit.Assert.assertEquals(Assert.java:144)
	at com.qa.stepdef.LogInStepDef.theMessageShouldBeDisplayed(LogInStepDef.java:34)
	at âœ½.the "ggUsername and password do not match any user in this service." message should be displayed(file:///C:/Users/Qadir/eclipse-workspace/Selenium%20Udemy/CucumberFramework-%20TestNG/src/test/resources/Login.feature:7)

&amp#27;[35m[HTTP]&amp#27;[39m &amp#27;[37m-->&amp#27;[39m &amp#27;[37mGET&amp#27;[39m &amp#27;[37m/wd/hub/session/059cff38-23c6-4ec1-b668-a2ef75d16654/screenshot&amp#27;[39m
&amp#27;[35m[HTTP]&amp#27;[39m &amp#27;[90m{}&amp#27;[39m
[debug] &amp#27;[35m[W3C (059cff38)]&amp#27;[39m Calling AppiumDriver.getScreenshot() with args: ["059cff38-23c6-4ec1-b668-a2ef75d16654"]
[debug] &amp#27;[35m[WD Proxy]&amp#27;[39m Matched '/screenshot' to command name 'getScreenshot'
[debug] &amp#27;[35m[WD Proxy]&amp#27;[39m Proxying [GET /screenshot] to [GET http://127.0.0.1:10001/wd/hub/session/dff51be2-33f9-4ee4-9367-e47fcd54ec21/screenshot] with no body
[debug] &amp#27;[35m[WD Proxy]&amp#27;[39m Got response with status 200: {"sessionId":"dff51be2-33f9-4ee4-9367-e47fcd54ec21","value":"iVBORw0KGgoAAAANSUhEUgAABaAAAAvgCAYAAAD3x5X5AAAABHNCSVQICAgIfAhkiAAAIABJREFU\neJzs3Xtw3XWd+P/XObknTa+UFlraYqH0AkVuliKFSoUVkbEKuMs67qzsuI474y44MrMsKurs4Ox+\nx3F3VnfUXQRR65XFCyAoWEqhtMit3NpCKb239Eabtrknn98fneRHae457yQNj8cMI5yc8/m80jaJ\nfead9zt38803ZwEAAAAAAAWWH+wBAAAAAAAYngRoAAAAAACSEKABAAAAAEhCgAYAAAAAIAkBGgAA\nAACAJARoAAAAAACSEKABAAAAAEhCgAYAAAAAIAkBGgAAAACAJARoAAAAAACSEKABAAAAAEhCgAYA\nAAAAIAkBGgAAAACAJARoAAAAAACSEKABAAAAAEhCgAYAAAAAIAkBGgAAAACAJARoAAAAAACSEKAB\nAAAAAEhCgAYAAAAAIAkBGgAAAACAJARoAAAAAACSEKABAAAAAEhCgAYAAAAAIAkBGgAAAACAJARo\nAAAAAACSEKABAAAAAEhCgAYAAAAAIAkBGgAAAACAJARoAAAAAACSEKABAAAAAEhCgAYAAAAAIAkB\nGgAAAACAJARoAAAAAACSEKABAAAAAEhCgAYAAAAAIAkBGgAAAACAJARoAAAAAACSEKABAAAAAEhC\ngAYAAAAAIAkBGgAAAACAJARoAAAAAACSEKABAAAAAEhCgAYAAAAAIAkBGgAAAACAJARoAAAAAACS\nEKABAAAAAEhCgAYAAAAAIAkBGgAAAACAJARoAAAAAACSEKABAAAAAEhCgAYAAAAAIAkBGgAAAACA\nJARoAAAAAACSEKABAAAAAEhCgAYAAAAAIAkBGgAAAACAJARoAAAAAACSEKABAAAAAEiieLAHAIaf\nXC4XI0eOjNmzZ8dZZ50VJ598...
[debug] &amp#27;[35m[W3C (059cff38)]&amp#27;[39m Responding to client with driver.getScreenshot() result: "iVBORw0KGgoAAAANSUhEUgAABaAAAAvgCAYAAAD3x5X5AAAABHNCSVQICAgIfAhkiAAAIABJREFU\neJzs3Xtw3XWd+P/XObknTa+UFlraYqH0AkVuliKFSoUVkbEKuMs67qzsuI474y44MrMsKurs4Ox+\nx3F3VnfUXQRR65XFCyAoWEqhtMit3NpCKb239Eabtrknn98fneRHae457yQNj8cMI5yc8/m80jaJ\nfead9zt38803ZwEAAAAAAAWWH+wBAAAAAAAYngRoAAAAAACSEKABAAAAAEhCgAYAAAAAIAkBGgAA\nAACAJARoAAAAAACSEKABAAAAAEhCgAYAAAAAIAkBGgAAAACAJARoAAAAAACSEKABAAAAAEhCgAYA\nAAAAIAkBGgAAAACAJARoAAAAAACSEKABAAAAAEhCgAYAAAAAIAkBGgAAAACAJARoAAAAAACSEKAB\nAAAAAEhCgAYAAAAAIAkBGgAAAACAJARoAAAAAACSEKABAAAAAEhCgAYAAAAAIAkBGgAAAACAJARo\nAAAAAACSEKABAAAAAEhCgAYAAAAAIAkBGgAAAACAJARoAAAAAACSEKABAAAAAEhCgAYAAAAAIAkB\nGgAAAACAJARoAAAAAACSEKABAAAAAEhCgAYAAAAAIAkBGgAAAACAJARoAAAAAACSEKABAAAAAEhC\ngAYAAAAAIAkBGgAAAACAJARoAAAAAACSEKABAAAAAEhCgAYAAAAAIAkBGgAAAACAJARoAAAAAACS\nEKABAAAAAEhCgAYAAAAAIAkBGgAAAACAJARoAAAAAACSEKABAAAAAEhCgAYAAAAAIAkBGgAAAACA\nJARoAAAAAACSEKABAAAAAEhCgAYAAAAAIAkBGgAAAACAJARoAAAAAACSEKABAAAAAEiieLAHAIaf\nXC4XI0eOjNmzZ8dZZ50VJ598clRUVHT6/AMHDsSWLVviueeei9dffz3q6+sjy7IBnBgAAACAFARo\noCByuV...
&amp#27;[35m[HTTP]&amp#27;[39m &amp#27;[37m<-- GET /wd/hub/session/059cff38-23c6-4ec1-b668-a2ef75d16654/screenshot &amp#27;[39m&amp#27;[32m200&amp#27;[39m &amp#27;[90m1017 ms - 483322&amp#27;[39m
&amp#27;[35m[HTTP]&amp#27;[39m &amp#27;[90m&amp#27;[39m

    Embedding Login with invalid user name [image/png 353187 bytes]

&amp#27;[35m[HTTP]&amp#27;[39m &amp#27;[37m-->&amp#27;[39m &amp#27;[37mPOST&amp#27;[39m &amp#27;[37m/wd/hub/session/059cff38-23c6-4ec1-b668-a2ef75d16654/appium/stop_recording_screen&amp#27;[39m
&amp#27;[35m[HTTP]&amp#27;[39m &amp#27;[90m{}&amp#27;[39m
[debug] &amp#27;[35m[W3C (059cff38)]&amp#27;[39m Calling AppiumDriver.stopRecordingScreen() with args: [null,"059cff38-23c6-4ec1-b668-a2ef75d16654"]
[debug] &amp#27;[35m[ADB]&amp#27;[39m Getting IDs of all 'screenrecord' processes
[debug] &amp#27;[35m[ADB]&amp#27;[39m Running 'C:\Users\Qadir\AppData\Local\Android\Sdk\platform-tools\adb.exe -P 5037 -s emulator-5554 shell pgrep -f \(\[\[:blank:\]\]\|\^\)screenrecord\(\[\[:blank:\]\]\|\$\)'
[debug] &amp#27;[35m[ADB]&amp#27;[39m Running 'C:\Users\Qadir\AppData\Local\Android\Sdk\platform-tools\adb.exe -P 5037 -s emulator-5554 pull /sdcard/be915396.mp4 C:\Users\Qadir\AppData\Local\Temp\2021521-12992-14nv1db.eslw\be915396.mp4'
[debug] &amp#27;[35m[ADB]&amp#27;[39m Running 'C:\Users\Qadir\AppData\Local\Android\Sdk\platform-tools\adb.exe -P 5037 -s emulator-5554 shell rm -rf /sdcard/be915396.mp4'
[debug] &amp#27;[35m[AndroidDriver]&amp#27;[39m The size of the resulting screen recording is 0 B
[debug] &amp#27;[35m[W3C (059cff38)]&amp#27;[39m Responding to client with driver.stopRecordingScreen() result: ""
&amp#27;[35m[HTTP]&amp#27;[39m &amp#27;[37m<-- POST /wd/hub/session/059cff38-23c6-4ec1-b668-a2ef75d16654/appium/stop_recording_screen &amp#27;[39m&amp#27;[32m200&amp#27;[39m &amp#27;[90m397 ms - 12&amp#27;[39m
&amp#27;[35m[HTTP]&amp#27;[39m &amp#27;[90m&amp#27;[39m
[INFO ] 2021-06-21 17:56:49.961 com.qa.utils.VideoManager:36 - video path: Android_Android_Pixel4\Videos\Login with invalid user name.mp4
]]></system-out>
    <system-err><![CDATA[Jun 21, 2021 5:56:25 PM net.masterthought.cucumber.ReportParser parseJsonFiles
INFO: File 'C:\Users\Qadir\AppData\Local\Temp\cucumber4146751112310201226.json' contains 1 features
┌───────────────────────────────────────────────────────────────────────────────────┐
│ Share your Cucumber Report with your team at https://reports.cucumber.io          │
│ Activate publishing with one of the following:                                    │
│                                                                                   │
│ src/test/resources/cucumber.properties:          cucumber.publish.enabled=true    │
│ src/test/resources/junit-platform.properties:    cucumber.publish.enabled=true    │
│ Environment variable:                            CUCUMBER_PUBLISH_ENABLED=true    │
│ JUnit:                                           @CucumberOptions(publish = true) │
│                                                                                   │
│ More information at https://reports.cucumber.io/docs/cucumber-jvm                 │
│                                                                                   │
│ Disable this message with one of the following:                                   │
│                                                                                   │
│ src/test/resources/cucumber.properties:          cucumber.publish.quiet=true      │
│ src/test/resources/junit-platform.properties:    cucumber.publish.quiet=true      │
└───────────────────────────────────────────────────────────────────────────────────┘
Jun 21, 2021 5:56:32 PM io.appium.java_client.remote.AppiumCommandExecutor$1 lambda$0
INFO: Detected dialect: W3C
]]></system-err>
  </testcase>
</testsuite>